<?xml version="1.0" encoding="utf-8"?>
<TestRun id="352b05bf-f92c-4ce0-a268-f479fd86a466" name="Luke@HEIMDALLR 2026-03-10 10:11:47" runUser="HEIMDALLR\Luke" xmlns="http://microsoft.com/schemas/VisualStudio/TeamTest/2010">
  <Times creation="2026-03-10T10:11:47.2650684+11:00" queuing="2026-03-10T10:11:47.2650686+11:00" start="2026-03-10T10:11:46.5589021+11:00" finish="2026-03-10T10:13:11.1115878+11:00" />
  <TestSettings name="default" id="29f2b7da-25e2-403c-8dc3-3735ef36d87d">
    <Deployment runDeploymentRoot="Luke_HEIMDALLR_2026-03-10_10_11_47" />
  </TestSettings>
  <Results>
    <UnitTestResult executionId="b13e0377-5825-4e0f-a594-9abacd9884fa" testId="5a84f82f-f46b-79f1-2640-4656c9704609" testName="Test_SimpleSentence" computerName="HEIMDALLR" duration="00:00:00.0001539" startTime="2026-03-10T10:12:02.7410488+11:00" endTime="2026-03-10T10:12:02.7412536+11:00" testType="13cdc9d9-ddb5-4fa4-a97d-d965ccfc6d4b" outcome="Passed" testListId="8c84fa94-04c1-424b-9868-57a2d4851a1d" relativeResultsDirectory="b13e0377-5825-4e0f-a594-9abacd9884fa" />
    <UnitTestResult executionId="4b484b1c-9342-47ab-b37e-62f5cc1c84e2" testId="5ef41ed0-7448-1d4d-9ef3-43ce3e15e7a0" testName="Strip_RemovesChars" computerName="HEIMDALLR" duration="00:00:00.0006337" startTime="2026-03-10T10:12:02.1232637+11:00" endTime="2026-03-10T10:12:02.1239518+11:00" testType="13cdc9d9-ddb5-4fa4-a97d-d965ccfc6d4b" outcome="Passed" testListId="8c84fa94-04c1-424b-9868-57a2d4851a1d" relativeResultsDirectory="4b484b1c-9342-47ab-b37e-62f5cc1c84e2" />
    <UnitTestResult executionId="f7673af8-c354-4e39-a3fe-649be4834261" testId="d3f5436c-c36d-ab0b-d88f-286ff0806b2e" testName="TestBetterRandomRNG" computerName="HEIMDALLR" duration="00:00:00.0193066" startTime="2026-03-10T10:11:48.1951204+11:00" endTime="2026-03-10T10:11:48.2145011+11:00" testType="13cdc9d9-ddb5-4fa4-a97d-d965ccfc6d4b" outcome="Passed" testListId="8c84fa94-04c1-424b-9868-57a2d4851a1d" relativeResultsDirectory="f7673af8-c354-4e39-a3fe-649be4834261" />
    <UnitTestResult executionId="ec54cd1e-0a33-4439-9a09-4c90f04237a0" testId="cd244495-431b-30ea-1f51-7251941d770f" testName="WeatherSeeder_HotAndMonsoonalContinentalKoppenProfiles_RemainWithinBroadReferenceBounds (ClimateExpectation { RegionalClimateName = Hot Summer Dry-Summer Continental Northern Hemisphere, ControllerName = Seeded Hot Summer Dry-Summer Continental, AnnualWetMin = 8, AnnualWetMax = 25, WinterWetMin = 18, WinterWetMax = 40, SummerWetMin = 0, SummerWetMax = 14, AutumnWetMin = 5, AutumnWetMax = 30, AnnualSnowMin = 1, AnnualSnowMax = 5, WinterSnowMin = 3, WinterSnowMax = 15, AnnualGaleOrWorseMax = 3, AnnualHurricaneOrWorseMax = 0.25, AnnualBreezeOrCalmerMin = 80, MidWinterMin = -2, MidWinterMax = 4, MidSummerMin = 25, MidSummerMax = 30, MidAutumnMin = 12, MidAutumnMax = 19 })" computerName="HEIMDALLR" duration="00:00:00.8223596" startTime="2026-03-10T10:13:02.4808068+11:00" endTime="2026-03-10T10:13:05.7943317+11:00" testType="13cdc9d9-ddb5-4fa4-a97d-d965ccfc6d4b" outcome="Passed" testListId="8c84fa94-04c1-424b-9868-57a2d4851a1d" relativeResultsDirectory="ec54cd1e-0a33-4439-9a09-4c90f04237a0" />
    <UnitTestResult executionId="fe191537-bde3-4d08-89db-f11ffc5e26c6" testId="c99a7e5b-303f-00a9-e453-3c8d913b4946" testName="GetWeightedRandom_TupleInt_BiasesSelection" computerName="HEIMDALLR" duration="00:00:00.0051203" startTime="2026-03-10T10:12:01.8770264+11:00" endTime="2026-03-10T10:12:01.8822701+11:00" testType="13cdc9d9-ddb5-4fa4-a97d-d965ccfc6d4b" outcome="Passed" testListId="8c84fa94-04c1-424b-9868-57a2d4851a1d" relativeResultsDirectory="fe191537-bde3-4d08-89db-f11ffc5e26c6" />
    <UnitTestResult executionId="1ddebb0f-1ae2-4126-971f-a973b11ff2ca" testId="f5b04c9f-a691-c311-2d26-0d4b76884990" testName="TestListToStringPerformance" computerName="HEIMDALLR" duration="00:00:00.5466306" startTime="2026-03-10T10:12:02.1768838+11:00" endTime="2026-03-10T10:12:02.7235861+11:00" testType="13cdc9d9-ddb5-4fa4-a97d-d965ccfc6d4b" outcome="Passed" testListId="8c84fa94-04c1-424b-9868-57a2d4851a1d" relativeResultsDirectory="1ddebb0f-1ae2-4126-971f-a973b11ff2ca">
      <Output>
        <StdOut>Debug Trace:
ListToString duration: 142 ticks, 0ms&#xD;
ListToCompactString duration: 266 ticks, 0ms</StdOut>
      </Output>
    </UnitTestResult>
    <UnitTestResult executionId="eda795a9-06c8-4cb2-a7d9-008f72c6254d" testId="ed3b41b9-a82b-f964-a530-44841d3554bf" testName="GetDateOrder_MixedSpecifiersAndLiterals_ReturnsExpected" computerName="HEIMDALLR" duration="00:00:00.0002494" startTime="2026-03-10T10:12:02.9758398+11:00" endTime="2026-03-10T10:12:02.9762137+11:00" testType="13cdc9d9-ddb5-4fa4-a97d-d965ccfc6d4b" outcome="Passed" testListId="8c84fa94-04c1-424b-9868-57a2d4851a1d" relativeResultsDirectory="eda795a9-06c8-4cb2-a7d9-008f72c6254d" />
    <UnitTestResult executionId="026f9718-b6ac-4db8-8cdf-a9e9d798b64e" testId="32d72e1c-4cc1-93a2-95c1-e969869d73eb" testName="FluentAppend_AppendsWhenTrue" computerName="HEIMDALLR" duration="00:00:00.0001384" startTime="2026-03-10T10:12:02.1161855+11:00" endTime="2026-03-10T10:12:02.1163832+11:00" testType="13cdc9d9-ddb5-4fa4-a97d-d965ccfc6d4b" outcome="Passed" testListId="8c84fa94-04c1-424b-9868-57a2d4851a1d" relativeResultsDirectory="026f9718-b6ac-4db8-8cdf-a9e9d798b64e" />
    <UnitTestResult executionId="0e3e66e3-7597-4011-884b-c8c52e9aa0f0" testId="9b2f149c-b1b8-59d0-5c3a-ab42ec36243a" testName="ParseCharacteristicsAbsolute_AAnSubstitution" computerName="HEIMDALLR" duration="00:00:00.0106904" startTime="2026-03-10T10:11:48.0641058+11:00" endTime="2026-03-10T10:11:48.0748865+11:00" testType="13cdc9d9-ddb5-4fa4-a97d-d965ccfc6d4b" outcome="Passed" testListId="8c84fa94-04c1-424b-9868-57a2d4851a1d" relativeResultsDirectory="0e3e66e3-7597-4011-884b-c8c52e9aa0f0" />
    <UnitTestResult executionId="43c2bd7e-97ac-48e5-8358-28681ef86745" testId="267b7584-4e61-ea42-f4f7-daa1a0261358" testName="UnblockPayouts_FundsBlockedPayout_AndLeavesCollectible" computerName="HEIMDALLR" duration="00:00:00.0117822" startTime="2026-03-10T10:13:10.5026568+11:00" endTime="2026-03-10T10:13:10.5144794+11:00" testType="13cdc9d9-ddb5-4fa4-a97d-d965ccfc6d4b" outcome="Passed" testListId="8c84fa94-04c1-424b-9868-57a2d4851a1d" relativeResultsDirectory="43c2bd7e-97ac-48e5-8358-28681ef86745" />
    <UnitTestResult executionId="9005043e-fa34-455a-8c20-639172204e1c" testId="12bdc9a4-ba9e-1d75-329e-a2ab095d72f0" testName="TryInterpretAttentionClassifierOutputForTesting_InvalidText_LogsError" computerName="HEIMDALLR" duration="00:00:00.0012364" startTime="2026-03-10T10:11:48.0108105+11:00" endTime="2026-03-10T10:11:48.0120904+11:00" testType="13cdc9d9-ddb5-4fa4-a97d-d965ccfc6d4b" outcome="Passed" testListId="8c84fa94-04c1-424b-9868-57a2d4851a1d" relativeResultsDirectory="9005043e-fa34-455a-8c20-639172204e1c">
      <Output>
        <StdOut>GPT Error
Storyteller 1: Attention classifier contract violation: Attention classifier output was not valid JSON: 'i' is an invalid start of a value. LineNumber: 0 | BytePositionInLine: 0.</StdOut>
      </Output>
    </UnitTestResult>
    <UnitTestResult executionId="fc87c7cd-98ff-4e67-9271-42a9f9618a05" testId="158e3576-4862-c737-81bc-d306ec3a1088" testName="TestModulus" computerName="HEIMDALLR" duration="00:00:00.0003076" startTime="2026-03-10T10:11:49.0204582+11:00" endTime="2026-03-10T10:11:49.0208877+11:00" testType="13cdc9d9-ddb5-4fa4-a97d-d965ccfc6d4b" outcome="Passed" testListId="8c84fa94-04c1-424b-9868-57a2d4851a1d" relativeResultsDirectory="fc87c7cd-98ff-4e67-9271-42a9f9618a05" />
    <UnitTestResult executionId="3714ec08-fcb7-4a61-8396-a18bb94cffbf" testId="16b0371b-a8b9-a03f-76f0-9f424959a1e5" testName="FindSequenceConsecutive_SizeLargerThanSource_ReturnsEmpty" computerName="HEIMDALLR" duration="00:00:00.0019732" startTime="2026-03-10T10:11:48.1100082+11:00" endTime="2026-03-10T10:11:48.1120391+11:00" testType="13cdc9d9-ddb5-4fa4-a97d-d965ccfc6d4b" outcome="Passed" testListId="8c84fa94-04c1-424b-9868-57a2d4851a1d" relativeResultsDirectory="3714ec08-fcb7-4a61-8396-a18bb94cffbf" />
    <UnitTestResult executionId="a60e5dcd-2a6c-4c6e-bddb-c8987b790795" testId="9c0d2568-9c94-0c1c-ba59-fc586116b9c8" testName="CanObserve_WhenNoObservationRoomsConfigured_ReturnsFalse" computerName="HEIMDALLR" duration="00:00:00.0008644" startTime="2026-03-10T10:13:10.6642651+11:00" endTime="2026-03-10T10:13:10.6651580+11:00" testType="13cdc9d9-ddb5-4fa4-a97d-d965ccfc6d4b" outcome="Passed" testListId="8c84fa94-04c1-424b-9868-57a2d4851a1d" relativeResultsDirectory="a60e5dcd-2a6c-4c6e-bddb-c8987b790795" />
    <UnitTestResult executionId="241fb6aa-d78d-407c-83c0-fd3a61832b88" testId="1448cbfe-1853-6530-8732-9aea90bf5519" testName="PlaceBet_FixedOdds_CreatesBetAndCreditsArena" computerName="HEIMDALLR" duration="00:00:00.0806237" startTime="2026-03-10T10:13:10.0378849+11:00" endTime="2026-03-10T10:13:10.1185726+11:00" testType="13cdc9d9-ddb5-4fa4-a97d-d965ccfc6d4b" outcome="Passed" testListId="8c84fa94-04c1-424b-9868-57a2d4851a1d" relativeResultsDirectory="241fb6aa-d78d-407c-83c0-fd3a61832b88" />
    <UnitTestResult executionId="42b0449b-0a75-4acd-b673-802f07046318" testId="22c6fb90-eb08-916a-703a-d29e92252d35" testName="ExecuteFunctionCall_CustomToolOutfitItemConversion_ParsesAndExecutes" computerName="HEIMDALLR" duration="00:00:00.0068163" startTime="2026-03-10T10:11:47.4985870+11:00" endTime="2026-03-10T10:11:47.5054928+11:00" testType="13cdc9d9-ddb5-4fa4-a97d-d965ccfc6d4b" outcome="Passed" testListId="8c84fa94-04c1-424b-9868-57a2d4851a1d" relativeResultsDirectory="42b0449b-0a75-4acd-b673-802f07046318" />
    <UnitTestResult executionId="f07891c7-474b-4f0b-b91a-e178cd58d089" testId="bc67b67d-1476-f5e9-4c26-f67b925368e1" testName="ParseTransitions_CurrentEventNodes_AreParsed" computerName="HEIMDALLR" duration="00:00:00.0001092" startTime="2026-03-10T10:13:10.0187849+11:00" endTime="2026-03-10T10:13:10.0189243+11:00" testType="13cdc9d9-ddb5-4fa4-a97d-d965ccfc6d4b" outcome="Passed" testListId="8c84fa94-04c1-424b-9868-57a2d4851a1d" relativeResultsDirectory="f07891c7-474b-4f0b-b91a-e178cd58d089" />
    <UnitTestResult executionId="7835388b-b33d-4ecb-96c6-9eeca29ea255" testId="6cf7fbee-95aa-7849-f53b-4b286d9cc486" testName="IComparableCompareTo_WithDoubleArgument" computerName="HEIMDALLR" duration="00:00:00.0006352" startTime="2026-03-10T10:12:03.0074619+11:00" endTime="2026-03-10T10:12:03.0081415+11:00" testType="13cdc9d9-ddb5-4fa4-a97d-d965ccfc6d4b" outcome="Passed" testListId="8c84fa94-04c1-424b-9868-57a2d4851a1d" relativeResultsDirectory="7835388b-b33d-4ecb-96c6-9eeca29ea255" />
    <UnitTestResult executionId="f9fd5159-172e-401c-915d-70d72038f00a" testId="faf349d8-0308-f59c-d080-bea189711ab4" testName="In_ReturnsExpectedResults" computerName="HEIMDALLR" duration="00:00:00.0008081" startTime="2026-03-10T10:12:02.9897094+11:00" endTime="2026-03-10T10:12:02.9905733+11:00" testType="13cdc9d9-ddb5-4fa4-a97d-d965ccfc6d4b" outcome="Passed" testListId="8c84fa94-04c1-424b-9868-57a2d4851a1d" relativeResultsDirectory="f9fd5159-172e-401c-915d-70d72038f00a" />
    <UnitTestResult executionId="160c806a-da93-41f1-a071-3ed94d35edc9" testId="40138918-b77e-fa41-5668-12d6bc6d4697" testName="WeatherSeeder_SevereContinentalKoppenProfiles_RemainWithinBroadReferenceBounds (ClimateExpectation { RegionalClimateName = Dry Winter Subarctic Northern Hemisphere, ControllerName = Seeded Dry Winter Subarctic, AnnualWetMin = 10, AnnualWetMax = 25, WinterWetMin = 1, WinterWetMax = 8, SummerWetMin = 18, SummerWetMax = 40, AutumnWetMin = 10, AutumnWetMax = 25, AnnualSnowMin = 1, AnnualSnowMax = 7, WinterSnowMin = 2, WinterSnowMax = 12, AnnualGaleOrWorseMax = 2.5, AnnualHurricaneOrWorseMax = 0.05, AnnualBreezeOrCalmerMin = 84, MidWinterMin = -23, MidWinterMax = -15, MidSummerMin = 16, MidSummerMax = 20, MidAutumnMin = -5, MidAutumnMax = 1 })" computerName="HEIMDALLR" duration="00:00:00.8311802" startTime="2026-03-10T10:13:05.7945773+11:00" endTime="2026-03-10T10:13:10.0080191+11:00" testType="13cdc9d9-ddb5-4fa4-a97d-d965ccfc6d4b" outcome="Passed" testListId="8c84fa94-04c1-424b-9868-57a2d4851a1d" relativeResultsDirectory="160c806a-da93-41f1-a071-3ed94d35edc9" />
    <UnitTestResult executionId="0a52e253-c24c-45a6-8280-17ad30554ce3" testId="39c6622b-6052-6fe2-9a3b-3e7e8369cf20" testName="TestSum2Int" computerName="HEIMDALLR" duration="00:00:00.0003238" startTime="2026-03-10T10:11:48.1404055+11:00" endTime="2026-03-10T10:11:48.1408772+11:00" testType="13cdc9d9-ddb5-4fa4-a97d-d965ccfc6d4b" outcome="Passed" testListId="8c84fa94-04c1-424b-9868-57a2d4851a1d" relativeResultsDirectory="0a52e253-c24c-45a6-8280-17ad30554ce3" />
    <UnitTestResult executionId="680f674d-7d3a-4b32-bb1c-ecc7b422dfb2" testId="a3bf3969-acce-f7b6-e7c7-612d8e55d08c" testName="IlluminationComplementMoon" computerName="HEIMDALLR" duration="00:00:00.0005388" startTime="2026-03-10T10:12:01.5619013+11:00" endTime="2026-03-10T10:12:01.5625039+11:00" testType="13cdc9d9-ddb5-4fa4-a97d-d965ccfc6d4b" outcome="Passed" testListId="8c84fa94-04c1-424b-9868-57a2d4851a1d" relativeResultsDirectory="680f674d-7d3a-4b32-bb1c-ecc7b422dfb2" />
    <UnitTestResult executionId="fad0b5cd-fbef-476a-a043-a09eb02cb091" testId="76ad680d-b8fd-cd02-de5e-92d425afc8ee" testName="SubstituteCheckTrait_SubstitutesAndFallsBack" computerName="HEIMDALLR" duration="00:00:00.0295390" startTime="2026-03-10T10:12:02.7610723+11:00" endTime="2026-03-10T10:12:02.7906822+11:00" testType="13cdc9d9-ddb5-4fa4-a97d-d965ccfc6d4b" outcome="Passed" testListId="8c84fa94-04c1-424b-9868-57a2d4851a1d" relativeResultsDirectory="fad0b5cd-fbef-476a-a043-a09eb02cb091" />
    <UnitTestResult executionId="69ef1d77-3913-475f-9641-c94ddb31dd7c" testId="3a374883-63fe-ab02-f0ce-853879820126" testName="TestRomanNumerals" computerName="HEIMDALLR" duration="00:00:00.0005749" startTime="2026-03-10T10:12:02.7403993+11:00" endTime="2026-03-10T10:12:02.7410269+11:00" testType="13cdc9d9-ddb5-4fa4-a97d-d965ccfc6d4b" outcome="Passed" testListId="8c84fa94-04c1-424b-9868-57a2d4851a1d" relativeResultsDirectory="69ef1d77-3913-475f-9641-c94ddb31dd7c" />
    <UnitTestResult executionId="ee033d21-096a-4753-a0ac-b6fe22fb83e5" testId="b9df9b51-1c8a-25f4-efe3-0c0be640548c" testName="ExecuteFunctionCall_UpdateSituation_InvokesUpdate" computerName="HEIMDALLR" duration="00:00:00.0149457" startTime="2026-03-10T10:11:47.4526894+11:00" endTime="2026-03-10T10:11:47.4677456+11:00" testType="13cdc9d9-ddb5-4fa4-a97d-d965ccfc6d4b" outcome="Passed" testListId="8c84fa94-04c1-424b-9868-57a2d4851a1d" relativeResultsDirectory="ee033d21-096a-4753-a0ac-b6fe22fb83e5" />
    <UnitTestResult executionId="05259cc9-c7db-4185-8dae-c15d2d6f99d0" testId="938e2bfa-957d-41fc-51f1-16d1522960e8" testName="Test_FirstAndLastWordsCapitalized" computerName="HEIMDALLR" duration="00:00:00.0001358" startTime="2026-03-10T10:12:02.7412769+11:00" endTime="2026-03-10T10:12:02.7414661+11:00" testType="13cdc9d9-ddb5-4fa4-a97d-d965ccfc6d4b" outcome="Passed" testListId="8c84fa94-04c1-424b-9868-57a2d4851a1d" relativeResultsDirectory="05259cc9-c7db-4185-8dae-c15d2d6f99d0" />
    <UnitTestResult executionId="d85cd117-dd10-4d40-b603-6825f4e9c8f9" testId="eec1c91b-56e6-849d-4f85-9a89e52c6575" testName="CanUseTool_FullConditionAndEnoughDurability_ReturnsTrue" computerName="HEIMDALLR" duration="00:00:00.0034667" startTime="2026-03-10T10:11:48.7974844+11:00" endTime="2026-03-10T10:11:48.8010416+11:00" testType="13cdc9d9-ddb5-4fa4-a97d-d965ccfc6d4b" outcome="Passed" testListId="8c84fa94-04c1-424b-9868-57a2d4851a1d" relativeResultsDirectory="d85cd117-dd10-4d40-b603-6825f4e9c8f9" />
    <UnitTestResult executionId="f49c5934-0327-4580-b92e-4bad5a1dec56" testId="9996fc1b-27e7-083f-ee61-80edd90682a5" testName="StripANSIColour_RemovesSequences" computerName="HEIMDALLR" duration="00:00:00.0001567" startTime="2026-03-10T10:12:02.7470198+11:00" endTime="2026-03-10T10:12:02.7472274+11:00" testType="13cdc9d9-ddb5-4fa4-a97d-d965ccfc6d4b" outcome="Passed" testListId="8c84fa94-04c1-424b-9868-57a2d4851a1d" relativeResultsDirectory="f49c5934-0327-4580-b92e-4bad5a1dec56" />
    <UnitTestResult executionId="8d3b0d28-9025-49b8-b4b3-b6493897bd16" testId="7d71ff42-9955-2b8f-6645-910d9b21dcaf" testName="Wrap_NoWrapPrefix_StripsPrefix" computerName="HEIMDALLR" duration="00:00:00.0001076" startTime="2026-03-10T10:12:02.1663619+11:00" endTime="2026-03-10T10:12:02.1665293+11:00" testType="13cdc9d9-ddb5-4fa4-a97d-d965ccfc6d4b" outcome="Passed" testListId="8c84fa94-04c1-424b-9868-57a2d4851a1d" relativeResultsDirectory="8d3b0d28-9025-49b8-b4b3-b6493897bd16" />
    <UnitTestResult executionId="70854b5a-fdfe-434e-927c-1d3b175c6fd5" testId="836ea1ba-34a4-5965-9002-9aefdb792ad8" testName="WeatherClimateUtilities_AdvanceTemperatureFluctuation_ZeroVarianceReturnsZero" computerName="HEIMDALLR" duration="00:00:00.0002953" startTime="2026-03-10T10:13:10.0155159+11:00" endTime="2026-03-10T10:13:10.0158409+11:00" testType="13cdc9d9-ddb5-4fa4-a97d-d965ccfc6d4b" outcome="Passed" testListId="8c84fa94-04c1-424b-9868-57a2d4851a1d" relativeResultsDirectory="70854b5a-fdfe-434e-927c-1d3b175c6fd5" />
    <UnitTestResult executionId="18c029f1-4789-4bce-95ff-eb381d9ce6d0" testId="2dee8986-12d5-f332-cbeb-79a3622fc721" testName="ColourName_TogglesBasedOnBoolean" computerName="HEIMDALLR" duration="00:00:00.0001236" startTime="2026-03-10T10:12:02.1047513+11:00" endTime="2026-03-10T10:12:02.1049403+11:00" testType="13cdc9d9-ddb5-4fa4-a97d-d965ccfc6d4b" outcome="Passed" testListId="8c84fa94-04c1-424b-9868-57a2d4851a1d" relativeResultsDirectory="18c029f1-4789-4bce-95ff-eb381d9ce6d0" />
    <UnitTestResult executionId="b90bc63c-3986-48be-9beb-ae5c92c68d42" testId="6c4d9660-b191-7921-4ed0-e45191a7a0dd" testName="TestApproximateDouble" computerName="HEIMDALLR" duration="00:00:00.0001048" startTime="2026-03-10T10:11:49.0234895+11:00" endTime="2026-03-10T10:11:49.0236378+11:00" testType="13cdc9d9-ddb5-4fa4-a97d-d965ccfc6d4b" outcome="Passed" testListId="8c84fa94-04c1-424b-9868-57a2d4851a1d" relativeResultsDirectory="b90bc63c-3986-48be-9beb-ae5c92c68d42" />
    <UnitTestResult executionId="c20d45f0-f491-4626-8bf4-67f3313633dd" testId="33e25e21-ba02-e174-086f-884317b36fe6" testName="RestrictedStorytellerIds_LegacyXmlFormat_ParsesCorrectly" computerName="HEIMDALLR" duration="00:00:00.0002367" startTime="2026-03-10T10:11:47.2008216+11:00" endTime="2026-03-10T10:11:47.2011097+11:00" testType="13cdc9d9-ddb5-4fa4-a97d-d965ccfc6d4b" outcome="Passed" testListId="8c84fa94-04c1-424b-9868-57a2d4851a1d" relativeResultsDirectory="c20d45f0-f491-4626-8bf4-67f3313633dd" />
    <UnitTestResult executionId="8f052db1-e033-49a5-b147-9d2aeb4f4765" testId="b5313183-0aa9-4730-baec-af779f96929b" testName="TidallyLockedMoonKeepsPlanetNearlyFixed" computerName="HEIMDALLR" duration="00:00:00.0003122" startTime="2026-03-10T10:12:01.5719733+11:00" endTime="2026-03-10T10:12:01.5723458+11:00" testType="13cdc9d9-ddb5-4fa4-a97d-d965ccfc6d4b" outcome="Passed" testListId="8c84fa94-04c1-424b-9868-57a2d4851a1d" relativeResultsDirectory="8f052db1-e033-49a5-b147-9d2aeb4f4765" />
    <UnitTestResult executionId="aed833a6-0372-488f-b4f0-264d5a00bba0" testId="30ee0130-81d0-af6b-72ab-13b2f715a495" testName="ExceptMethods_Work" computerName="HEIMDALLR" duration="00:00:00.0013020" startTime="2026-03-10T10:11:48.1241378+11:00" endTime="2026-03-10T10:11:48.1255096+11:00" testType="13cdc9d9-ddb5-4fa4-a97d-d965ccfc6d4b" outcome="Passed" testListId="8c84fa94-04c1-424b-9868-57a2d4851a1d" relativeResultsDirectory="aed833a6-0372-488f-b4f0-264d5a00bba0" />
    <UnitTestResult executionId="1f6fb6e0-c927-4c22-908a-39911e4d24c7" testId="7b0b2c33-768d-2cc0-ddcb-b1aee4914254" testName="WeatherSeeder_WarmTemperateKoppenProfiles_RemainWithinBroadReferenceBounds (ClimateExpectation { RegionalClimateName = Cold-Summer Mediterranean Northern Hemisphere, ControllerName = Seeded Cold-Summer Mediterranean, AnnualWetMin = 10, AnnualWetMax = 30, WinterWetMin = 20, WinterWetMax = 45, SummerWetMin = 0, SummerWetMax = 10, AutumnWetMin = 0, AutumnWetMax = 25, AnnualSnowMin = 0, AnnualSnowMax = 6, WinterSnowMin = 0, WinterSnowMax = 12, AnnualGaleOrWorseMax = 3, AnnualHurricaneOrWorseMax = 0.05, AnnualBreezeOrCalmerMin = 78, MidWinterMin = 1, MidWinterMax = 5, MidSummerMin = 10, MidSummerMax = 13.5, MidAutumnMin = 6, MidAutumnMax = 10 })" computerName="HEIMDALLR" duration="00:00:00.8972301" startTime="2026-03-10T10:12:58.2097912+11:00" endTime="2026-03-10T10:13:02.4804887+11:00" testType="13cdc9d9-ddb5-4fa4-a97d-d965ccfc6d4b" outcome="Passed" testListId="8c84fa94-04c1-424b-9868-57a2d4851a1d" relativeResultsDirectory="1f6fb6e0-c927-4c22-908a-39911e4d24c7" />
    <UnitTestResult executionId="fe43d8e0-d108-41cf-a2a7-4b9bcdb46708" testId="cd151be4-5e9b-99a0-31fd-10cb863372c0" testName="Plus_ValueOrDefault_WhereMaxMin" computerName="HEIMDALLR" duration="00:00:00.0046335" startTime="2026-03-10T10:11:48.1257153+11:00" endTime="2026-03-10T10:11:48.1304166+11:00" testType="13cdc9d9-ddb5-4fa4-a97d-d965ccfc6d4b" outcome="Passed" testListId="8c84fa94-04c1-424b-9868-57a2d4851a1d" relativeResultsDirectory="fe43d8e0-d108-41cf-a2a7-4b9bcdb46708" />
    <UnitTestResult executionId="92be6500-bf3c-4d7d-bd26-40ff8e29456f" testId="40101b9b-d641-18af-28b7-0340705953b3" testName="ExecuteFunctionCall_UpdateSituation_WithCharacterScope_InvokesScopeUpdate" computerName="HEIMDALLR" duration="00:00:00.0352670" startTime="2026-03-10T10:11:47.3972791+11:00" endTime="2026-03-10T10:11:47.4326161+11:00" testType="13cdc9d9-ddb5-4fa4-a97d-d965ccfc6d4b" outcome="Passed" testListId="8c84fa94-04c1-424b-9868-57a2d4851a1d" relativeResultsDirectory="92be6500-bf3c-4d7d-bd26-40ff8e29456f" />
    <UnitTestResult executionId="2e822e59-619a-4c00-92de-1b6d665bc589" testId="dd04a5df-8f58-dabb-71b4-748a4026e45a" testName="TryParseEnum_UnderlyingTypes_ParsesNumericValues" computerName="HEIMDALLR" duration="00:00:00.0119942" startTime="2026-03-10T10:12:02.9945790+11:00" endTime="2026-03-10T10:12:03.0066393+11:00" testType="13cdc9d9-ddb5-4fa4-a97d-d965ccfc6d4b" outcome="Passed" testListId="8c84fa94-04c1-424b-9868-57a2d4851a1d" relativeResultsDirectory="2e822e59-619a-4c00-92de-1b6d665bc589" />
    <UnitTestResult executionId="ec00342a-fcae-4a68-ba84-d684a0155da0" testId="d4f54f00-2497-91bc-95a6-55ac56392001" testName="IsSolvent_AccountsForBlockedPayouts" computerName="HEIMDALLR" duration="00:00:00.0121065" startTime="2026-03-10T10:13:10.4904383+11:00" endTime="2026-03-10T10:13:10.5026396+11:00" testType="13cdc9d9-ddb5-4fa4-a97d-d965ccfc6d4b" outcome="Passed" testListId="8c84fa94-04c1-424b-9868-57a2d4851a1d" relativeResultsDirectory="ec00342a-fcae-4a68-ba84-d684a0155da0" />
    <UnitTestResult executionId="e52f919e-9340-4156-a2f5-536a181adabd" testId="2d57e1a6-6d17-4807-5f45-2a4959da7f3d" testName="SplitDelimiter_PreserveDelimiter" computerName="HEIMDALLR" duration="00:00:00.0012642" startTime="2026-03-10T10:12:02.9762431+11:00" endTime="2026-03-10T10:12:02.9776865+11:00" testType="13cdc9d9-ddb5-4fa4-a97d-d965ccfc6d4b" outcome="Passed" testListId="8c84fa94-04c1-424b-9868-57a2d4851a1d" relativeResultsDirectory="e52f919e-9340-4156-a2f5-536a181adabd" />
    <UnitTestResult executionId="e8172b77-9a22-41ef-bd05-8b09d8ec74ad" testId="267a3b90-5c09-81d8-3f80-ee3330fce7d6" testName="IsValidFormatString_MandatoryMask_AllowsOptionalMissing" computerName="HEIMDALLR" duration="00:00:00.0001369" startTime="2026-03-10T10:12:02.8978731+11:00" endTime="2026-03-10T10:12:02.8980614+11:00" testType="13cdc9d9-ddb5-4fa4-a97d-d965ccfc6d4b" outcome="Passed" testListId="8c84fa94-04c1-424b-9868-57a2d4851a1d" relativeResultsDirectory="e8172b77-9a22-41ef-bd05-8b09d8ec74ad" />
    <UnitTestResult executionId="64cb2017-814d-4c01-86f8-a873379325c9" testId="a319cb44-809b-443a-d17b-4c73e0a3385e" testName="TestFirstMinDefaultValueBehaviour" computerName="HEIMDALLR" duration="00:00:00.0000850" startTime="2026-03-10T10:11:48.1489411+11:00" endTime="2026-03-10T10:11:48.1490640+11:00" testType="13cdc9d9-ddb5-4fa4-a97d-d965ccfc6d4b" outcome="Passed" testListId="8c84fa94-04c1-424b-9868-57a2d4851a1d" relativeResultsDirectory="64cb2017-814d-4c01-86f8-a873379325c9" />
    <UnitTestResult executionId="d90cebbc-a6c7-49b5-b3f3-93490d1a0982" testId="f908dc2f-f163-715f-3bd2-f37f7ede7f68" testName="TestVariables" computerName="HEIMDALLR" duration="00:00:00.0342251" startTime="2026-03-10T10:11:48.7441591+11:00" endTime="2026-03-10T10:11:48.7784886+11:00" testType="13cdc9d9-ddb5-4fa4-a97d-d965ccfc6d4b" outcome="Passed" testListId="8c84fa94-04c1-424b-9868-57a2d4851a1d" relativeResultsDirectory="d90cebbc-a6c7-49b5-b3f3-93490d1a0982" />
    <UnitTestResult executionId="0b460a4b-8231-459e-9ccd-f75a37fc9e4b" testId="66cd03bd-1227-8b1a-f9c3-73eb41b840a6" testName="ToDictionaryWithDefault_KeyValueSelectorAndComparer_UsesComparer" computerName="HEIMDALLR" duration="00:00:00.0007693" startTime="2026-03-10T10:11:48.7431279+11:00" endTime="2026-03-10T10:11:48.7439462+11:00" testType="13cdc9d9-ddb5-4fa4-a97d-d965ccfc6d4b" outcome="Passed" testListId="8c84fa94-04c1-424b-9868-57a2d4851a1d" relativeResultsDirectory="0b460a4b-8231-459e-9ccd-f75a37fc9e4b" />
    <UnitTestResult executionId="9d548cae-058f-4874-9c02-070c31bb6b89" testId="de7c7757-5be4-7ea9-2ba7-cb4048e469f9" testName="Settle_InsufficientFunds_BlocksPayouts" computerName="HEIMDALLR" duration="00:00:00.0037003" startTime="2026-03-10T10:13:10.2147625+11:00" endTime="2026-03-10T10:13:10.2185057+11:00" testType="13cdc9d9-ddb5-4fa4-a97d-d965ccfc6d4b" outcome="Passed" testListId="8c84fa94-04c1-424b-9868-57a2d4851a1d" relativeResultsDirectory="9d548cae-058f-4874-9c02-070c31bb6b89" />
    <UnitTestResult executionId="958b5ca9-13a4-473d-9425-eeb102be42e8" testId="753b3d2d-7d89-18f3-6ac1-9049fba370bd" testName="TestGetIntFromOrdinal" computerName="HEIMDALLR" duration="00:00:00.0001991" startTime="2026-03-10T10:11:49.0239111+11:00" endTime="2026-03-10T10:11:49.0241495+11:00" testType="13cdc9d9-ddb5-4fa4-a97d-d965ccfc6d4b" outcome="Passed" testListId="8c84fa94-04c1-424b-9868-57a2d4851a1d" relativeResultsDirectory="958b5ca9-13a4-473d-9425-eeb102be42e8" />
    <UnitTestResult executionId="2224b57d-2676-43d1-a9b3-e922e4429f54" testId="98d74e3b-cbd5-3cfe-5657-97b066f2076e" testName="Wrap_WidthLessThanOne_ReturnsOriginal" computerName="HEIMDALLR" duration="00:00:00.0000787" startTime="2026-03-10T10:12:02.1661993+11:00" endTime="2026-03-10T10:12:02.1663372+11:00" testType="13cdc9d9-ddb5-4fa4-a97d-d965ccfc6d4b" outcome="Passed" testListId="8c84fa94-04c1-424b-9868-57a2d4851a1d" relativeResultsDirectory="2224b57d-2676-43d1-a9b3-e922e4429f54" />
    <UnitTestResult executionId="ab9b7172-0f21-493c-aae2-9453c9df3cb7" testId="3f2b3228-50cc-d7f2-3aa6-ff79c7ff50c6" testName="WrapText_WidthLessThanOne_ReturnsOriginal" computerName="HEIMDALLR" duration="00:00:00.0001512" startTime="2026-03-10T10:11:48.1520240+11:00" endTime="2026-03-10T10:11:48.1522195+11:00" testType="13cdc9d9-ddb5-4fa4-a97d-d965ccfc6d4b" outcome="Passed" testListId="8c84fa94-04c1-424b-9868-57a2d4851a1d" relativeResultsDirectory="ab9b7172-0f21-493c-aae2-9453c9df3cb7" />
    <UnitTestResult executionId="fa87c629-4a02-4fa9-babc-596029560232" testId="db81a3ca-d42a-d4b3-6f27-a5741f7daa57" testName="TestSunTriggerEchoSelection" computerName="HEIMDALLR" duration="00:00:00.0007098" startTime="2026-03-10T10:11:48.0385358+11:00" endTime="2026-03-10T10:11:48.0392885+11:00" testType="13cdc9d9-ddb5-4fa4-a97d-d965ccfc6d4b" outcome="Passed" testListId="8c84fa94-04c1-424b-9868-57a2d4851a1d" relativeResultsDirectory="fa87c629-4a02-4fa9-babc-596029560232" />
    <UnitTestResult executionId="7e238374-0e3b-4333-91a3-e58c614d9ec4" testId="99444da9-a98b-e55d-469b-c5113f2e4f21" testName="Test_NullString" computerName="HEIMDALLR" duration="00:00:00.0000734" startTime="2026-03-10T10:12:02.7439932+11:00" endTime="2026-03-10T10:12:02.7441123+11:00" testType="13cdc9d9-ddb5-4fa4-a97d-d965ccfc6d4b" outcome="Passed" testListId="8c84fa94-04c1-424b-9868-57a2d4851a1d" relativeResultsDirectory="7e238374-0e3b-4333-91a3-e58c614d9ec4" />
    <UnitTestResult executionId="6ac19c9e-1014-4d7c-825b-c4d5ba95ac81" testId="b7bdd509-46a3-5a04-f61a-7b4930431c45" testName="HandleOutput_AwakeWatcher_StillReceivesMirroredOutput" computerName="HEIMDALLR" duration="00:00:00.0021066" startTime="2026-03-10T10:13:10.9708750+11:00" endTime="2026-03-10T10:13:10.9730107+11:00" testType="13cdc9d9-ddb5-4fa4-a97d-d965ccfc6d4b" outcome="Passed" testListId="8c84fa94-04c1-424b-9868-57a2d4851a1d" relativeResultsDirectory="6ac19c9e-1014-4d7c-825b-c4d5ba95ac81" />
    <UnitTestResult executionId="754250a3-744d-488f-8fa6-727e94e1e32a" testId="f94140e8-f34b-6ff1-b0f3-c7dbf508abab" testName="Schedule_ResolvingState_DefersCleanupTransition" computerName="HEIMDALLR" duration="00:00:00.0011339" startTime="2026-03-10T10:13:10.9498864+11:00" endTime="2026-03-10T10:13:10.9510495+11:00" testType="13cdc9d9-ddb5-4fa4-a97d-d965ccfc6d4b" outcome="Passed" testListId="8c84fa94-04c1-424b-9868-57a2d4851a1d" relativeResultsDirectory="754250a3-744d-488f-8fa6-727e94e1e32a" />
    <UnitTestResult executionId="42100019-a7c1-4a88-9ac6-6d78846edcf8" testId="cebcaa54-ae51-5370-ffd8-d45e373d910c" testName="TestRandomFunctionOverrides" computerName="HEIMDALLR" duration="00:00:00.0017688" startTime="2026-03-10T10:11:48.7849847+11:00" endTime="2026-03-10T10:11:48.7868323+11:00" testType="13cdc9d9-ddb5-4fa4-a97d-d965ccfc6d4b" outcome="Passed" testListId="8c84fa94-04c1-424b-9868-57a2d4851a1d" relativeResultsDirectory="42100019-a7c1-4a88-9ac6-6d78846edcf8" />
    <UnitTestResult executionId="b64b96a1-3c33-4dcc-aa69-fc0eb500ed1f" testId="34ed4094-143e-8bce-ebc1-f9870270acf5" testName="FrameworkItemEquals_TrueWhenItemIdAndTypeMatch" computerName="HEIMDALLR" duration="00:00:00.0002586" startTime="2026-03-10T10:11:48.7958375+11:00" endTime="2026-03-10T10:11:48.7962325+11:00" testType="13cdc9d9-ddb5-4fa4-a97d-d965ccfc6d4b" outcome="Passed" testListId="8c84fa94-04c1-424b-9868-57a2d4851a1d" relativeResultsDirectory="b64b96a1-3c33-4dcc-aa69-fc0eb500ed1f" />
    <UnitTestResult executionId="97c492f2-bc77-403f-b15a-0fde6eaa2788" testId="33c707db-10d5-5517-a6da-3af497a3ac5c" testName="RevisableLookups_Work" computerName="HEIMDALLR" duration="00:00:00.0006297" startTime="2026-03-10T10:11:48.1383603+11:00" endTime="2026-03-10T10:11:48.1390458+11:00" testType="13cdc9d9-ddb5-4fa4-a97d-d965ccfc6d4b" outcome="Passed" testListId="8c84fa94-04c1-424b-9868-57a2d4851a1d" relativeResultsDirectory="97c492f2-bc77-403f-b15a-0fde6eaa2788" />
    <UnitTestResult executionId="b21f696b-92a4-4342-9aff-f012e8f5482d" testId="19ecdc1d-ba54-c969-e737-62c54be4b485" testName="Constructor_SpeechContextSettings_LoadsConfiguredValues" computerName="HEIMDALLR" duration="00:00:00.0010853" startTime="2026-03-10T10:11:47.3696713+11:00" endTime="2026-03-10T10:11:47.3708077+11:00" testType="13cdc9d9-ddb5-4fa4-a97d-d965ccfc6d4b" outcome="Passed" testListId="8c84fa94-04c1-424b-9868-57a2d4851a1d" relativeResultsDirectory="b21f696b-92a4-4342-9aff-f012e8f5482d" />
    <UnitTestResult executionId="016a0f89-962e-4ba0-aeb5-beb67c335b3a" testId="40138918-b77e-fa41-5668-12d6bc6d4697" testName="WeatherSeeder_SevereContinentalKoppenProfiles_RemainWithinBroadReferenceBounds (ClimateExpectation { RegionalClimateName = Dry-Summer Subarctic Northern Hemisphere, ControllerName = Seeded Dry-Summer Subarctic, AnnualWetMin = 10, AnnualWetMax = 25, WinterWetMin = 8.5, WinterWetMax = 28, SummerWetMin = 2, SummerWetMax = 15, AutumnWetMin = 8, AutumnWetMax = 22, AnnualSnowMin = 1.5, AnnualSnowMax = 12, WinterSnowMin = 5.5, WinterSnowMax = 25, AnnualGaleOrWorseMax = 2.5, AnnualHurricaneOrWorseMax = 0.05, AnnualBreezeOrCalmerMin = 82, MidWinterMin = -19, MidWinterMax = -10, MidSummerMin = 14, MidSummerMax = 18, MidAutumnMin = -3, MidAutumnMax = 3 })" computerName="HEIMDALLR" duration="00:00:00.8372428" startTime="2026-03-10T10:13:05.7945773+11:00" endTime="2026-03-10T10:13:10.0080191+11:00" testType="13cdc9d9-ddb5-4fa4-a97d-d965ccfc6d4b" outcome="Passed" testListId="8c84fa94-04c1-424b-9868-57a2d4851a1d" relativeResultsDirectory="016a0f89-962e-4ba0-aeb5-beb67c335b3a" />
    <UnitTestResult executionId="6b34bb86-836f-4a23-a281-31715468a78b" testId="0466f20b-20b0-04b9-ec29-fe37d7e5f585" testName="EqualToAny_ChecksCollection" computerName="HEIMDALLR" duration="00:00:00.0000941" startTime="2026-03-10T10:12:02.1230970+11:00" endTime="2026-03-10T10:12:02.1232424+11:00" testType="13cdc9d9-ddb5-4fa4-a97d-d965ccfc6d4b" outcome="Passed" testListId="8c84fa94-04c1-424b-9868-57a2d4851a1d" relativeResultsDirectory="6b34bb86-836f-4a23-a281-31715468a78b" />
    <UnitTestResult executionId="b1831640-e61c-4c93-ac5f-e4beaa9d7e0e" testId="61fcf563-6d86-513c-d705-722d0e575770" testName="SetParameterDescription_UpdatesExistingValue" computerName="HEIMDALLR" duration="00:00:00.0005665" startTime="2026-03-10T10:11:47.0932083+11:00" endTime="2026-03-10T10:11:47.0939216+11:00" testType="13cdc9d9-ddb5-4fa4-a97d-d965ccfc6d4b" outcome="Passed" testListId="8c84fa94-04c1-424b-9868-57a2d4851a1d" relativeResultsDirectory="b1831640-e61c-4c93-ac5f-e4beaa9d7e0e" />
    <UnitTestResult executionId="e0138ee6-1fcf-47b0-a1ae-605eac026438" testId="78458f57-a482-cdbe-7d51-c007a8ca7af7" testName="ListToLines_BasicAndTabs" computerName="HEIMDALLR" duration="00:00:00.0006810" startTime="2026-03-10T10:11:48.1553942+11:00" endTime="2026-03-10T10:11:48.1561307+11:00" testType="13cdc9d9-ddb5-4fa4-a97d-d965ccfc6d4b" outcome="Passed" testListId="8c84fa94-04c1-424b-9868-57a2d4851a1d" relativeResultsDirectory="e0138ee6-1fcf-47b0-a1ae-605eac026438" />
    <UnitTestResult executionId="26934f00-48a8-4a84-963a-dc7777c25a24" testId="1c04f21c-5d30-1a9d-4b2f-a1783e3203e8" testName="TestIntervals" computerName="HEIMDALLR" duration="00:00:00.0045151" startTime="2026-03-10T10:11:48.9486462+11:00" endTime="2026-03-10T10:11:48.9550206+11:00" testType="13cdc9d9-ddb5-4fa4-a97d-d965ccfc6d4b" outcome="Passed" testListId="8c84fa94-04c1-424b-9868-57a2d4851a1d" relativeResultsDirectory="26934f00-48a8-4a84-963a-dc7777c25a24" />
    <UnitTestResult executionId="c363e206-1e4f-480e-9dde-0c458b3fc619" testId="877ba0b0-1c01-f934-6d7c-2767778c511c" testName="ConfigureToolLoopResponseOptions_AutoChoiceWhenNotRequired_SetsAutoChoice" computerName="HEIMDALLR" duration="00:00:00.0016194" startTime="2026-03-10T10:11:47.3930517+11:00" endTime="2026-03-10T10:11:47.3947793+11:00" testType="13cdc9d9-ddb5-4fa4-a97d-d965ccfc6d4b" outcome="Passed" testListId="8c84fa94-04c1-424b-9868-57a2d4851a1d" relativeResultsDirectory="c363e206-1e4f-480e-9dde-0c458b3fc619" />
    <UnitTestResult executionId="b6f6fd64-8d80-4acb-8685-0b1ad7258c0e" testId="4c44a0ad-186a-a512-56d0-d427d5f29819" testName="PickUpToRandom_SelectsUpToCountAndValidates" computerName="HEIMDALLR" duration="00:00:00.0013942" startTime="2026-03-10T10:12:01.8660882+11:00" endTime="2026-03-10T10:12:01.8675429+11:00" testType="13cdc9d9-ddb5-4fa4-a97d-d965ccfc6d4b" outcome="Passed" testListId="8c84fa94-04c1-424b-9868-57a2d4851a1d" relativeResultsDirectory="b6f6fd64-8d80-4acb-8685-0b1ad7258c0e" />
    <UnitTestResult executionId="8ce2727f-bed8-4763-bc94-8a5b8e1afbc4" testId="26e110e5-f8c3-4e62-9579-835586050b0e" testName="TestSum2Decimal" computerName="HEIMDALLR" duration="00:00:00.0006352" startTime="2026-03-10T10:11:48.1425030+11:00" endTime="2026-03-10T10:11:48.1431827+11:00" testType="13cdc9d9-ddb5-4fa4-a97d-d965ccfc6d4b" outcome="Passed" testListId="8c84fa94-04c1-424b-9868-57a2d4851a1d" relativeResultsDirectory="8ce2727f-bed8-4763-bc94-8a5b8e1afbc4" />
    <UnitTestResult executionId="6ce9959b-4e84-4871-850c-cfa96d86969e" testId="172a26a6-bd7c-9398-24dd-ccf355eb9e91" testName="ResolveEvenlySpacedStartCells_NormalisesRotationAndDeduplicatesSides" computerName="HEIMDALLR" duration="00:00:00.0002262" startTime="2026-03-10T10:13:10.9563665+11:00" endTime="2026-03-10T10:13:10.9566219+11:00" testType="13cdc9d9-ddb5-4fa4-a97d-d965ccfc6d4b" outcome="Passed" testListId="8c84fa94-04c1-424b-9868-57a2d4851a1d" relativeResultsDirectory="6ce9959b-4e84-4871-850c-cfa96d86969e" />
    <UnitTestResult executionId="0f33aebb-8e07-4015-aabc-2461ea8a586f" testId="6df4df98-5bc4-7e52-20a1-989ce94e9b5f" testName="ProperSentences_UppercasesAfterSentenceEnd" computerName="HEIMDALLR" duration="00:00:00.0005523" startTime="2026-03-10T10:12:02.1684984+11:00" endTime="2026-03-10T10:12:02.1691221+11:00" testType="13cdc9d9-ddb5-4fa4-a97d-d965ccfc6d4b" outcome="Passed" testListId="8c84fa94-04c1-424b-9868-57a2d4851a1d" relativeResultsDirectory="0f33aebb-8e07-4015-aabc-2461ea8a586f" />
    <UnitTestResult executionId="789016bf-1592-4cc2-8b56-a7cd46181a04" testId="851536ad-bb79-22aa-1ca1-15dc073b3cee" testName="GetScatterTarget_DropsIntoOriginWhenNoTargets" computerName="HEIMDALLR" duration="00:00:00.0027196" startTime="2026-03-10T10:12:01.9863158+11:00" endTime="2026-03-10T10:12:01.9891753+11:00" testType="13cdc9d9-ddb5-4fa4-a97d-d965ccfc6d4b" outcome="Passed" testListId="8c84fa94-04c1-424b-9868-57a2d4851a1d" relativeResultsDirectory="789016bf-1592-4cc2-8b56-a7cd46181a04" />
    <UnitTestResult executionId="0f31c861-77c0-4a0a-8407-3db05478c00a" testId="e79d7bf3-a688-96db-ab7a-e93b3567c782" testName="GetScatterTarget_StrikesAvailableTarget" computerName="HEIMDALLR" duration="00:00:00.0039359" startTime="2026-03-10T10:12:01.9892254+11:00" endTime="2026-03-10T10:12:01.9932508+11:00" testType="13cdc9d9-ddb5-4fa4-a97d-d965ccfc6d4b" outcome="Passed" testListId="8c84fa94-04c1-424b-9868-57a2d4851a1d" relativeResultsDirectory="0f31c861-77c0-4a0a-8407-3db05478c00a" />
    <UnitTestResult executionId="43d34aae-63cb-4bb6-948a-8f358ce77585" testId="f41fed79-22a1-1948-d021-48ba05f6f8be" testName="WhereMaxMin_EmptySource" computerName="HEIMDALLR" duration="00:00:00.0003031" startTime="2026-03-10T10:11:48.1314184+11:00" endTime="2026-03-10T10:11:48.1318214+11:00" testType="13cdc9d9-ddb5-4fa4-a97d-d965ccfc6d4b" outcome="Passed" testListId="8c84fa94-04c1-424b-9868-57a2d4851a1d" relativeResultsDirectory="43d34aae-63cb-4bb6-948a-8f358ce77585" />
    <UnitTestResult executionId="ef6a92a9-2b84-4864-8321-5f561afe6742" testId="3c5537aa-8e32-4859-e605-ab6de9865fa1" testName="StripANSIColour_NoStripParameter_ReturnsOriginal" computerName="HEIMDALLR" duration="00:00:00.0001410" startTime="2026-03-10T10:12:02.7494712+11:00" endTime="2026-03-10T10:12:02.7496604+11:00" testType="13cdc9d9-ddb5-4fa4-a97d-d965ccfc6d4b" outcome="Passed" testListId="8c84fa94-04c1-424b-9868-57a2d4851a1d" relativeResultsDirectory="ef6a92a9-2b84-4864-8321-5f561afe6742" />
    <UnitTestResult executionId="59baafdd-c9ce-4b45-90ae-148e8fa78eb1" testId="394353ea-a08e-5353-d441-696267072ca6" testName="IncrementNumberOrAddNumber_LargeNumber_NoGrouping" computerName="HEIMDALLR" duration="00:00:00.0000820" startTime="2026-03-10T10:12:02.1701156+11:00" endTime="2026-03-10T10:12:02.1702621+11:00" testType="13cdc9d9-ddb5-4fa4-a97d-d965ccfc6d4b" outcome="Passed" testListId="8c84fa94-04c1-424b-9868-57a2d4851a1d" relativeResultsDirectory="59baafdd-c9ce-4b45-90ae-148e8fa78eb1" />
    <UnitTestResult executionId="82ffeab0-7baf-4b60-8aaa-b6cafe405952" testId="0a479cf6-33f4-4df2-b844-a1d925072d79" testName="SubstituteANSIColour_NullInput_ReturnsEmpty" computerName="HEIMDALLR" duration="00:00:00.0000731" startTime="2026-03-10T10:12:02.7475467+11:00" endTime="2026-03-10T10:12:02.7476653+11:00" testType="13cdc9d9-ddb5-4fa4-a97d-d965ccfc6d4b" outcome="Passed" testListId="8c84fa94-04c1-424b-9868-57a2d4851a1d" relativeResultsDirectory="82ffeab0-7baf-4b60-8aaa-b6cafe405952" />
    <UnitTestResult executionId="bceb4610-bc32-4a24-a702-176d92ac22e1" testId="3971a3d5-326e-fccf-8c76-7dc5dfe2cd2b" testName="RollExpression_Explode_AddsExtraRoll" computerName="HEIMDALLR" duration="00:00:00.0004694" startTime="2026-03-10T10:11:48.7411011+11:00" endTime="2026-03-10T10:11:48.7416102+11:00" testType="13cdc9d9-ddb5-4fa4-a97d-d965ccfc6d4b" outcome="Passed" testListId="8c84fa94-04c1-424b-9868-57a2d4851a1d" relativeResultsDirectory="bceb4610-bc32-4a24-a702-176d92ac22e1" />
    <UnitTestResult executionId="f9b746a2-3968-479b-88ea-b7f866c3a60d" testId="117ec289-1236-d0c2-fc2c-549c07656673" testName="TestXLinqExtensions" computerName="HEIMDALLR" duration="00:00:00.0005155" startTime="2026-03-10T10:11:48.2216644+11:00" endTime="2026-03-10T10:11:48.2222588+11:00" testType="13cdc9d9-ddb5-4fa4-a97d-d965ccfc6d4b" outcome="Passed" testListId="8c84fa94-04c1-424b-9868-57a2d4851a1d" relativeResultsDirectory="f9b746a2-3968-479b-88ea-b7f866c3a60d" />
    <UnitTestResult executionId="038d0193-42cd-425a-a98e-53ca7880bf7c" testId="df4b4850-121a-64d3-3b2b-833f823a410f" testName="CurlyBrackets_AddsBraces" computerName="HEIMDALLR" duration="00:00:00.0001255" startTime="2026-03-10T10:12:02.1148441+11:00" endTime="2026-03-10T10:12:02.1150291+11:00" testType="13cdc9d9-ddb5-4fa4-a97d-d965ccfc6d4b" outcome="Passed" testListId="8c84fa94-04c1-424b-9868-57a2d4851a1d" relativeResultsDirectory="038d0193-42cd-425a-a98e-53ca7880bf7c" />
    <UnitTestResult executionId="c14cedf9-a223-42c8-917a-21c012f91ce7" testId="5b61fefb-ae28-d11e-d6c2-185bc3562d23" testName="ListToColouredString_Strings" computerName="HEIMDALLR" duration="00:00:00.0002690" startTime="2026-03-10T10:11:48.1590473+11:00" endTime="2026-03-10T10:11:48.1593582+11:00" testType="13cdc9d9-ddb5-4fa4-a97d-d965ccfc6d4b" outcome="Passed" testListId="8c84fa94-04c1-424b-9868-57a2d4851a1d" relativeResultsDirectory="c14cedf9-a223-42c8-917a-21c012f91ce7" />
    <UnitTestResult executionId="9c98e9c5-34ec-48e4-ac2a-cade1faa6ecd" testId="1e802e34-b3ec-e3e3-fe82-19d843091892" testName="CompareToDouble_Boundaries" computerName="HEIMDALLR" duration="00:00:00.0002117" startTime="2026-03-10T10:12:03.0081619+11:00" endTime="2026-03-10T10:12:03.0084181+11:00" testType="13cdc9d9-ddb5-4fa4-a97d-d965ccfc6d4b" outcome="Passed" testListId="8c84fa94-04c1-424b-9868-57a2d4851a1d" relativeResultsDirectory="9c98e9c5-34ec-48e4-ac2a-cade1faa6ecd" />
    <UnitTestResult executionId="1babcb97-339c-4c20-86d5-7ce602ea27aa" testId="6bba9e4c-e89b-1dd6-8480-e51f22f61a21" testName="TestSwapByItem" computerName="HEIMDALLR" duration="00:00:00.0001718" startTime="2026-03-10T10:11:48.1508888+11:00" endTime="2026-03-10T10:11:48.1511035+11:00" testType="13cdc9d9-ddb5-4fa4-a97d-d965ccfc6d4b" outcome="Passed" testListId="8c84fa94-04c1-424b-9868-57a2d4851a1d" relativeResultsDirectory="1babcb97-339c-4c20-86d5-7ce602ea27aa" />
    <UnitTestResult executionId="4fa07fd4-bfde-4469-8c7e-0675902f15de" testId="7ff1efbd-1d73-8de4-f807-1f6b22c1606f" testName="Percentile_Central95_ComputesExpectedInterpolatedValues" computerName="HEIMDALLR" duration="00:00:00.0009832" startTime="2026-03-10T10:13:10.0189337+11:00" endTime="2026-03-10T10:13:10.0199489+11:00" testType="13cdc9d9-ddb5-4fa4-a97d-d965ccfc6d4b" outcome="Passed" testListId="8c84fa94-04c1-424b-9868-57a2d4851a1d" relativeResultsDirectory="4fa07fd4-bfde-4469-8c7e-0675902f15de" />
    <UnitTestResult executionId="c09cc06f-c3ab-4c7b-91d3-a313f0deceb8" testId="797529d2-e968-c32e-0975-db527d911dec" testName="ColourValue_TogglesBasedOnBoolean" computerName="HEIMDALLR" duration="00:00:00.0001211" startTime="2026-03-10T10:12:02.1027795+11:00" endTime="2026-03-10T10:12:02.1029582+11:00" testType="13cdc9d9-ddb5-4fa4-a97d-d965ccfc6d4b" outcome="Passed" testListId="8c84fa94-04c1-424b-9868-57a2d4851a1d" relativeResultsDirectory="c09cc06f-c3ab-4c7b-91d3-a313f0deceb8" />
    <UnitTestResult executionId="717c9cae-ac39-4377-a9db-ca65c5e2fe51" testId="49bd6c84-bd90-242c-ecda-2661dec9d611" testName="RandomNormal_ReturnsValueWithinBounds" computerName="HEIMDALLR" duration="00:00:00.0002393" startTime="2026-03-10T10:12:01.8945275+11:00" endTime="2026-03-10T10:12:01.8948409+11:00" testType="13cdc9d9-ddb5-4fa4-a97d-d965ccfc6d4b" outcome="Passed" testListId="8c84fa94-04c1-424b-9868-57a2d4851a1d" relativeResultsDirectory="717c9cae-ac39-4377-a9db-ca65c5e2fe51" />
    <UnitTestResult executionId="17c9ccbb-fb00-441f-9c61-e40ae16b582f" testId="abe80b4b-7e30-6446-8a00-4f280841c360" testName="IsValidFormatString_WithInvalidStrings_ReturnsFalse" computerName="HEIMDALLR" duration="00:00:00.0001181" startTime="2026-03-10T10:12:02.7383996+11:00" endTime="2026-03-10T10:12:02.7386111+11:00" testType="13cdc9d9-ddb5-4fa4-a97d-d965ccfc6d4b" outcome="Passed" testListId="8c84fa94-04c1-424b-9868-57a2d4851a1d" relativeResultsDirectory="17c9ccbb-fb00-441f-9c61-e40ae16b582f" />
    <UnitTestResult executionId="97c2f256-f298-420b-836e-7c885c873342" testId="d168a8d2-c08e-5669-3906-bd045961fb27" testName="GetLineWithTitle_WithColours_IncludesAnsiCodes" computerName="HEIMDALLR" duration="00:00:00.0001218" startTime="2026-03-10T10:12:02.1691493+11:00" endTime="2026-03-10T10:12:02.1693392+11:00" testType="13cdc9d9-ddb5-4fa4-a97d-d965ccfc6d4b" outcome="Passed" testListId="8c84fa94-04c1-424b-9868-57a2d4851a1d" relativeResultsDirectory="97c2f256-f298-420b-836e-7c885c873342" />
    <UnitTestResult executionId="75667725-cc5f-4461-aa3a-74ce155661f4" testId="f2073e27-612c-9ea1-4d7e-85e6e27385a5" testName="Proper_CapitalisesFirstLetter" computerName="HEIMDALLR" duration="00:00:00.0000974" startTime="2026-03-10T10:12:02.1188948+11:00" endTime="2026-03-10T10:12:02.1190509+11:00" testType="13cdc9d9-ddb5-4fa4-a97d-d965ccfc6d4b" outcome="Passed" testListId="8c84fa94-04c1-424b-9868-57a2d4851a1d" relativeResultsDirectory="75667725-cc5f-4461-aa3a-74ce155661f4" />
    <UnitTestResult executionId="7be15bc8-53f0-4e99-aeb8-c677c83850de" testId="8603d680-ba05-21a2-39ec-d568c375cace" testName="RandomNormalWithSkew_ReturnsValueWithinBounds" computerName="HEIMDALLR" duration="00:00:00.0003617" startTime="2026-03-10T10:12:01.8948638+11:00" endTime="2026-03-10T10:12:01.8952800+11:00" testType="13cdc9d9-ddb5-4fa4-a97d-d965ccfc6d4b" outcome="Passed" testListId="8c84fa94-04c1-424b-9868-57a2d4851a1d" relativeResultsDirectory="7be15bc8-53f0-4e99-aeb8-c677c83850de" />
    <UnitTestResult executionId="14c6d773-6926-4759-860d-b2cbda957768" testId="572b5d7a-4977-d9af-c57c-f82c6b3f71dd" testName="ExecuteFunctionCall_PathBetweenCharacters_ReturnsDirectionsPayload" computerName="HEIMDALLR" duration="00:00:00.0020391" startTime="2026-03-10T10:11:47.7476001+11:00" endTime="2026-03-10T10:11:47.7496942+11:00" testType="13cdc9d9-ddb5-4fa4-a97d-d965ccfc6d4b" outcome="Passed" testListId="8c84fa94-04c1-424b-9868-57a2d4851a1d" relativeResultsDirectory="14c6d773-6926-4759-860d-b2cbda957768" />
    <UnitTestResult executionId="2c89f015-acae-4795-aff9-75134ad75b61" testId="3e92ce77-a13f-16aa-33e4-cd7caf4ee633" testName="RemoveBlankLines_RemovesAllWhenConfigured" computerName="HEIMDALLR" duration="00:00:00.0000797" startTime="2026-03-10T10:12:02.1338407+11:00" endTime="2026-03-10T10:12:02.1339815+11:00" testType="13cdc9d9-ddb5-4fa4-a97d-d965ccfc6d4b" outcome="Passed" testListId="8c84fa94-04c1-424b-9868-57a2d4851a1d" relativeResultsDirectory="2c89f015-acae-4795-aff9-75134ad75b61" />
    <UnitTestResult executionId="eac8e1ac-ea20-42ce-8f67-a8e75aec037d" testId="6de559ea-80c2-9844-a8d9-fce3f7738e05" testName="IncrementNumberOrAddNumber_Behaviour" computerName="HEIMDALLR" duration="00:00:00.0002819" startTime="2026-03-10T10:12:02.1566612+11:00" endTime="2026-03-10T10:12:02.1570057+11:00" testType="13cdc9d9-ddb5-4fa4-a97d-d965ccfc6d4b" outcome="Passed" testListId="8c84fa94-04c1-424b-9868-57a2d4851a1d" relativeResultsDirectory="eac8e1ac-ea20-42ce-8f67-a8e75aec037d" />
    <UnitTestResult executionId="eedcc553-e6d5-4337-8c62-6b91197f2014" testId="eadc5c50-4d56-0bf5-0a47-8b88c82d511f" testName="AnalyzeSimulation_AlternatingTransitions_PreservesEventAndStateMinuteTotals" computerName="HEIMDALLR" duration="00:00:00.0014805" startTime="2026-03-10T10:13:10.0125718+11:00" endTime="2026-03-10T10:13:10.0140842+11:00" testType="13cdc9d9-ddb5-4fa4-a97d-d965ccfc6d4b" outcome="Passed" testListId="8c84fa94-04c1-424b-9868-57a2d4851a1d" relativeResultsDirectory="eedcc553-e6d5-4337-8c62-6b91197f2014" />
    <UnitTestResult executionId="7ab134b2-f64c-441e-8e41-1e259fb22991" testId="d524b277-be0c-651e-9cb1-bbfef3b94e19" testName="CurlyBracketsSpace_AddsBracesAndSpace" computerName="HEIMDALLR" duration="00:00:00.0001184" startTime="2026-03-10T10:12:02.1150534+11:00" endTime="2026-03-10T10:12:02.1152317+11:00" testType="13cdc9d9-ddb5-4fa4-a97d-d965ccfc6d4b" outcome="Passed" testListId="8c84fa94-04c1-424b-9868-57a2d4851a1d" relativeResultsDirectory="7ab134b2-f64c-441e-8e41-1e259fb22991" />
    <UnitTestResult executionId="cd4b6684-171a-4109-a862-637e5aa5aa75" testId="02d47a91-a55c-d243-3cca-120e7a708fc8" testName="GetWeightedRandom_EvaluatorInt_BiasesSelection" computerName="HEIMDALLR" duration="00:00:00.0023148" startTime="2026-03-10T10:12:01.8917361+11:00" endTime="2026-03-10T10:12:01.8941447+11:00" testType="13cdc9d9-ddb5-4fa4-a97d-d965ccfc6d4b" outcome="Passed" testListId="8c84fa94-04c1-424b-9868-57a2d4851a1d" relativeResultsDirectory="cd4b6684-171a-4109-a862-637e5aa5aa75" />
    <UnitTestResult executionId="de2cee4a-31df-4b8a-9a65-8c8f0fae950e" testId="9cceb6d1-99f8-2830-86a1-4d4fd0f8cac7" testName="ColourBackground_WrapsAndResetsAll" computerName="HEIMDALLR" duration="00:00:00.0000911" startTime="2026-03-10T10:12:02.1056859+11:00" endTime="2026-03-10T10:12:02.1058340+11:00" testType="13cdc9d9-ddb5-4fa4-a97d-d965ccfc6d4b" outcome="Passed" testListId="8c84fa94-04c1-424b-9868-57a2d4851a1d" relativeResultsDirectory="de2cee4a-31df-4b8a-9a65-8c8f0fae950e" />
    <UnitTestResult executionId="b3b9ba3e-69c3-49cf-9854-e45d5dad05a9" testId="7b0b2c33-768d-2cc0-ddcb-b1aee4914254" testName="WeatherSeeder_WarmTemperateKoppenProfiles_RemainWithinBroadReferenceBounds (ClimateExpectation { RegionalClimateName = Warm-Summer Mediterranean Northern Hemisphere, ControllerName = Seeded Warm-Summer Mediterranean, AnnualWetMin = 8, AnnualWetMax = 25, WinterWetMin = 18, WinterWetMax = 40, SummerWetMin = 0, SummerWetMax = 8, AutumnWetMin = 0.5, AutumnWetMax = 20, AnnualSnowMin = 0, AnnualSnowMax = 0.2, WinterSnowMin = 0, WinterSnowMax = 0.5, AnnualGaleOrWorseMax = 2, AnnualHurricaneOrWorseMax = 0.05, AnnualBreezeOrCalmerMin = 82, MidWinterMin = 9, MidWinterMax = 13, MidSummerMin = 15, MidSummerMax = 18.5, MidAutumnMin = 15, MidAutumnMax = 19 })" computerName="HEIMDALLR" duration="00:00:00.8273783" startTime="2026-03-10T10:12:58.2097912+11:00" endTime="2026-03-10T10:13:02.4804887+11:00" testType="13cdc9d9-ddb5-4fa4-a97d-d965ccfc6d4b" outcome="Passed" testListId="8c84fa94-04c1-424b-9868-57a2d4851a1d" relativeResultsDirectory="b3b9ba3e-69c3-49cf-9854-e45d5dad05a9" />
    <UnitTestResult executionId="1deef60e-c46e-4511-9c6c-743945a1d8b3" testId="568f3019-c03e-ea6d-09eb-049a6a7672e6" testName="RemoveLastCharacter_Basic" computerName="HEIMDALLR" duration="00:00:00.0001414" startTime="2026-03-10T10:12:02.1180651+11:00" endTime="2026-03-10T10:12:02.1182600+11:00" testType="13cdc9d9-ddb5-4fa4-a97d-d965ccfc6d4b" outcome="Passed" testListId="8c84fa94-04c1-424b-9868-57a2d4851a1d" relativeResultsDirectory="1deef60e-c46e-4511-9c6c-743945a1d8b3" />
    <UnitTestResult executionId="c8ec843f-6080-4520-9152-1368db3dde1e" testId="ccf994e7-14c6-ff8b-9bb5-af022501b2a4" testName="SubstituteWrittenLanguage_UnknownScript_UsesUnknownScriptHint" computerName="HEIMDALLR" duration="00:00:00.0018239" startTime="2026-03-10T10:12:02.8922822+11:00" endTime="2026-03-10T10:12:02.8941734+11:00" testType="13cdc9d9-ddb5-4fa4-a97d-d965ccfc6d4b" outcome="Passed" testListId="8c84fa94-04c1-424b-9868-57a2d4851a1d" relativeResultsDirectory="c8ec843f-6080-4520-9152-1368db3dde1e" />
    <UnitTestResult executionId="c55d7364-07b3-4c03-b957-bd4fd4120f4b" testId="255e3416-1648-3649-ec75-7b1e4954547c" testName="GetScatterTarget_ReturnsNullWhenTargetLocationMissing" computerName="HEIMDALLR" duration="00:00:00.0002596" startTime="2026-03-10T10:12:01.9785274+11:00" endTime="2026-03-10T10:12:01.9788547+11:00" testType="13cdc9d9-ddb5-4fa4-a97d-d965ccfc6d4b" outcome="Passed" testListId="8c84fa94-04c1-424b-9868-57a2d4851a1d" relativeResultsDirectory="c55d7364-07b3-4c03-b957-bd4fd4120f4b" />
    <UnitTestResult executionId="31b94a6d-3346-40c7-9946-21e39ae32556" testId="16132ed8-7516-c0f7-d243-6bc5ba757417" testName="TestOrbitalMathematics" computerName="HEIMDALLR" duration="00:00:00.0047878" startTime="2026-03-10T10:11:48.0121080+11:00" endTime="2026-03-10T10:11:48.0381829+11:00" testType="13cdc9d9-ddb5-4fa4-a97d-d965ccfc6d4b" outcome="Passed" testListId="8c84fa94-04c1-424b-9868-57a2d4851a1d" relativeResultsDirectory="31b94a6d-3346-40c7-9946-21e39ae32556" />
    <UnitTestResult executionId="826b4ba4-1cc5-468f-8aa9-63e605ddb54a" testId="a6467ccf-23f7-38ae-98e0-b08a942461ed" testName="Wrap_TrailingNewline_IsPreserved" computerName="HEIMDALLR" duration="00:00:00.0001165" startTime="2026-03-10T10:12:02.1665539+11:00" endTime="2026-03-10T10:12:02.1667311+11:00" testType="13cdc9d9-ddb5-4fa4-a97d-d965ccfc6d4b" outcome="Passed" testListId="8c84fa94-04c1-424b-9868-57a2d4851a1d" relativeResultsDirectory="826b4ba4-1cc5-468f-8aa9-63e605ddb54a" />
    <UnitTestResult executionId="1b04f17f-e248-445c-8f5b-958240fa2e17" testId="1c63ba89-3555-a4a9-2ba0-41ae4f054f4f" testName="TakeRandom_HonoursWeightsAndPickCounts" computerName="HEIMDALLR" duration="00:00:00.0093058" startTime="2026-03-10T10:12:01.8675688+11:00" endTime="2026-03-10T10:12:01.8769662+11:00" testType="13cdc9d9-ddb5-4fa4-a97d-d965ccfc6d4b" outcome="Passed" testListId="8c84fa94-04c1-424b-9868-57a2d4851a1d" relativeResultsDirectory="1b04f17f-e248-445c-8f5b-958240fa2e17" />
    <UnitTestResult executionId="20b921e1-e3c0-4ff6-a347-ea91b0546c08" testId="bb1cfda6-4757-e5c8-69f1-5c18d5c80de9" testName="RemoveBlankLines_RemovesExtraBlankLines" computerName="HEIMDALLR" duration="00:00:00.0003381" startTime="2026-03-10T10:12:02.1334058+11:00" endTime="2026-03-10T10:12:02.1338137+11:00" testType="13cdc9d9-ddb5-4fa4-a97d-d965ccfc6d4b" outcome="Passed" testListId="8c84fa94-04c1-424b-9868-57a2d4851a1d" relativeResultsDirectory="20b921e1-e3c0-4ff6-a347-ea91b0546c08" />
    <UnitTestResult executionId="5ace52a8-ae36-4b4b-b4a3-98a87c74f96d" testId="fbbb3de8-f668-c8a4-acd0-7fc0c313e728" testName="TestMinMaxDecimal" computerName="HEIMDALLR" duration="00:00:00.0002876" startTime="2026-03-10T10:11:48.1452363+11:00" endTime="2026-03-10T10:11:48.1455671+11:00" testType="13cdc9d9-ddb5-4fa4-a97d-d965ccfc6d4b" outcome="Passed" testListId="8c84fa94-04c1-424b-9868-57a2d4851a1d" relativeResultsDirectory="5ace52a8-ae36-4b4b-b4a3-98a87c74f96d" />
    <UnitTestResult executionId="5ca63fcd-2e06-4cbc-89a6-f66f3552ce2c" testId="3d240ec1-1c3e-cda6-4b69-61241bd848bf" testName="ReplaceFirst_StringOverload" computerName="HEIMDALLR" duration="00:00:00.0002011" startTime="2026-03-10T10:12:02.1190744+11:00" endTime="2026-03-10T10:12:02.1193317+11:00" testType="13cdc9d9-ddb5-4fa4-a97d-d965ccfc6d4b" outcome="Passed" testListId="8c84fa94-04c1-424b-9868-57a2d4851a1d" relativeResultsDirectory="5ca63fcd-2e06-4cbc-89a6-f66f3552ce2c" />
    <UnitTestResult executionId="384b3a17-df66-423d-a61b-4952c49be1f0" testId="5488c50d-73c4-e913-7936-5cf040a63b7a" testName="TestApplyToAdjacent" computerName="HEIMDALLR" duration="00:00:00.0013952" startTime="2026-03-10T10:11:48.1926482+11:00" endTime="2026-03-10T10:11:48.1940880+11:00" testType="13cdc9d9-ddb5-4fa4-a97d-d965ccfc6d4b" outcome="Passed" testListId="8c84fa94-04c1-424b-9868-57a2d4851a1d" relativeResultsDirectory="384b3a17-df66-423d-a61b-4952c49be1f0" />
    <UnitTestResult executionId="31c2e0c3-c577-451b-8610-69b9ce93c631" testId="df883301-e958-b5f3-f522-ac0d13c8ba3b" testName="RandomNormalOverRange_ProducesValueWithinBounds" computerName="HEIMDALLR" duration="00:00:00.0001303" startTime="2026-03-10T10:12:01.8953035+11:00" endTime="2026-03-10T10:12:01.8954883+11:00" testType="13cdc9d9-ddb5-4fa4-a97d-d965ccfc6d4b" outcome="Passed" testListId="8c84fa94-04c1-424b-9868-57a2d4851a1d" relativeResultsDirectory="31c2e0c3-c577-451b-8610-69b9ce93c631" />
    <UnitTestResult executionId="110f7a49-60e8-4a7b-a376-60eb1704fefa" testId="21a44358-b08a-08b3-f519-0dd0beaa8921" testName="GetCharacterRatings_ReturnsOnlyRequestedCharacterWithinArena" computerName="HEIMDALLR" duration="00:00:00.0188542" startTime="2026-03-10T10:13:10.9066790+11:00" endTime="2026-03-10T10:13:10.9256095+11:00" testType="13cdc9d9-ddb5-4fa4-a97d-d965ccfc6d4b" outcome="Passed" testListId="8c84fa94-04c1-424b-9868-57a2d4851a1d" relativeResultsDirectory="110f7a49-60e8-4a7b-a376-60eb1704fefa" />
    <UnitTestResult executionId="5208dad0-bb0e-4d1b-9c7c-aaf28d7d3204" testId="7e041889-b0f7-8221-c93e-75c2e83ef252" testName="IsValidFormatString_AllOverloads" computerName="HEIMDALLR" duration="00:00:00.0002806" startTime="2026-03-10T10:12:02.8544446+11:00" endTime="2026-03-10T10:12:02.8548107+11:00" testType="13cdc9d9-ddb5-4fa4-a97d-d965ccfc6d4b" outcome="Passed" testListId="8c84fa94-04c1-424b-9868-57a2d4851a1d" relativeResultsDirectory="5208dad0-bb0e-4d1b-9c7c-aaf28d7d3204" />
    <UnitTestResult executionId="6b21ec68-6fba-46d3-b3d1-b759cb703a8f" testId="942e8cd2-b912-1a66-7f0e-17b81eae11af" testName="GetDateOrder_AmbiguousOrUncommonPatterns_ReturnsExpected" computerName="HEIMDALLR" duration="00:00:00.0004642" startTime="2026-03-10T10:12:02.9707119+11:00" endTime="2026-03-10T10:12:02.9712751+11:00" testType="13cdc9d9-ddb5-4fa4-a97d-d965ccfc6d4b" outcome="Passed" testListId="8c84fa94-04c1-424b-9868-57a2d4851a1d" relativeResultsDirectory="6b21ec68-6fba-46d3-b3d1-b759cb703a8f" />
    <UnitTestResult executionId="988e36ff-686a-464b-9a1f-b87b219eaaa7" testId="ef8ae738-8a3b-de50-d04c-c3e8f3b59c3a" testName="WeatherSeeder_ColdSemiAridProfile_RemainsWithinBroadDenverBounds" computerName="HEIMDALLR" duration="00:00:02.7083833" startTime="2026-03-10T10:12:38.2076968+11:00" endTime="2026-03-10T10:12:40.9162535+11:00" testType="13cdc9d9-ddb5-4fa4-a97d-d965ccfc6d4b" outcome="Passed" testListId="8c84fa94-04c1-424b-9868-57a2d4851a1d" relativeResultsDirectory="988e36ff-686a-464b-9a1f-b87b219eaaa7" />
    <UnitTestResult executionId="22e309f0-29e5-454a-bd60-f95253b47b29" testId="0e2ff094-c010-4fa4-2180-f14d5884baf1" testName="TitleCase_CapitalisesWords" computerName="HEIMDALLR" duration="00:00:00.0002331" startTime="2026-03-10T10:12:02.1196748+11:00" endTime="2026-03-10T10:12:02.1199663+11:00" testType="13cdc9d9-ddb5-4fa4-a97d-d965ccfc6d4b" outcome="Passed" testListId="8c84fa94-04c1-424b-9868-57a2d4851a1d" relativeResultsDirectory="22e309f0-29e5-454a-bd60-f95253b47b29" />
    <UnitTestResult executionId="9cb5b9e8-ba17-43ee-8bed-27f2f727d326" testId="8fc23588-2e1f-3cd5-2a9a-dadd1d00a1cd" testName="EnsureParticipation_WhenEffectExists_DoesNotDuplicate" computerName="HEIMDALLR" duration="00:00:00.0011173" startTime="2026-03-10T10:13:10.6692831+11:00" endTime="2026-03-10T10:13:10.6704300+11:00" testType="13cdc9d9-ddb5-4fa4-a97d-d965ccfc6d4b" outcome="Passed" testListId="8c84fa94-04c1-424b-9868-57a2d4851a1d" relativeResultsDirectory="9cb5b9e8-ba17-43ee-8bed-27f2f727d326" />
    <UnitTestResult executionId="9aa29dd5-3ee1-41b7-9a2f-220de76c06c8" testId="932187c7-db0f-b927-45a3-272ea202c7bb" testName="TestWithin" computerName="HEIMDALLR" duration="00:00:00.0003932" startTime="2026-03-10T10:11:49.0382766+11:00" endTime="2026-03-10T10:11:49.0388106+11:00" testType="13cdc9d9-ddb5-4fa4-a97d-d965ccfc6d4b" outcome="Passed" testListId="8c84fa94-04c1-424b-9868-57a2d4851a1d" relativeResultsDirectory="9aa29dd5-3ee1-41b7-9a2f-220de76c06c8" />
    <UnitTestResult executionId="be620abd-1d06-41ab-a49e-5fa52afcdd07" testId="f3d62922-9ff2-a82c-91bf-708609c675d9" testName="RawTextForDiscord_ReplacesColours" computerName="HEIMDALLR" duration="00:00:00.0002740" startTime="2026-03-10T10:12:02.1348236+11:00" endTime="2026-03-10T10:12:02.1351607+11:00" testType="13cdc9d9-ddb5-4fa4-a97d-d965ccfc6d4b" outcome="Passed" testListId="8c84fa94-04c1-424b-9868-57a2d4851a1d" relativeResultsDirectory="be620abd-1d06-41ab-a49e-5fa52afcdd07" />
    <UnitTestResult executionId="d56b8c89-baab-4001-a383-af3bad37273c" testId="592352e4-f595-1634-1cf7-f6b7ddc4e8be" testName="TestIsSingular" computerName="HEIMDALLR" duration="00:00:00.0085528" startTime="2026-03-10T10:12:01.5723711+11:00" endTime="2026-03-10T10:12:01.5810655+11:00" testType="13cdc9d9-ddb5-4fa4-a97d-d965ccfc6d4b" outcome="Passed" testListId="8c84fa94-04c1-424b-9868-57a2d4851a1d" relativeResultsDirectory="d56b8c89-baab-4001-a383-af3bad37273c" />
    <UnitTestResult executionId="a83e95f0-be0a-4cbc-8bd9-c68ef6aa7c52" testId="c8adaa6d-ddd7-c8a1-24d3-a267f4cc8142" testName="SyncRecurringSchedule_DisabledTemplate_OnlyClearsRecurringSchedule" computerName="HEIMDALLR" duration="00:00:00.0008171" startTime="2026-03-10T10:13:10.9546841+11:00" endTime="2026-03-10T10:13:10.9555314+11:00" testType="13cdc9d9-ddb5-4fa4-a97d-d965ccfc6d4b" outcome="Passed" testListId="8c84fa94-04c1-424b-9868-57a2d4851a1d" relativeResultsDirectory="a83e95f0-be0a-4cbc-8bd9-c68ef6aa7c52" />
    <UnitTestResult executionId="33f6e5df-c72e-43bf-b15d-8fe800390144" testId="30589ccc-536c-8f3a-1515-50ec87fbb44a" testName="Schedule_RegistrationFull_TransitionsToPreparingImmediately" computerName="HEIMDALLR" duration="00:00:00.0030075" startTime="2026-03-10T10:13:10.9447151+11:00" endTime="2026-03-10T10:13:10.9477518+11:00" testType="13cdc9d9-ddb5-4fa4-a97d-d965ccfc6d4b" outcome="Passed" testListId="8c84fa94-04c1-424b-9868-57a2d4851a1d" relativeResultsDirectory="33f6e5df-c72e-43bf-b15d-8fe800390144" />
    <UnitTestResult executionId="9b4fa573-fb73-4cd5-b912-a9fd849278a2" testId="ede40c53-cdaa-413b-41d0-e2362148420b" testName="ListToCommaSeparatedValues_DefaultAndNull" computerName="HEIMDALLR" duration="00:00:00.0001117" startTime="2026-03-10T10:11:48.1613190+11:00" endTime="2026-03-10T10:11:48.1615311+11:00" testType="13cdc9d9-ddb5-4fa4-a97d-d965ccfc6d4b" outcome="Passed" testListId="8c84fa94-04c1-424b-9868-57a2d4851a1d" relativeResultsDirectory="9b4fa573-fb73-4cd5-b912-a9fd849278a2" />
    <UnitTestResult executionId="19feda75-0589-4ed5-a894-d8a3f27c2cbf" testId="a9e6a64e-f0b3-8977-6677-b54135df3c69" testName="GetByIdOrNameRevisable_NoPreferredStatuses_ReturnsHighestRevision" computerName="HEIMDALLR" duration="00:00:00.0008494" startTime="2026-03-10T10:11:48.1184994+11:00" endTime="2026-03-10T10:11:48.1194005+11:00" testType="13cdc9d9-ddb5-4fa4-a97d-d965ccfc6d4b" outcome="Passed" testListId="8c84fa94-04c1-424b-9868-57a2d4851a1d" relativeResultsDirectory="19feda75-0589-4ed5-a894-d8a3f27c2cbf" />
    <UnitTestResult executionId="29b3af82-9f55-4716-a9b2-5cfede55367f" testId="7787a5f8-c196-25be-d3b7-a9411ac52ce4" testName="ArrangeStringsOntoLines_WrapsCorrectly" computerName="HEIMDALLR" duration="00:00:00.0002779" startTime="2026-03-10T10:11:48.1543708+11:00" endTime="2026-03-10T10:11:48.1546978+11:00" testType="13cdc9d9-ddb5-4fa4-a97d-d965ccfc6d4b" outcome="Passed" testListId="8c84fa94-04c1-424b-9868-57a2d4851a1d" relativeResultsDirectory="29b3af82-9f55-4716-a9b2-5cfede55367f" />
    <UnitTestResult executionId="6d4603b2-a5f3-4ee8-add3-215d5a449b34" testId="bc30a42f-ffb6-b4b9-1f66-e2339495a433" testName="Test_SingleWord" computerName="HEIMDALLR" duration="00:00:00.0001074" startTime="2026-03-10T10:12:02.7441307+11:00" endTime="2026-03-10T10:12:02.7442833+11:00" testType="13cdc9d9-ddb5-4fa4-a97d-d965ccfc6d4b" outcome="Passed" testListId="8c84fa94-04c1-424b-9868-57a2d4851a1d" relativeResultsDirectory="6d4603b2-a5f3-4ee8-add3-215d5a449b34" />
    <UnitTestResult executionId="47b10f15-3405-4637-9e79-c6f60233b2ce" testId="64520385-2337-865c-063e-8054b2ec014b" testName="TestFindSequenceConsecutiveNoMatch" computerName="HEIMDALLR" duration="00:00:00.0002051" startTime="2026-03-10T10:11:48.1503606+11:00" endTime="2026-03-10T10:11:48.1506090+11:00" testType="13cdc9d9-ddb5-4fa4-a97d-d965ccfc6d4b" outcome="Passed" testListId="8c84fa94-04c1-424b-9868-57a2d4851a1d" relativeResultsDirectory="47b10f15-3405-4637-9e79-c6f60233b2ce" />
    <UnitTestResult executionId="bb5ff0fa-7748-4d82-b318-e27cb0b391bb" testId="39b7a7ae-f695-43de-feb2-ffaad41ca208" testName="TestExecute" computerName="HEIMDALLR" duration="00:00:00.0260340" startTime="2026-03-10T10:12:01.8302600+11:00" endTime="2026-03-10T10:12:01.8563886+11:00" testType="13cdc9d9-ddb5-4fa4-a97d-d965ccfc6d4b" outcome="Passed" testListId="8c84fa94-04c1-424b-9868-57a2d4851a1d" relativeResultsDirectory="bb5ff0fa-7748-4d82-b318-e27cb0b391bb" />
    <UnitTestResult executionId="56b7ea4e-3bea-476b-b90a-d50359fcacd6" testId="4aed18a6-7c96-f832-a7bc-53c06b007a7f" testName="TestFirstMaxDefaultValueBehaviour" computerName="HEIMDALLR" duration="00:00:00.0000970" startTime="2026-03-10T10:11:48.1487879+11:00" endTime="2026-03-10T10:11:48.1489262+11:00" testType="13cdc9d9-ddb5-4fa4-a97d-d965ccfc6d4b" outcome="Passed" testListId="8c84fa94-04c1-424b-9868-57a2d4851a1d" relativeResultsDirectory="56b7ea4e-3bea-476b-b90a-d50359fcacd6" />
    <UnitTestResult executionId="b071206a-9667-4562-a01a-d1b7727141ad" testId="03375ae5-edcf-ca04-65eb-7f630e08e9d0" testName="Fullstop_AddsWhenMissing" computerName="HEIMDALLR" duration="00:00:00.0001564" startTime="2026-03-10T10:12:02.1186565+11:00" endTime="2026-03-10T10:12:02.1188709+11:00" testType="13cdc9d9-ddb5-4fa4-a97d-d965ccfc6d4b" outcome="Passed" testListId="8c84fa94-04c1-424b-9868-57a2d4851a1d" relativeResultsDirectory="b071206a-9667-4562-a01a-d1b7727141ad" />
    <UnitTestResult executionId="73933cc6-c010-4aaf-8634-dd7ffb4dbb44" testId="7e9074b5-bab3-8d81-2faf-8029f6cf3ffe" testName="TestApproximateInt" computerName="HEIMDALLR" duration="00:00:00.0001285" startTime="2026-03-10T10:11:49.0226647+11:00" endTime="2026-03-10T10:11:49.0228295+11:00" testType="13cdc9d9-ddb5-4fa4-a97d-d965ccfc6d4b" outcome="Passed" testListId="8c84fa94-04c1-424b-9868-57a2d4851a1d" relativeResultsDirectory="73933cc6-c010-4aaf-8634-dd7ffb4dbb44" />
    <UnitTestResult executionId="743c04f8-ebcb-48a4-ade6-05834ae6a8dd" testId="e7c77774-5c1b-4188-a8df-374a6cba5f6c" testName="Transition_FinalStates_CancelsScheduling" computerName="HEIMDALLR" duration="00:00:00.0014534" startTime="2026-03-10T10:13:10.5768829+11:00" endTime="2026-03-10T10:13:10.5783638+11:00" testType="13cdc9d9-ddb5-4fa4-a97d-d965ccfc6d4b" outcome="Passed" testListId="8c84fa94-04c1-424b-9868-57a2d4851a1d" relativeResultsDirectory="743c04f8-ebcb-48a4-ade6-05834ae6a8dd" />
    <UnitTestResult executionId="9cbcc56d-4b17-4368-aace-bff103dc0aaf" testId="e5879535-8210-eb11-b76a-caecb3c06790" testName="Transition_ForwardState_EnforcesAndSchedules" computerName="HEIMDALLR" duration="00:00:00.0075855" startTime="2026-03-10T10:13:10.5671511+11:00" endTime="2026-03-10T10:13:10.5749103+11:00" testType="13cdc9d9-ddb5-4fa4-a97d-d965ccfc6d4b" outcome="Passed" testListId="8c84fa94-04c1-424b-9868-57a2d4851a1d" relativeResultsDirectory="9cbcc56d-4b17-4368-aace-bff103dc0aaf" />
    <UnitTestResult executionId="32511b2b-8fba-44fc-bb5e-2d3179ec53ab" testId="7207d503-ce40-a3f3-04e8-0df67848e745" testName="SplitStringsForDiscord_NoNewline_SplitsAtLimit" computerName="HEIMDALLR" duration="00:00:00.0001624" startTime="2026-03-10T10:12:02.1693635+11:00" endTime="2026-03-10T10:12:02.1695869+11:00" testType="13cdc9d9-ddb5-4fa4-a97d-d965ccfc6d4b" outcome="Passed" testListId="8c84fa94-04c1-424b-9868-57a2d4851a1d" relativeResultsDirectory="32511b2b-8fba-44fc-bb5e-2d3179ec53ab" />
    <UnitTestResult executionId="960fa7c8-f975-4fd0-b283-22c1e44192da" testId="c5ebf4fc-f357-48dc-c961-6a68abf5b466" testName="Colour_BasicColour_ProducesAnsiSequence" computerName="HEIMDALLR" duration="00:00:00.0002728" startTime="2026-03-10T10:12:02.1016151+11:00" endTime="2026-03-10T10:12:02.1019497+11:00" testType="13cdc9d9-ddb5-4fa4-a97d-d965ccfc6d4b" outcome="Passed" testListId="8c84fa94-04c1-424b-9868-57a2d4851a1d" relativeResultsDirectory="960fa7c8-f975-4fd0-b283-22c1e44192da" />
    <UnitTestResult executionId="8b1504cc-3680-4da5-ae9a-3cc09e5cb91d" testId="b91e6be2-de07-127f-cf74-05073b06e247" testName="WeatherSeeder_HumidSubtropicalProfile_RemainsWithinBroadAtlantaBounds" computerName="HEIMDALLR" duration="00:00:02.6543739" startTime="2026-03-10T10:12:17.1018829+11:00" endTime="2026-03-10T10:12:19.7566496+11:00" testType="13cdc9d9-ddb5-4fa4-a97d-d965ccfc6d4b" outcome="Passed" testListId="8c84fa94-04c1-424b-9868-57a2d4851a1d" relativeResultsDirectory="8b1504cc-3680-4da5-ae9a-3cc09e5cb91d" />
    <UnitTestResult executionId="110041f9-854e-4fd2-a7a3-fbc2c03378bc" testId="23fc5371-96fc-43b7-0f3d-2ff6b5409d37" testName="Test_AllUppercaseWordPreserved" computerName="HEIMDALLR" duration="00:00:00.0001303" startTime="2026-03-10T10:12:02.7430736+11:00" endTime="2026-03-10T10:12:02.7432527+11:00" testType="13cdc9d9-ddb5-4fa4-a97d-d965ccfc6d4b" outcome="Passed" testListId="8c84fa94-04c1-424b-9868-57a2d4851a1d" relativeResultsDirectory="110041f9-854e-4fd2-a7a3-fbc2c03378bc" />
    <UnitTestResult executionId="b8f2c77d-f5b6-41b1-9079-f45562a38de8" testId="c0d60a40-ff05-4d16-f3b3-18a0f5c62f4c" testName="InvokeDirectAttention_MissingApiKey_ReturnsFalse" computerName="HEIMDALLR" duration="00:00:00.0129275" startTime="2026-03-10T10:11:47.9970448+11:00" endTime="2026-03-10T10:11:48.0100605+11:00" testType="13cdc9d9-ddb5-4fa4-a97d-d965ccfc6d4b" outcome="Passed" testListId="8c84fa94-04c1-424b-9868-57a2d4851a1d" relativeResultsDirectory="b8f2c77d-f5b6-41b1-9079-f45562a38de8" />
    <UnitTestResult executionId="a12c7c90-b7c7-4f99-988f-45a5bf69c298" testId="f4a74c4a-decb-9c38-c042-642ee684f951" testName="BonusFormatting_Works" computerName="HEIMDALLR" duration="00:00:00.0006041" startTime="2026-03-10T10:12:02.1586644+11:00" endTime="2026-03-10T10:12:02.1593323+11:00" testType="13cdc9d9-ddb5-4fa4-a97d-d965ccfc6d4b" outcome="Passed" testListId="8c84fa94-04c1-424b-9868-57a2d4851a1d" relativeResultsDirectory="a12c7c90-b7c7-4f99-988f-45a5bf69c298" />
    <UnitTestResult executionId="3656c78e-27d5-4f9d-ba30-f8cce8044792" testId="99585c4b-aa47-47a7-ad35-2f5cad8df405" testName="TestSchedulerOrder" computerName="HEIMDALLR" duration="00:00:00.0047027" startTime="2026-03-10T10:12:01.9936242+11:00" endTime="2026-03-10T10:12:01.9984581+11:00" testType="13cdc9d9-ddb5-4fa4-a97d-d965ccfc6d4b" outcome="Passed" testListId="8c84fa94-04c1-424b-9868-57a2d4851a1d" relativeResultsDirectory="3656c78e-27d5-4f9d-ba30-f8cce8044792" />
    <UnitTestResult executionId="e12077df-82d1-455a-97d6-5a6978d80e26" testId="ff2b97bd-e492-da6f-f064-8b550b565d94" testName="Blink_WrapsWithCodes" computerName="HEIMDALLR" duration="00:00:00.0001169" startTime="2026-03-10T10:12:02.1123102+11:00" endTime="2026-03-10T10:12:02.1124844+11:00" testType="13cdc9d9-ddb5-4fa4-a97d-d965ccfc6d4b" outcome="Passed" testListId="8c84fa94-04c1-424b-9868-57a2d4851a1d" relativeResultsDirectory="e12077df-82d1-455a-97d6-5a6978d80e26" />
    <UnitTestResult executionId="3f10fcdc-b72c-478a-89e3-e4a8cfb81031" testId="7715888c-11e0-7417-e049-fa77567573dc" testName="GetCellInfos_ReturnsDistancesAndDirections" computerName="HEIMDALLR" duration="00:00:00.0418938" startTime="2026-03-10T10:12:01.9034881+11:00" endTime="2026-03-10T10:12:01.9455234+11:00" testType="13cdc9d9-ddb5-4fa4-a97d-d965ccfc6d4b" outcome="Passed" testListId="8c84fa94-04c1-424b-9868-57a2d4851a1d" relativeResultsDirectory="3f10fcdc-b72c-478a-89e3-e4a8cfb81031" />
    <UnitTestResult executionId="41d871e1-e46c-4d6c-9fd8-0fa6a215bed9" testId="fee59dcc-8dae-9aa8-c118-2e952d1609ce" testName="ConfigureToolLoopResponseOptions_RequiredChoice_SetsToolChoiceAndTokenBudget" computerName="HEIMDALLR" duration="00:00:00.0075453" startTime="2026-03-10T10:11:47.3853738+11:00" endTime="2026-03-10T10:11:47.3930071+11:00" testType="13cdc9d9-ddb5-4fa4-a97d-d965ccfc6d4b" outcome="Passed" testListId="8c84fa94-04c1-424b-9868-57a2d4851a1d" relativeResultsDirectory="41d871e1-e46c-4d6c-9fd8-0fa6a215bed9" />
    <UnitTestResult executionId="5ab02c43-3431-4804-8f2a-da7f27e8a462" testId="5358a7eb-4c7c-c757-cea3-7fba0b127ba1" testName="TestSum3Int" computerName="HEIMDALLR" duration="00:00:00.0005900" startTime="2026-03-10T10:11:48.1408968+11:00" endTime="2026-03-10T10:11:48.1415301+11:00" testType="13cdc9d9-ddb5-4fa4-a97d-d965ccfc6d4b" outcome="Passed" testListId="8c84fa94-04c1-424b-9868-57a2d4851a1d" relativeResultsDirectory="5ab02c43-3431-4804-8f2a-da7f27e8a462" />
    <UnitTestResult executionId="d46e2f61-e1b1-49b0-94a2-4d2ae33bd9b2" testId="6c066b0c-12d4-669d-6872-c33f4084d0f7" testName="WeatherSeeder_DryWinterHumidSubcontinentalProfile_RemainsWithinBroadSeoulBounds" computerName="HEIMDALLR" duration="00:00:02.7092647" startTime="2026-03-10T10:12:25.2691464+11:00" endTime="2026-03-10T10:12:27.9786257+11:00" testType="13cdc9d9-ddb5-4fa4-a97d-d965ccfc6d4b" outcome="Passed" testListId="8c84fa94-04c1-424b-9868-57a2d4851a1d" relativeResultsDirectory="d46e2f61-e1b1-49b0-94a2-4d2ae33bd9b2" />
    <UnitTestResult executionId="d8f76100-573c-43db-8793-33e775ca06fc" testId="d2accb99-c051-8c23-11c2-a825869dd4df" testName="SubstituteWrittenLanguage_SubstitutesAndFallsBack" computerName="HEIMDALLR" duration="00:00:00.0635810" startTime="2026-03-10T10:12:02.7907238+11:00" endTime="2026-03-10T10:12:02.8544003+11:00" testType="13cdc9d9-ddb5-4fa4-a97d-d965ccfc6d4b" outcome="Passed" testListId="8c84fa94-04c1-424b-9868-57a2d4851a1d" relativeResultsDirectory="d8f76100-573c-43db-8793-33e775ca06fc" />
    <UnitTestResult executionId="2d6f1172-1780-47ca-935c-7d51bd92991d" testId="c9d88743-3a01-abff-7dbd-4c31616cc3b7" testName="ParseCharacteristicsAbsolute_BasicSubstitution" computerName="HEIMDALLR" duration="00:00:00.0228923" startTime="2026-03-10T10:11:48.0410717+11:00" endTime="2026-03-10T10:11:48.0640611+11:00" testType="13cdc9d9-ddb5-4fa4-a97d-d965ccfc6d4b" outcome="Passed" testListId="8c84fa94-04c1-424b-9868-57a2d4851a1d" relativeResultsDirectory="2d6f1172-1780-47ca-935c-7d51bd92991d" />
    <UnitTestResult executionId="e44492b8-8d25-436b-9a81-ee4931fc13ce" testId="a4aca836-e3fb-8f9f-a158-9da571cb0608" testName="TestColumns" computerName="HEIMDALLR" duration="00:00:00.0006670" startTime="2026-03-10T10:12:02.1708720+11:00" endTime="2026-03-10T10:12:02.1716002+11:00" testType="13cdc9d9-ddb5-4fa4-a97d-d965ccfc6d4b" outcome="Passed" testListId="8c84fa94-04c1-424b-9868-57a2d4851a1d" relativeResultsDirectory="e44492b8-8d25-436b-9a81-ee4931fc13ce" />
    <UnitTestResult executionId="9237818d-2755-4856-956d-b01e98cc7074" testId="347a0a8e-65ee-e6f7-55c0-76350cc9ae5b" testName="ToDictionaryWithDefault_KeySelector_AssignsValuesCorrectly" computerName="HEIMDALLR" duration="00:00:00.0012103" startTime="2026-03-10T10:11:48.7418061+11:00" endTime="2026-03-10T10:11:48.7431092+11:00" testType="13cdc9d9-ddb5-4fa4-a97d-d965ccfc6d4b" outcome="Passed" testListId="8c84fa94-04c1-424b-9868-57a2d4851a1d" relativeResultsDirectory="9237818d-2755-4856-956d-b01e98cc7074" />
    <UnitTestResult executionId="465bbaa1-1fd9-49cd-b11b-88c25a9a59e5" testId="5e0f387e-989c-f3d2-5117-8dbe9d74a27d" testName="AnalyzeSimulation_SingleEventDeterministic_YieldsFullOccupancyAndFixedTemperatures" computerName="HEIMDALLR" duration="00:00:00.0038758" startTime="2026-03-10T10:13:10.0084135+11:00" endTime="2026-03-10T10:13:10.0125586+11:00" testType="13cdc9d9-ddb5-4fa4-a97d-d965ccfc6d4b" outcome="Passed" testListId="8c84fa94-04c1-424b-9868-57a2d4851a1d" relativeResultsDirectory="465bbaa1-1fd9-49cd-b11b-88c25a9a59e5" />
    <UnitTestResult executionId="e6055db9-f0b4-4eed-b4e7-9f12c6b739e0" testId="04b50f82-6283-4b1c-c863-65b655fecca4" testName="WeatherSeeder_MediterraneanProfile_RemainsWithinBroadSacramentoBounds" computerName="HEIMDALLR" duration="00:00:02.6628229" startTime="2026-03-10T10:12:19.7569523+11:00" endTime="2026-03-10T10:12:22.4199204+11:00" testType="13cdc9d9-ddb5-4fa4-a97d-d965ccfc6d4b" outcome="Passed" testListId="8c84fa94-04c1-424b-9868-57a2d4851a1d" relativeResultsDirectory="e6055db9-f0b4-4eed-b4e7-9f12c6b739e0" />
    <UnitTestResult executionId="a8b9217d-79e5-45e9-abfc-34f0ee0a9a55" testId="cbcf4de6-43d5-1e9a-fb5f-2c0bf8776cf2" testName="Test_EmptyString" computerName="HEIMDALLR" duration="00:00:00.0000768" startTime="2026-03-10T10:12:02.7438502+11:00" endTime="2026-03-10T10:12:02.7439749+11:00" testType="13cdc9d9-ddb5-4fa4-a97d-d965ccfc6d4b" outcome="Passed" testListId="8c84fa94-04c1-424b-9868-57a2d4851a1d" relativeResultsDirectory="a8b9217d-79e5-45e9-abfc-34f0ee0a9a55" />
    <UnitTestResult executionId="410cc6d7-e249-428b-b5e3-5e4dbf8ddb9b" testId="09f5ccb6-f0da-7a52-22e7-22d57938b408" testName="GetRating_ReturnsDefault_WhenNoRecordExists" computerName="HEIMDALLR" duration="00:00:00.0056238" startTime="2026-03-10T10:13:10.6728804+11:00" endTime="2026-03-10T10:13:10.6785735+11:00" testType="13cdc9d9-ddb5-4fa4-a97d-d965ccfc6d4b" outcome="Passed" testListId="8c84fa94-04c1-424b-9868-57a2d4851a1d" relativeResultsDirectory="410cc6d7-e249-428b-b5e3-5e4dbf8ddb9b" />
    <UnitTestResult executionId="b245e309-2dcf-4e14-8aef-10fc103cecab" testId="450b0359-a24f-cc03-c614-434f9fc59079" testName="SubstituteANSIColour_EscapedHash" computerName="HEIMDALLR" duration="00:00:00.0000882" startTime="2026-03-10T10:12:02.7472481+11:00" endTime="2026-03-10T10:12:02.7473844+11:00" testType="13cdc9d9-ddb5-4fa4-a97d-d965ccfc6d4b" outcome="Passed" testListId="8c84fa94-04c1-424b-9868-57a2d4851a1d" relativeResultsDirectory="b245e309-2dcf-4e14-8aef-10fc103cecab" />
    <UnitTestResult executionId="b516649e-6f26-44f5-8033-9eff98fb5e18" testId="b712a521-8f65-ec45-3407-8bea89f2ac66" testName="ColourBold_WrapsAndResets" computerName="HEIMDALLR" duration="00:00:00.0001562" startTime="2026-03-10T10:12:02.1054490+11:00" endTime="2026-03-10T10:12:02.1056618+11:00" testType="13cdc9d9-ddb5-4fa4-a97d-d965ccfc6d4b" outcome="Passed" testListId="8c84fa94-04c1-424b-9868-57a2d4851a1d" relativeResultsDirectory="b516649e-6f26-44f5-8033-9eff98fb5e18" />
    <UnitTestResult executionId="d9654500-65b2-45f1-9c07-18240b8bbe87" testId="755c58aa-0649-6059-0a04-fad65964cc96" testName="WeatherSeeder_TropicalRainforestProfile_RemainsWithinBroadSingaporeBounds" computerName="HEIMDALLR" duration="00:00:02.4398217" startTime="2026-03-10T10:12:46.3566688+11:00" endTime="2026-03-10T10:12:48.7966123+11:00" testType="13cdc9d9-ddb5-4fa4-a97d-d965ccfc6d4b" outcome="Passed" testListId="8c84fa94-04c1-424b-9868-57a2d4851a1d" relativeResultsDirectory="d9654500-65b2-45f1-9c07-18240b8bbe87" />
    <UnitTestResult executionId="972951c3-9cd5-42fa-90bf-716e1453f410" testId="f275de64-3dc9-16ea-336c-ad08202e0390" testName="TestGetPowerLawDistribution" computerName="HEIMDALLR" duration="00:00:00.0019415" startTime="2026-03-10T10:11:49.0245839+11:00" endTime="2026-03-10T10:11:49.0265675+11:00" testType="13cdc9d9-ddb5-4fa4-a97d-d965ccfc6d4b" outcome="Passed" testListId="8c84fa94-04c1-424b-9868-57a2d4851a1d" relativeResultsDirectory="972951c3-9cd5-42fa-90bf-716e1453f410" />
    <UnitTestResult executionId="cd6fce2a-69c2-4423-9fa1-65ce66ad5137" testId="a9829042-7a23-442c-f0ad-b0c5a74ae24d" testName="WeatherSeeder_HumidSubcontinentalProfile_RemainsWithinBroadBuffaloBounds" computerName="HEIMDALLR" duration="00:00:02.8485852" startTime="2026-03-10T10:12:22.4201921+11:00" endTime="2026-03-10T10:12:25.2689126+11:00" testType="13cdc9d9-ddb5-4fa4-a97d-d965ccfc6d4b" outcome="Passed" testListId="8c84fa94-04c1-424b-9868-57a2d4851a1d" relativeResultsDirectory="cd6fce2a-69c2-4423-9fa1-65ce66ad5137" />
    <UnitTestResult executionId="f245739b-eb1c-454a-b6d3-3cc08caeb838" testId="9bd71f77-3d5c-88f6-917b-34e105324a00" testName="TestOptionSolverSolutions" computerName="HEIMDALLR" duration="00:00:00.0115364" startTime="2026-03-10T10:11:49.0265866+11:00" endTime="2026-03-10T10:11:49.0382371+11:00" testType="13cdc9d9-ddb5-4fa4-a97d-d965ccfc6d4b" outcome="Passed" testListId="8c84fa94-04c1-424b-9868-57a2d4851a1d" relativeResultsDirectory="f245739b-eb1c-454a-b6d3-3cc08caeb838" />
[...]
    <TestEntry testId="f4d5106e-ad0f-2dd4-4e5f-27829dbf9ac6" executionId="c3336931-7967-4f06-b533-c8e327062eb1" testListId="8c84fa94-04c1-424b-9868-57a2d4851a1d" />
    <TestEntry testId="be50d10f-809f-cf1b-3cde-c3fc4b083c5e" executionId="9c4d554a-36a4-4d3e-9875-149c69ce5839" testListId="8c84fa94-04c1-424b-9868-57a2d4851a1d" />
    <TestEntry testId="38b03efb-c620-d795-cc56-c83518a6a950" executionId="7a4b04ab-5fea-4d09-be85-44ac37f18ec4" testListId="8c84fa94-04c1-424b-9868-57a2d4851a1d" />
    <TestEntry testId="ad9ed8d5-3aa3-0abe-038c-69079c090dad" executionId="3736c175-3f0c-4ec5-9fe9-d47d751dd8ca" testListId="8c84fa94-04c1-424b-9868-57a2d4851a1d" />
    <TestEntry testId="67b6f2c8-ca99-d7d8-c3d3-6472612e70f9" executionId="5695be81-cf4f-4917-be83-79d06d755c83" testListId="8c84fa94-04c1-424b-9868-57a2d4851a1d" />
    <TestEntry testId="804030a2-7c57-3b4d-35a1-2128737befe7" executionId="55806d65-597a-498d-a9d2-45d3d2fe7924" testListId="8c84fa94-04c1-424b-9868-57a2d4851a1d" />
    <TestEntry testId="1b462c33-2651-80d9-f995-36c11c35be24" executionId="1d847a45-6068-4342-911d-11db6ca71a96" testListId="8c84fa94-04c1-424b-9868-57a2d4851a1d" />
    <TestEntry testId="d47658d8-a8a5-091e-0c1e-b742a165989b" executionId="91e0b34c-ad8a-4c0f-9a6a-f68e5b26a351" testListId="8c84fa94-04c1-424b-9868-57a2d4851a1d" />
    <TestEntry testId="1254b557-9274-16c0-c3e3-a9035156f2e0" executionId="2b6aaf4a-f645-42c1-b520-a0f3fd88f4fa" testListId="8c84fa94-04c1-424b-9868-57a2d4851a1d" />
    <TestEntry testId="04569e62-bace-e9e4-caac-67081fad81ef" executionId="7a82f09c-d6b0-4d75-b73a-d5179210323d" testListId="8c84fa94-04c1-424b-9868-57a2d4851a1d" />
    <TestEntry testId="584c398b-51f1-641e-8077-1c39ed4905ce" executionId="bbe5a8a5-8f62-49c8-9baa-bb827cb77d84" testListId="8c84fa94-04c1-424b-9868-57a2d4851a1d" />
    <TestEntry testId="b71aecd1-488c-dc33-9df3-c51e2f57170b" executionId="3d7d8996-7ebb-4cd5-a4d0-6e740a340a1c" testListId="8c84fa94-04c1-424b-9868-57a2d4851a1d" />
    <TestEntry testId="5664b15b-ca58-408d-2363-2ad47316f273" executionId="9c8bdd45-5015-4dea-95d3-fb2e18426e4b" testListId="8c84fa94-04c1-424b-9868-57a2d4851a1d" />
    <TestEntry testId="73a7b6f6-57f1-efc1-544b-2bfc4b689663" executionId="0dafe16b-a71c-4392-a9d7-648be85750f8" testListId="8c84fa94-04c1-424b-9868-57a2d4851a1d" />
    <TestEntry testId="4566af68-bc93-d90a-f7b6-bda9fcc7b268" executionId="fd3e17e0-1425-46fd-a83c-d95b7dd5cefe" testListId="8c84fa94-04c1-424b-9868-57a2d4851a1d" />
    <TestEntry testId="a77b4f90-a63d-26a0-c631-e9260f9c97d3" executionId="1e5ac406-2880-41ed-bac8-7ede48308caf" testListId="8c84fa94-04c1-424b-9868-57a2d4851a1d" />
    <TestEntry testId="b991ec7e-f0ce-666d-1738-ad123d208ac6" executionId="948a2a6b-7b97-4a94-95b1-e193a155b330" testListId="8c84fa94-04c1-424b-9868-57a2d4851a1d" />
    <TestEntry testId="39f3dc88-4eea-e46e-d6b8-f5a88f84f44a" executionId="173fae6d-3e50-4776-b2c4-563729de9f3c" testListId="8c84fa94-04c1-424b-9868-57a2d4851a1d" />
    <TestEntry testId="b0a2dbbe-3c76-4826-d484-62489de2e65f" executionId="8de68d0a-d2ce-4784-b2c7-9f41f5b06461" testListId="8c84fa94-04c1-424b-9868-57a2d4851a1d" />
    <TestEntry testId="f67f4ab9-56fa-4109-5d1a-e9481466ed7d" executionId="cd01da1d-22e3-4bd2-8d98-780fc52b9fe0" testListId="8c84fa94-04c1-424b-9868-57a2d4851a1d" />
    <TestEntry testId="e9677197-3deb-5175-3a10-0f633d7a0a4a" executionId="2d9d8997-db08-42e3-b449-a7f9c87fcdd5" testListId="8c84fa94-04c1-424b-9868-57a2d4851a1d" />
    <TestEntry testId="99045016-e154-b950-b5e6-901d8eb8f0ff" executionId="2bbc53f1-0be5-4864-a5ce-26e352149928" testListId="8c84fa94-04c1-424b-9868-57a2d4851a1d" />
    <TestEntry testId="ff45c099-6d89-c8ee-e955-e4922e1b7b3e" executionId="c1b47f80-3b35-4d08-874b-43eeec5dff33" testListId="8c84fa94-04c1-424b-9868-57a2d4851a1d" />
    <TestEntry testId="a66aa3bd-e54e-1171-7b8a-aa1d3bc46c50" executionId="0249c800-d0b1-43f4-b00f-2894dbd6bae3" testListId="8c84fa94-04c1-424b-9868-57a2d4851a1d" />
    <TestEntry testId="e75e174f-85bd-c787-8371-48dd007d187f" executionId="a74e8985-6a20-4d50-abaa-e8da4af39643" testListId="8c84fa94-04c1-424b-9868-57a2d4851a1d" />
    <TestEntry testId="3b9a2779-32d2-24b1-fcfa-07300c440af8" executionId="c0db9f75-6edb-46db-8346-a4cbdf5938c3" testListId="8c84fa94-04c1-424b-9868-57a2d4851a1d" />
    <TestEntry testId="087ef66c-6416-9fa8-2ec8-90bf39e5bb61" executionId="6f006228-e899-4d22-9e88-c12bb868c14b" testListId="8c84fa94-04c1-424b-9868-57a2d4851a1d" />
    <TestEntry testId="b5fdc12c-a999-dc60-7e80-fb22767f829b" executionId="40414a53-42fe-4a48-b6d7-e9de4ea8748c" testListId="8c84fa94-04c1-424b-9868-57a2d4851a1d" />
    <TestEntry testId="e46390ba-1032-5166-f25e-34b60e515a58" executionId="aee84a32-1ff5-47cd-a682-edcc4982d269" testListId="8c84fa94-04c1-424b-9868-57a2d4851a1d" />
    <TestEntry testId="e6199108-1058-b1bb-6496-9c4d4d6402a3" executionId="0799087a-9874-4c59-ab9f-af8f80d215f2" testListId="8c84fa94-04c1-424b-9868-57a2d4851a1d" />
    <TestEntry testId="1ad6a912-7e34-27be-4bef-55a1f817aca7" executionId="69964424-628c-4a9d-a9b5-339b171dd7eb" testListId="8c84fa94-04c1-424b-9868-57a2d4851a1d" />
    <TestEntry testId="0e315070-79c6-677e-ba55-9548a0072049" executionId="56668ab3-eea0-49bb-8a1b-251deab7feab" testListId="8c84fa94-04c1-424b-9868-57a2d4851a1d" />
    <TestEntry testId="8b1eb319-9799-613b-99a4-9401a0ba5ada" executionId="c767ad15-6656-4f8d-bdf2-f875a0fc02d5" testListId="8c84fa94-04c1-424b-9868-57a2d4851a1d" />
    <TestEntry testId="f1f864f2-b1a0-b7b8-59a5-7b49d82a3fd5" executionId="7de92ea4-32a9-475c-b0b8-0262a0d54ba7" testListId="8c84fa94-04c1-424b-9868-57a2d4851a1d" />
    <TestEntry testId="932b5cfb-d172-b034-a398-4435e24fbb2d" executionId="d064b07a-ab45-408b-a699-196f69a33463" testListId="8c84fa94-04c1-424b-9868-57a2d4851a1d" />
    <TestEntry testId="be625864-05c2-04ea-2d0c-b27beed5a691" executionId="9295f493-09ba-43b8-8340-3c6b9111e009" testListId="8c84fa94-04c1-424b-9868-57a2d4851a1d" />
    <TestEntry testId="d5514252-6a6f-6073-2428-f4363e99c337" executionId="2c67053e-8e04-4ad3-9214-240ea4432b34" testListId="8c84fa94-04c1-424b-9868-57a2d4851a1d" />
    <TestEntry testId="2484d1b1-49f3-a864-37f4-098d4216d06f" executionId="6cadf551-e1c8-42ca-a670-2f061740d7be" testListId="8c84fa94-04c1-424b-9868-57a2d4851a1d" />
    <TestEntry testId="98a17be5-2030-a608-b87a-f6b86879ab7a" executionId="9f6f3444-dac9-4679-ad70-5d0cef14abf4" testListId="8c84fa94-04c1-424b-9868-57a2d4851a1d" />
    <TestEntry testId="4932218a-3097-915a-602f-1a5ff221bcd3" executionId="93eec367-82df-4925-a1cb-2c2d431eb12f" testListId="8c84fa94-04c1-424b-9868-57a2d4851a1d" />
    <TestEntry testId="3085b5bb-edca-4116-6f93-fa3c3bebc474" executionId="0c0c5301-a9e1-4862-af79-4da62b48f687" testListId="8c84fa94-04c1-424b-9868-57a2d4851a1d" />
    <TestEntry testId="2b125936-3207-997f-a7f7-11230a27f025" executionId="dfabb95b-80af-4b02-99ca-dcb717bf1d07" testListId="8c84fa94-04c1-424b-9868-57a2d4851a1d" />
    <TestEntry testId="a9eb3f5b-a424-0296-7bb9-f6cf81304545" executionId="42738977-297d-4e66-a6e6-f5e89814f07d" testListId="8c84fa94-04c1-424b-9868-57a2d4851a1d" />
    <TestEntry testId="41b2b40d-c910-54dc-4f5a-d5aa6138e406" executionId="726424fd-9156-4944-a7c7-a670e45becf6" testListId="8c84fa94-04c1-424b-9868-57a2d4851a1d" />
    <TestEntry testId="6d19509d-9c91-986c-331a-cd8f461f4ae1" executionId="b2b1b559-4a7d-4f06-9f39-973992f2662b" testListId="8c84fa94-04c1-424b-9868-57a2d4851a1d" />
    <TestEntry testId="6cd3ee79-21fe-1b02-6cff-d84fdc0c96ed" executionId="dd878fca-0eba-4291-894c-c1005bbc3ad7" testListId="8c84fa94-04c1-424b-9868-57a2d4851a1d" />
    <TestEntry testId="9837e44f-5d35-8f2c-09c1-9af6aeb9695f" executionId="862cc766-0551-4d28-ba5e-a9d776f208ec" testListId="8c84fa94-04c1-424b-9868-57a2d4851a1d" />
    <TestEntry testId="0d9c3fe9-ecf4-9458-8af9-e4f0b60257e2" executionId="f223a72a-ea5a-4ac4-ae50-027a82186867" testListId="8c84fa94-04c1-424b-9868-57a2d4851a1d" />
    <TestEntry testId="5cb1ced8-76ce-415a-9697-29b901401aa1" executionId="ab5439a8-6000-4da1-b8b2-dc2a4ff8575a" testListId="8c84fa94-04c1-424b-9868-57a2d4851a1d" />
    <TestEntry testId="cd244495-431b-30ea-1f51-7251941d770f" executionId="0550fbe9-cf79-4e0d-90f5-c42099a3bfe5" testListId="8c84fa94-04c1-424b-9868-57a2d4851a1d" />
    <TestEntry testId="a5e51151-dc90-a3a6-8400-d4e72ab79a63" executionId="ad330514-fc5a-4576-92ce-0582878cc2d7" testListId="8c84fa94-04c1-424b-9868-57a2d4851a1d" />
    <TestEntry testId="d91849db-e083-fd79-7f0c-cd0aeaa5fbb0" executionId="98f082d9-ac77-4ef6-95d0-ad6066b8610d" testListId="8c84fa94-04c1-424b-9868-57a2d4851a1d" />
    <TestEntry testId="2e929982-b135-3f46-d829-307f4c19900f" executionId="2ade7442-be60-4825-b750-b9e908abf9a7" testListId="8c84fa94-04c1-424b-9868-57a2d4851a1d" />
    <TestEntry testId="cc55b981-ba74-035b-8ab3-14cd5d4cf5cc" executionId="860e5880-baa8-4725-bbab-3df459c791d3" testListId="8c84fa94-04c1-424b-9868-57a2d4851a1d" />
    <TestEntry testId="83ca3d20-1cd1-60d3-6a8f-a031b5abff10" executionId="7b24b234-3fd5-4e60-8f8d-83eafb4495d0" testListId="8c84fa94-04c1-424b-9868-57a2d4851a1d" />
    <TestEntry testId="5d4e7c36-587b-2173-ab9b-576fbaa3aa84" executionId="9e3a1670-b69b-487e-98ab-b67b2997440f" testListId="8c84fa94-04c1-424b-9868-57a2d4851a1d" />
    <TestEntry testId="d4091abb-5106-3e7d-d52d-13efb7d8f2f4" executionId="0f0a49aa-6c5a-4e79-a84f-b2e87e6e2f63" testListId="8c84fa94-04c1-424b-9868-57a2d4851a1d" />
    <TestEntry testId="18c0543a-1f24-0c4d-a65a-cc80b9041ab3" executionId="6c9eb301-ef02-4f4f-9852-1b8f9abf7330" testListId="8c84fa94-04c1-424b-9868-57a2d4851a1d" />
    <TestEntry testId="38a4ebde-34a6-b1ae-928c-7fa504760b3e" executionId="94d7ebf4-77d2-4b34-8b09-5431c167a69f" testListId="8c84fa94-04c1-424b-9868-57a2d4851a1d" />
    <TestEntry testId="d1af9b95-7ad3-c342-adea-f02760ef6508" executionId="fe311edc-e512-43c6-8d64-6ebdfa5d2135" testListId="8c84fa94-04c1-424b-9868-57a2d4851a1d" />
    <TestEntry testId="cd244495-431b-30ea-1f51-7251941d770f" executionId="9452bcef-5a8c-4439-a181-02e79ae91278" testListId="8c84fa94-04c1-424b-9868-57a2d4851a1d" />
    <TestEntry testId="86dcf693-a5a4-edb4-4c9d-14ebb83d8ce7" executionId="5613d654-fbd7-49ac-9983-f706bcea35f3" testListId="8c84fa94-04c1-424b-9868-57a2d4851a1d" />
    <TestEntry testId="b218b5aa-5375-ed1d-7ff3-e9160010511c" executionId="c1bd8f7d-dc59-4634-8916-529eda5089c6" testListId="8c84fa94-04c1-424b-9868-57a2d4851a1d" />
    <TestEntry testId="5eefa503-784c-30d3-63c2-43d97e7715bc" executionId="0efe3e8b-6e49-4f0c-969b-32f327cce73e" testListId="8c84fa94-04c1-424b-9868-57a2d4851a1d" />
    <TestEntry testId="1469a8f9-c14e-086d-70b6-52557c41afe5" executionId="a8b0b8ed-822a-449e-b667-32cabfa9508a" testListId="8c84fa94-04c1-424b-9868-57a2d4851a1d" />
    <TestEntry testId="5d927d2c-00e2-ea9f-cd8b-91d3009cbd1f" executionId="f0778dec-83b9-4e37-aac2-c806c170fd82" testListId="8c84fa94-04c1-424b-9868-57a2d4851a1d" />
    <TestEntry testId="fe35f185-7c57-109d-ac6f-e5c495cc9c6b" executionId="b7d05329-cddc-4f83-b010-bc177d72c2e8" testListId="8c84fa94-04c1-424b-9868-57a2d4851a1d" />
    <TestEntry testId="a9b1719f-7d97-147d-bdda-89cb0ad960a4" executionId="5c1f2cbe-bb18-4ce1-a0fa-9e4dce1ed674" testListId="8c84fa94-04c1-424b-9868-57a2d4851a1d" />
    <TestEntry testId="72d264a1-1d16-f1ba-671a-23bbf629943c" executionId="3a07b4c8-1db0-4e6e-a09f-5240408de06e" testListId="8c84fa94-04c1-424b-9868-57a2d4851a1d" />
    <TestEntry testId="5154df6f-1c0c-8c59-4760-3b8cdba552f7" executionId="b8eef7c1-4d47-418e-9fd5-1f8a740650e8" testListId="8c84fa94-04c1-424b-9868-57a2d4851a1d" />
    <TestEntry testId="dcebeb79-6c8d-e606-2fed-75c028bac990" executionId="b7ba338a-5952-4b75-ba88-34c974ba6d5d" testListId="8c84fa94-04c1-424b-9868-57a2d4851a1d" />
    <TestEntry testId="383901a2-26a3-5727-1cd1-194b398fdfff" executionId="c8b02dae-6567-4312-a312-5b126fa37004" testListId="8c84fa94-04c1-424b-9868-57a2d4851a1d" />
    <TestEntry testId="2fb6e6d4-636f-bebb-94f2-4bd7c4a5dcde" executionId="fe4a635d-a286-4bdc-a27a-5413240267a2" testListId="8c84fa94-04c1-424b-9868-57a2d4851a1d" />
    <TestEntry testId="9956e3c2-10d0-da2c-a49c-ad7f99c94d0a" executionId="22e16580-8b98-46a2-839a-00c7dec30a27" testListId="8c84fa94-04c1-424b-9868-57a2d4851a1d" />
    <TestEntry testId="2fe14c48-1669-e338-3ff3-6dcff576e1c0" executionId="c1802100-95cb-4601-9f41-40cb3c82e923" testListId="8c84fa94-04c1-424b-9868-57a2d4851a1d" />
    <TestEntry testId="047b9b70-4230-e64d-38a4-9c56f1a14908" executionId="2deb268a-ae4b-4937-ba3f-88ca0079cd68" testListId="8c84fa94-04c1-424b-9868-57a2d4851a1d" />
    <TestEntry testId="4fd129b1-fd58-f413-a0cf-99ba89497fa7" executionId="fd583799-90b1-436a-9db6-27d791258dc4" testListId="8c84fa94-04c1-424b-9868-57a2d4851a1d" />
    <TestEntry testId="713fafe5-9b4c-e043-098f-5e41be4b15ff" executionId="359f8835-8707-4502-aa36-97eb8bcab957" testListId="8c84fa94-04c1-424b-9868-57a2d4851a1d" />
    <TestEntry testId="39c364da-c636-d442-5ae8-c5102dfce0e1" executionId="60250cf2-2c70-45e9-9049-e77f06fb3e65" testListId="8c84fa94-04c1-424b-9868-57a2d4851a1d" />
    <TestEntry testId="c05711c9-138d-b312-7597-5cf2ac20e70e" executionId="cbccf1fb-a1da-451e-b446-e413162b1295" testListId="8c84fa94-04c1-424b-9868-57a2d4851a1d" />
    <TestEntry testId="de93f2ac-ecf6-1561-7c2a-535a88521a1f" executionId="be2deddf-ba55-45da-b878-a13226173160" testListId="8c84fa94-04c1-424b-9868-57a2d4851a1d" />
    <TestEntry testId="e9f0a1c3-0d79-9058-87b9-b1acd59240fd" executionId="8e163468-0a05-4b5c-adee-4beeb3515f04" testListId="8c84fa94-04c1-424b-9868-57a2d4851a1d" />
    <TestEntry testId="923cc4d7-75fe-94b8-d07a-a9d20922c057" executionId="6dc81971-5dfa-4acc-be89-13e6ce7896a1" testListId="8c84fa94-04c1-424b-9868-57a2d4851a1d" />
    <TestEntry testId="dbdf4258-c10c-5543-6029-91b5e129d52a" executionId="ef43db80-fab5-482b-8b32-2ed7f07fe0ea" testListId="8c84fa94-04c1-424b-9868-57a2d4851a1d" />
    <TestEntry testId="babcf5a7-5c2c-bd62-a1fc-2d2df3e8deb7" executionId="f1882b0c-9076-493e-b49f-d87fc96dac22" testListId="8c84fa94-04c1-424b-9868-57a2d4851a1d" />
    <TestEntry testId="11419bd5-57ab-fe68-d264-eb6f761164c3" executionId="6ebe0a06-3255-496c-bc75-6cb53ea1bf94" testListId="8c84fa94-04c1-424b-9868-57a2d4851a1d" />
    <TestEntry testId="b2005002-0158-0ce5-53b4-50d57fd17a56" executionId="febf0e11-00ab-4e11-9a55-51041205a653" testListId="8c84fa94-04c1-424b-9868-57a2d4851a1d" />
    <TestEntry testId="65b99e08-b633-5f3c-8d57-1e53f84d7b79" executionId="97428fdb-ee28-45d5-a7ae-06e2512fee25" testListId="8c84fa94-04c1-424b-9868-57a2d4851a1d" />
    <TestEntry testId="45bbfc7f-ffac-ddd7-b35e-55786ad25fb1" executionId="0b46adcb-ed4a-46ce-b9de-f95b091942b3" testListId="8c84fa94-04c1-424b-9868-57a2d4851a1d" />
    <TestEntry testId="fd3a2698-67e8-ce13-84d0-8e2d52c33628" executionId="40e6ee52-df1e-43b1-a0cf-9f8047e183e6" testListId="8c84fa94-04c1-424b-9868-57a2d4851a1d" />
    <TestEntry testId="357d683b-b0d3-2850-3d98-30f629346a08" executionId="884ab437-eb7a-456a-aefb-90d1678c1813" testListId="8c84fa94-04c1-424b-9868-57a2d4851a1d" />
    <TestEntry testId="bc234a16-530f-0edc-3d48-23b25331eaa1" executionId="8fc06d57-ecd8-4251-bc42-2db12f56e987" testListId="8c84fa94-04c1-424b-9868-57a2d4851a1d" />
    <TestEntry testId="075166b8-6870-9191-463f-78f92212b9dd" executionId="6f790dda-2869-4385-b116-3d2dce7c273a" testListId="8c84fa94-04c1-424b-9868-57a2d4851a1d" />
    <TestEntry testId="c4b696d4-a22a-09f6-6776-13f13053cf36" executionId="10ac7dff-a2d8-46c1-b71c-f2fc32c52fba" testListId="8c84fa94-04c1-424b-9868-57a2d4851a1d" />
    <TestEntry testId="cd244495-431b-30ea-1f51-7251941d770f" executionId="cf951e5c-6659-4ec7-9869-5a4644a6cb05" testListId="8c84fa94-04c1-424b-9868-57a2d4851a1d" />
    <TestEntry testId="dcd21a52-860e-4b45-e792-51f3a58ee2a0" executionId="f4325d5d-e775-4cfb-988a-4a9ae702ab48" testListId="8c84fa94-04c1-424b-9868-57a2d4851a1d" />
    <TestEntry testId="ef008e56-9727-93d1-13d5-2b34d6e88e4e" executionId="33189f6c-4a51-4414-8037-ea8275f55d6f" testListId="8c84fa94-04c1-424b-9868-57a2d4851a1d" />
    <TestEntry testId="ada8f10e-878e-1498-b8f3-9355df2bb627" executionId="8b4bed61-150e-4aea-9e1e-42649e30cdc7" testListId="8c84fa94-04c1-424b-9868-57a2d4851a1d" />
    <TestEntry testId="8dd028c2-857a-f0e6-2633-637c91e8e272" executionId="f18c47ec-6dbd-4225-9a55-92b1be32287f" testListId="8c84fa94-04c1-424b-9868-57a2d4851a1d" />
    <TestEntry testId="7e6c13de-f7cc-665b-bd21-fbbc572ab319" executionId="820e3714-632d-4ea8-8fee-b50d87802907" testListId="8c84fa94-04c1-424b-9868-57a2d4851a1d" />
    <TestEntry testId="376b03fa-81ef-058e-9873-946f07235ea8" executionId="26211e9c-2dd5-4c7a-bd90-e5334877ae3c" testListId="8c84fa94-04c1-424b-9868-57a2d4851a1d" />
    <TestEntry testId="5aaf2881-8526-3ca3-9b78-2ebcb9a447b6" executionId="5b37f05a-cedf-41f2-beb4-94889093af4e" testListId="8c84fa94-04c1-424b-9868-57a2d4851a1d" />
    <TestEntry testId="4aab5af0-e6f4-2603-d0ce-08fc92f5c674" executionId="b29e3904-5dc7-4269-8b8e-afcefe5ee7c7" testListId="8c84fa94-04c1-424b-9868-57a2d4851a1d" />
    <TestEntry testId="60df8ebc-d15b-88b2-d576-e75a59bf1c29" executionId="43b1f9b6-4f29-4a1e-bd1f-ddcd69fd3c27" testListId="8c84fa94-04c1-424b-9868-57a2d4851a1d" />
    <TestEntry testId="03d3f44b-6198-b40e-5321-ff2ea0d66307" executionId="376f3c73-db5b-492f-b1f2-7903f357d974" testListId="8c84fa94-04c1-424b-9868-57a2d4851a1d" />
    <TestEntry testId="7a7d454e-cc61-31d4-3267-0a63e8437114" executionId="40b89330-77eb-4172-8435-87b97acb585b" testListId="8c84fa94-04c1-424b-9868-57a2d4851a1d" />
    <TestEntry testId="af87c5f4-2005-fbf4-b853-8ce98b834031" executionId="907b10c0-8aed-4f94-b951-7cbe041cb7fe" testListId="8c84fa94-04c1-424b-9868-57a2d4851a1d" />
    <TestEntry testId="66d1f82d-7021-aaf3-8433-cfe63611000c" executionId="ae7940bd-cbaa-4909-8148-4d58006451c4" testListId="8c84fa94-04c1-424b-9868-57a2d4851a1d" />
    <TestEntry testId="ec1f839a-8b69-3869-c760-20ba512d7c48" executionId="fa4e6b8f-cec5-48ce-ba37-387163f76297" testListId="8c84fa94-04c1-424b-9868-57a2d4851a1d" />
    <TestEntry testId="2d8f0bdf-eaf7-902e-8bd2-26862da0c0e0" executionId="385981f1-4c83-4e5d-9457-215cc90410b8" testListId="8c84fa94-04c1-424b-9868-57a2d4851a1d" />
    <TestEntry testId="a5485e49-dfc4-4b37-fbb0-f3d4b898baad" executionId="45e6771b-a34c-4e32-83b9-94f6a5a18fb8" testListId="8c84fa94-04c1-424b-9868-57a2d4851a1d" />
    <TestEntry testId="40138918-b77e-fa41-5668-12d6bc6d4697" executionId="4a903d2b-17da-4c7e-bc20-dbbbbf752139" testListId="8c84fa94-04c1-424b-9868-57a2d4851a1d" />
    <TestEntry testId="7802d053-81c3-3a24-762f-12ac84e9799f" executionId="408d1cf4-9c52-4a6a-a1d1-e0a5757d20b1" testListId="8c84fa94-04c1-424b-9868-57a2d4851a1d" />
    <TestEntry testId="22465238-9883-7781-104e-63ecb2bb4efe" executionId="285b72e8-2c98-42c7-a2f6-a7239c3e6920" testListId="8c84fa94-04c1-424b-9868-57a2d4851a1d" />
    <TestEntry testId="75e36207-6f08-00b8-ee22-d67ebec9c931" executionId="3a569573-0e39-490c-bf20-3de45eb0fac5" testListId="8c84fa94-04c1-424b-9868-57a2d4851a1d" />
    <TestEntry testId="0a845588-7fe6-ebd6-9d86-9eb124a1eb6c" executionId="e7900760-04a7-446a-9f50-9c630063bef8" testListId="8c84fa94-04c1-424b-9868-57a2d4851a1d" />
    <TestEntry testId="e7f429ea-8fac-751c-dfd6-e869a7791108" executionId="1812fb5f-62ff-491d-917b-1f4be26dcf5d" testListId="8c84fa94-04c1-424b-9868-57a2d4851a1d" />
    <TestEntry testId="143f4d3d-223f-bfef-ef1f-a8b6c7e85153" executionId="2447b623-ca8f-4805-8f4a-d52bb04d52c2" testListId="8c84fa94-04c1-424b-9868-57a2d4851a1d" />
  </TestEntries>
  <TestLists>
    <TestList name="Results Not in a List" id="8c84fa94-04c1-424b-9868-57a2d4851a1d" />
    <TestList name="All Loaded Results" id="19431567-8539-422a-85d7-44ee4e166bda" />
  </TestLists>
  <ResultSummary outcome="Failed">
    <Counters total="569" executed="569" passed="567" failed="2" error="0" timeout="0" aborted="0" inconclusive="0" passedButRunAborted="0" notRunnable="0" notExecuted="0" disconnected="0" warning="0" completed="0" inProgress="0" pending="0" />
  </ResultSummary>
</TestRun>