<?xml version="1.0" encoding="utf-8"?>
<TestRun id="21ee5dbc-c311-4307-a523-374dd1c9816d" name="Luke@HEIMDALLR 2026-03-10 10:20:11" runUser="HEIMDALLR\Luke" xmlns="http://microsoft.com/schemas/VisualStudio/TeamTest/2010">
  <Times creation="2026-03-10T10:20:11.9850695+11:00" queuing="2026-03-10T10:20:11.9850696+11:00" start="2026-03-10T10:20:11.3353594+11:00" finish="2026-03-10T10:21:31.4393793+11:00" />
  <TestSettings name="default" id="805e5476-11e1-4a8f-a9b3-052ceac1b8f4">
    <Deployment runDeploymentRoot="Luke_HEIMDALLR_2026-03-10_10_20_11" />
  </TestSettings>
  <Results>
    <UnitTestResult executionId="10420380-723e-4055-8644-feb0f45cefef" testId="e9f0a1c3-0d79-9058-87b9-b1acd59240fd" testName="ToCollectionDictionary_TupleEnumerable_GroupsValues" computerName="HEIMDALLR" duration="00:00:00.0006580" startTime="2026-03-10T10:20:12.7923693+11:00" endTime="2026-03-10T10:20:12.7930698+11:00" testType="13cdc9d9-ddb5-4fa4-a97d-d965ccfc6d4b" outcome="Passed" testListId="8c84fa94-04c1-424b-9868-57a2d4851a1d" relativeResultsDirectory="10420380-723e-4055-8644-feb0f45cefef" />
    <UnitTestResult executionId="019f5a04-d7c9-455a-843e-b38b95f05f8d" testId="a8250105-d1ad-920b-868b-74f9aaa25a3b" testName="BasicExitLinking" computerName="HEIMDALLR" duration="00:00:00.0630307" startTime="2026-03-10T10:20:13.4386515+11:00" endTime="2026-03-10T10:20:13.5017591+11:00" testType="13cdc9d9-ddb5-4fa4-a97d-d965ccfc6d4b" outcome="Passed" testListId="8c84fa94-04c1-424b-9868-57a2d4851a1d" relativeResultsDirectory="019f5a04-d7c9-455a-843e-b38b95f05f8d" />
    <UnitTestResult executionId="a89255a2-8004-4e0e-8766-ca4bf0785fd0" testId="99444da9-a98b-e55d-469b-c5113f2e4f21" testName="Test_NullString" computerName="HEIMDALLR" duration="00:00:00.0000536" startTime="2026-03-10T10:20:23.6391578+11:00" endTime="2026-03-10T10:20:23.6392446+11:00" testType="13cdc9d9-ddb5-4fa4-a97d-d965ccfc6d4b" outcome="Passed" testListId="8c84fa94-04c1-424b-9868-57a2d4851a1d" relativeResultsDirectory="a89255a2-8004-4e0e-8766-ca4bf0785fd0" />
    <UnitTestResult executionId="3474c16d-71bd-44f6-b6f8-e76af0c13746" testId="eadc5c50-4d56-0bf5-0a47-8b88c82d511f" testName="AnalyzeSimulation_AlternatingTransitions_PreservesEventAndStateMinuteTotals" computerName="HEIMDALLR" duration="00:00:00.0014846" startTime="2026-03-10T10:21:30.3032008+11:00" endTime="2026-03-10T10:21:30.3047205+11:00" testType="13cdc9d9-ddb5-4fa4-a97d-d965ccfc6d4b" outcome="Passed" testListId="8c84fa94-04c1-424b-9868-57a2d4851a1d" relativeResultsDirectory="3474c16d-71bd-44f6-b6f8-e76af0c13746" />
    <UnitTestResult executionId="fe56a0f4-ddb9-421e-a898-c6aa48fb4926" testId="e0fae0a0-18d7-f46b-b1cb-9676ae47e5ad" testName="TestProperSentences" computerName="HEIMDALLR" duration="00:00:00.0001526" startTime="2026-03-10T10:20:23.1515644+11:00" endTime="2026-03-10T10:20:23.1517698+11:00" testType="13cdc9d9-ddb5-4fa4-a97d-d965ccfc6d4b" outcome="Passed" testListId="8c84fa94-04c1-424b-9868-57a2d4851a1d" relativeResultsDirectory="fe56a0f4-ddb9-421e-a898-c6aa48fb4926" />
    <UnitTestResult executionId="91583ddb-9732-4f0e-8157-fa4ad0574328" testId="cf031898-4b75-1b99-ded4-31a43f1fbb82" testName="Situation_SetScope_UpdatesScopeState" computerName="HEIMDALLR" duration="00:00:00.0009850" startTime="2026-03-10T10:20:11.9490160+11:00" endTime="2026-03-10T10:20:11.9500757+11:00" testType="13cdc9d9-ddb5-4fa4-a97d-d965ccfc6d4b" outcome="Passed" testListId="8c84fa94-04c1-424b-9868-57a2d4851a1d" relativeResultsDirectory="91583ddb-9732-4f0e-8157-fa4ad0574328" />
    <UnitTestResult executionId="0a8cd1c5-9b43-4778-9f57-59bd20cb00d5" testId="6b253ecb-2a2a-196c-b78e-569ee0b6fcc4" testName="HandleOutput_StringEcho_WatcherReceivesPrefixedText" computerName="HEIMDALLR" duration="00:00:00.0024376" startTime="2026-03-10T10:21:31.2891447+11:00" endTime="2026-03-10T10:21:31.2916121+11:00" testType="13cdc9d9-ddb5-4fa4-a97d-d965ccfc6d4b" outcome="Passed" testListId="8c84fa94-04c1-424b-9868-57a2d4851a1d" relativeResultsDirectory="0a8cd1c5-9b43-4778-9f57-59bd20cb00d5" />
    <UnitTestResult executionId="573a06bc-1b36-4186-9f57-b6c2dc78dcd5" testId="b2005002-0158-0ce5-53b4-50d57fd17a56" testName="Schedule_LiveWithoutTimeLimit_DoesNotSchedule" computerName="HEIMDALLR" duration="00:00:00.0020693" startTime="2026-03-10T10:21:31.2631527+11:00" endTime="2026-03-10T10:21:31.2652656+11:00" testType="13cdc9d9-ddb5-4fa4-a97d-d965ccfc6d4b" outcome="Passed" testListId="8c84fa94-04c1-424b-9868-57a2d4851a1d" relativeResultsDirectory="573a06bc-1b36-4186-9f57-b6c2dc78dcd5" />
    <UnitTestResult executionId="24ea597a-7e43-4254-9e2d-e68c80a7844d" testId="4f138ac7-8a50-44d7-8bf8-d97c646c140a" testName="HandleOutput_CompletedEvent_RemovesEffect" computerName="HEIMDALLR" duration="00:00:00.0014092" startTime="2026-03-10T10:21:31.2855753+11:00" endTime="2026-03-10T10:21:31.2870207+11:00" testType="13cdc9d9-ddb5-4fa4-a97d-d965ccfc6d4b" outcome="Passed" testListId="8c84fa94-04c1-424b-9868-57a2d4851a1d" relativeResultsDirectory="24ea597a-7e43-4254-9e2d-e68c80a7844d" />
    <UnitTestResult executionId="98cfb13f-7c95-4897-b32e-57bfaf9e3a8a" testId="3b9a2779-32d2-24b1-fcfa-07300c440af8" testName="CompareTo_OrdersByMinimumThenMaximum" computerName="HEIMDALLR" duration="00:00:00.0002148" startTime="2026-03-10T10:20:23.8282465+11:00" endTime="2026-03-10T10:20:23.8285464+11:00" testType="13cdc9d9-ddb5-4fa4-a97d-d965ccfc6d4b" outcome="Passed" testListId="8c84fa94-04c1-424b-9868-57a2d4851a1d" relativeResultsDirectory="98cfb13f-7c95-4897-b32e-57bfaf9e3a8a" />
    <UnitTestResult executionId="334d5017-75bf-41d2-9d16-4076313c97ff" testId="2d57e1a6-6d17-4807-5f45-2a4959da7f3d" testName="SplitDelimiter_PreserveDelimiter" computerName="HEIMDALLR" duration="00:00:00.0010735" startTime="2026-03-10T10:20:23.8083611+11:00" endTime="2026-03-10T10:20:23.8095978+11:00" testType="13cdc9d9-ddb5-4fa4-a97d-d965ccfc6d4b" outcome="Passed" testListId="8c84fa94-04c1-424b-9868-57a2d4851a1d" relativeResultsDirectory="334d5017-75bf-41d2-9d16-4076313c97ff" />
    <UnitTestResult executionId="3a5cf90e-e8e1-4139-a8a3-47306fdfe4d4" testId="418d8f7f-0543-08ee-1fe0-6308cc7f3bd0" testName="SubstituteWrittenLanguage_KnownScriptUnknownLanguage_UsesUnknownLanguageHint" computerName="HEIMDALLR" duration="00:00:00.0014681" startTime="2026-03-10T10:20:23.7466433+11:00" endTime="2026-03-10T10:20:23.7481519+11:00" testType="13cdc9d9-ddb5-4fa4-a97d-d965ccfc6d4b" outcome="Passed" testListId="8c84fa94-04c1-424b-9868-57a2d4851a1d" relativeResultsDirectory="3a5cf90e-e8e1-4139-a8a3-47306fdfe4d4" />
    <UnitTestResult executionId="7c21d0bb-491c-4394-86f3-4ebbe271f06d" testId="3971a3d5-326e-fccf-8c76-7dc5dfe2cd2b" testName="RollExpression_Explode_AddsExtraRoll" computerName="HEIMDALLR" duration="00:00:00.0004449" startTime="2026-03-10T10:20:13.3794921+11:00" endTime="2026-03-10T10:20:13.3799750+11:00" testType="13cdc9d9-ddb5-4fa4-a97d-d965ccfc6d4b" outcome="Passed" testListId="8c84fa94-04c1-424b-9868-57a2d4851a1d" relativeResultsDirectory="7c21d0bb-491c-4394-86f3-4ebbe271f06d" />
    <UnitTestResult executionId="43332c17-95ac-4550-ac88-61a4dc276b10" testId="b597e74d-f066-2e94-4826-e6495ec3962a" testName="GetCellInfos_RespectsClosedDoors" computerName="HEIMDALLR" duration="00:00:00.0038044" startTime="2026-03-10T10:20:22.9645993+11:00" endTime="2026-03-10T10:20:22.9685210+11:00" testType="13cdc9d9-ddb5-4fa4-a97d-d965ccfc6d4b" outcome="Passed" testListId="8c84fa94-04c1-424b-9868-57a2d4851a1d" relativeResultsDirectory="43332c17-95ac-4550-ac88-61a4dc276b10" />
    <UnitTestResult executionId="d143272e-c3cd-4f38-931d-6328ebec292e" testId="f67f4ab9-56fa-4109-5d1a-e9481466ed7d" testName="WeatherSeeder_MaritimeAndTropicalKoppenProfiles_RemainWithinBroadReferenceBounds (ClimateExpectation { RegionalClimateName = Tropical Savanna Dry Summer Northern Hemisphere, ControllerName = Seeded Tropical Savanna Dry Summer, AnnualWetMin = 10, AnnualWetMax = 35, WinterWetMin = 15, WinterWetMax = 45, SummerWetMin = 0, SummerWetMax = 32, AutumnWetMin = 25, AutumnWetMax = 70, AnnualSnowMin = 0, AnnualSnowMax = 0.01, WinterSnowMin = 0, WinterSnowMax = 0.01, AnnualGaleOrWorseMax = 2, AnnualHurricaneOrWorseMax = 0.05, AnnualBreezeOrCalmerMin = 82, MidWinterMin = 22, MidWinterMax = 26.5, MidSummerMin = 29, MidSummerMax = 33.5, MidAutumnMin = 25, MidAutumnMax = 29 })" computerName="HEIMDALLR" duration="00:00:00.8765316" startTime="2026-03-10T10:21:13.9513340+11:00" endTime="2026-03-10T10:21:17.4521293+11:00" testType="13cdc9d9-ddb5-4fa4-a97d-d965ccfc6d4b" outcome="Passed" testListId="8c84fa94-04c1-424b-9868-57a2d4851a1d" relativeResultsDirectory="d143272e-c3cd-4f38-931d-6328ebec292e" />
    <UnitTestResult executionId="b2556b37-3ed1-439b-8b9f-af3e81bff1d8" testId="f9565422-5fc4-6ca0-86ee-ed09c7f26360" testName="HasParticipation_ReturnsTrueWhenEffectPresent" computerName="HEIMDALLR" duration="00:00:00.0006340" startTime="2026-03-10T10:21:30.9850597+11:00" endTime="2026-03-10T10:21:30.9857225+11:00" testType="13cdc9d9-ddb5-4fa4-a97d-d965ccfc6d4b" outcome="Passed" testListId="8c84fa94-04c1-424b-9868-57a2d4851a1d" relativeResultsDirectory="b2556b37-3ed1-439b-8b9f-af3e81bff1d8" />
    <UnitTestResult executionId="e8fe8553-7a85-42ed-9f0d-9fedadbd92fd" testId="1afb63bd-9b8a-5f17-a79c-c0996f0af604" testName="TestASharpVeryLong" computerName="HEIMDALLR" duration="00:00:00.0106550" startTime="2026-03-10T10:20:22.6045941+11:00" endTime="2026-03-10T10:20:22.6153569+11:00" testType="13cdc9d9-ddb5-4fa4-a97d-d965ccfc6d4b" outcome="Passed" testListId="8c84fa94-04c1-424b-9868-57a2d4851a1d" relativeResultsDirectory="e8fe8553-7a85-42ed-9f0d-9fedadbd92fd" />
    <UnitTestResult executionId="2f6a9b60-8aa4-471b-9a9e-b7d6710df258" testId="6dcfed10-f111-4f5a-c2d6-8f0adcd06860" testName="Colour_RGB_ProducesAnsiSequence" computerName="HEIMDALLR" duration="00:00:00.0001244" startTime="2026-03-10T10:20:23.0966194+11:00" endTime="2026-03-10T10:20:23.0967880+11:00" testType="13cdc9d9-ddb5-4fa4-a97d-d965ccfc6d4b" outcome="Passed" testListId="8c84fa94-04c1-424b-9868-57a2d4851a1d" relativeResultsDirectory="2f6a9b60-8aa4-471b-9a9e-b7d6710df258" />
    <UnitTestResult executionId="4c9c3398-055b-4583-a74a-992a1e92149e" testId="4a3f402c-65aa-df5d-fe5f-e3245ba74d83" testName="AccrueAppearancePayouts_BlocksWhenArenaCannotFund" computerName="HEIMDALLR" duration="00:00:00.0014748" startTime="2026-03-10T10:21:30.8432250+11:00" endTime="2026-03-10T10:21:30.8447368+11:00" testType="13cdc9d9-ddb5-4fa4-a97d-d965ccfc6d4b" outcome="Passed" testListId="8c84fa94-04c1-424b-9868-57a2d4851a1d" relativeResultsDirectory="4c9c3398-055b-4583-a74a-992a1e92149e" />
    <UnitTestResult executionId="0839c31c-e3ad-4640-ae2b-72f128451066" testId="0dc9814a-5a68-4aa8-cf78-83e90d06485e" testName="Wrap_Simple" computerName="HEIMDALLR" duration="00:00:00.0006131" startTime="2026-03-10T10:20:23.1418897+11:00" endTime="2026-03-10T10:20:23.1425483+11:00" testType="13cdc9d9-ddb5-4fa4-a97d-d965ccfc6d4b" outcome="Passed" testListId="8c84fa94-04c1-424b-9868-57a2d4851a1d" relativeResultsDirectory="0839c31c-e3ad-4640-ae2b-72f128451066" />
    <UnitTestResult executionId="3806b6bc-122b-4655-9548-8e55c96a8074" testId="c3fd7bfb-b8e8-cdf5-7015-e4d49157038f" testName="GetCoordsOfElement_MissingThrows" computerName="HEIMDALLR" duration="00:00:00.0005665" startTime="2026-03-10T10:20:12.8323840+11:00" endTime="2026-03-10T10:20:12.8329935+11:00" testType="13cdc9d9-ddb5-4fa4-a97d-d965ccfc6d4b" outcome="Passed" testListId="8c84fa94-04c1-424b-9868-57a2d4851a1d" relativeResultsDirectory="3806b6bc-122b-4655-9548-8e55c96a8074" />
    <UnitTestResult executionId="5942b9ba-c772-4a86-82ec-9d5457fb800d" testId="753b3d2d-7d89-18f3-6ac1-9049fba370bd" testName="TestGetIntFromOrdinal" computerName="HEIMDALLR" duration="00:00:00.0001887" startTime="2026-03-10T10:20:13.6534847+11:00" endTime="2026-03-10T10:20:13.6537124+11:00" testType="13cdc9d9-ddb5-4fa4-a97d-d965ccfc6d4b" outcome="Passed" testListId="8c84fa94-04c1-424b-9868-57a2d4851a1d" relativeResultsDirectory="5942b9ba-c772-4a86-82ec-9d5457fb800d" />
    <UnitTestResult executionId="f0a9af03-b55a-4e5b-a677-7ecb6d340e0c" testId="cd244495-431b-30ea-1f51-7251941d770f" testName="WeatherSeeder_HotAndMonsoonalContinentalKoppenProfiles_RemainWithinBroadReferenceBounds (ClimateExpectation { RegionalClimateName = Warm Summer Dry Winter Humid Subcontinental Northern Hemisphere, ControllerName = Seeded Warm Summer Dry Winter Humid Subcontinental, AnnualWetMin = 15, AnnualWetMax = 35, WinterWetMin = 0, WinterWetMax = 12, SummerWetMin = 28, SummerWetMax = 55, AutumnWetMin = 20, AutumnWetMax = 40, AnnualSnowMin = 0, AnnualSnowMax = 6, WinterSnowMin = 0, WinterSnowMax = 10, AnnualGaleOrWorseMax = 3, AnnualHurricaneOrWorseMax = 0.05, AnnualBreezeOrCalmerMin = 80, MidWinterMin = -12, MidWinterMax = -6, MidSummerMin = 18, MidSummerMax = 22, MidAutumnMin = 6, MidAutumnMax = 12 })" computerName="HEIMDALLR" duration="00:00:00.8805695" startTime="2026-03-10T10:21:22.3614326+11:00" endTime="2026-03-10T10:21:25.9179265+11:00" testType="13cdc9d9-ddb5-4fa4-a97d-d965ccfc6d4b" outcome="Passed" testListId="8c84fa94-04c1-424b-9868-57a2d4851a1d" relativeResultsDirectory="f0a9af03-b55a-4e5b-a677-7ecb6d340e0c" />
    <UnitTestResult executionId="b21caea1-ce57-4f04-bc3e-7131d9c295d2" testId="cd244495-431b-30ea-1f51-7251941d770f" testName="WeatherSeeder_HotAndMonsoonalContinentalKoppenProfiles_RemainWithinBroadReferenceBounds (ClimateExpectation { RegionalClimateName = Hot Summer Humid Subcontinental Northern Hemisphere, ControllerName = Seeded Hot Summer Humid Subcontinental, AnnualWetMin = 20, AnnualWetMax = 45, WinterWetMin = 18, WinterWetMax = 35, SummerWetMin = 24, SummerWetMax = 50, AutumnWetMin = 18, AutumnWetMax = 35, AnnualSnowMin = 1, AnnualSnowMax = 8, WinterSnowMin = 4, WinterSnowMax = 18, AnnualGaleOrWorseMax = 5, AnnualHurricaneOrWorseMax = 0.05, AnnualBreezeOrCalmerMin = 78, MidWinterMin = -5, MidWinterMax = 0, MidSummerMin = 24, MidSummerMax = 29, MidAutumnMin = 11, MidAutumnMax = 16 })" computerName="HEIMDALLR" duration="00:00:00.8673871" startTime="2026-03-10T10:21:22.3614326+11:00" endTime="2026-03-10T10:21:25.9179265+11:00" testType="13cdc9d9-ddb5-4fa4-a97d-d965ccfc6d4b" outcome="Passed" testListId="8c84fa94-04c1-424b-9868-57a2d4851a1d" relativeResultsDirectory="b21caea1-ce57-4f04-bc3e-7131d9c295d2" />
    <UnitTestResult executionId="fd622553-08e4-4696-a2dd-0031b16fbd85" testId="e0c5dd15-484e-4683-3ca7-d00dde4acb71" testName="TimeOfDayNightWhenSunBelowHorizon" computerName="HEIMDALLR" duration="00:00:00.0009090" startTime="2026-03-10T10:20:23.7648567+11:00" endTime="2026-03-10T10:20:23.7658074+11:00" testType="13cdc9d9-ddb5-4fa4-a97d-d965ccfc6d4b" outcome="Passed" testListId="8c84fa94-04c1-424b-9868-57a2d4851a1d" relativeResultsDirectory="fd622553-08e4-4696-a2dd-0031b16fbd85" />
    <UnitTestResult executionId="91f28e45-52e5-4ef2-8d81-e2c2ff0df3f7" testId="98a17be5-2030-a608-b87a-f6b86879ab7a" testName="ColourIfNotColoured_ColoursPlainText" computerName="HEIMDALLR" duration="00:00:00.0000849" startTime="2026-03-10T10:20:23.1040400+11:00" endTime="2026-03-10T10:20:23.1041698+11:00" testType="13cdc9d9-ddb5-4fa4-a97d-d965ccfc6d4b" outcome="Passed" testListId="8c84fa94-04c1-424b-9868-57a2d4851a1d" relativeResultsDirectory="91f28e45-52e5-4ef2-8d81-e2c2ff0df3f7" />
    <UnitTestResult executionId="cf9bdef3-25bf-4ed9-abfe-df9e90dde8b8" testId="abe80b4b-7e30-6446-8a00-4f280841c360" testName="IsValidFormatString_WithInvalidStrings_ReturnsFalse" computerName="HEIMDALLR" duration="00:00:00.0000903" startTime="2026-03-10T10:20:23.6349344+11:00" endTime="2026-03-10T10:20:23.6350709+11:00" testType="13cdc9d9-ddb5-4fa4-a97d-d965ccfc6d4b" outcome="Passed" testListId="8c84fa94-04c1-424b-9868-57a2d4851a1d" relativeResultsDirectory="cf9bdef3-25bf-4ed9-abfe-df9e90dde8b8" />
    <UnitTestResult executionId="92bcd93a-2d38-4ca1-8787-6f53d0c156a4" testId="a9bf33ff-bc1e-42b5-2979-6d0aa84052f8" testName="NormalizeFunctionToolSchema_NullSchema_ReturnsClosedEmptyObjectSchema" computerName="HEIMDALLR" duration="00:00:00.0030140" startTime="2026-03-10T10:20:12.0916616+11:00" endTime="2026-03-10T10:20:12.0947291+11:00" testType="13cdc9d9-ddb5-4fa4-a97d-d965ccfc6d4b" outcome="Passed" testListId="8c84fa94-04c1-424b-9868-57a2d4851a1d" relativeResultsDirectory="92bcd93a-2d38-4ca1-8787-6f53d0c156a4" />
    <UnitTestResult executionId="6431d876-ee79-4c91-b1ae-c3179e8c9874" testId="83ca3d20-1cd1-60d3-6a8f-a031b5abff10" testName="TestExplodedStrings" computerName="HEIMDALLR" duration="00:00:00.0003097" startTime="2026-03-10T10:20:23.1500664+11:00" endTime="2026-03-10T10:20:23.1505518+11:00" testType="13cdc9d9-ddb5-4fa4-a97d-d965ccfc6d4b" outcome="Passed" testListId="8c84fa94-04c1-424b-9868-57a2d4851a1d" relativeResultsDirectory="6431d876-ee79-4c91-b1ae-c3179e8c9874" />
    <UnitTestResult executionId="6eddd0cb-0287-4837-800e-1f1fcef75fe4" testId="fbbb3de8-f668-c8a4-acd0-7fc0c313e728" testName="TestMinMaxDecimal" computerName="HEIMDALLR" duration="00:00:00.0002750" startTime="2026-03-10T10:20:12.8408467+11:00" endTime="2026-03-10T10:20:12.8411641+11:00" testType="13cdc9d9-ddb5-4fa4-a97d-d965ccfc6d4b" outcome="Passed" testListId="8c84fa94-04c1-424b-9868-57a2d4851a1d" relativeResultsDirectory="6eddd0cb-0287-4837-800e-1f1fcef75fe4" />
    <UnitTestResult executionId="a9e2697f-5200-4151-bf3a-0d128cf20aba" testId="e75e174f-85bd-c787-8371-48dd007d187f" testName="ColourBoldBackground_WrapsAndResetsAll" computerName="HEIMDALLR" duration="00:00:00.0001298" startTime="2026-03-10T10:20:23.0998130+11:00" endTime="2026-03-10T10:20:23.0999853+11:00" testType="13cdc9d9-ddb5-4fa4-a97d-d965ccfc6d4b" outcome="Passed" testListId="8c84fa94-04c1-424b-9868-57a2d4851a1d" relativeResultsDirectory="a9e2697f-5200-4151-bf3a-0d128cf20aba" />
    <UnitTestResult executionId="fccd233b-d521-47af-ac61-f83268d0161c" testId="e56a3dd9-f0fd-49ca-8a58-5d278b05e258" testName="SubstituteANSIColour_MultipleCodes" computerName="HEIMDALLR" duration="00:00:00.0000964" startTime="2026-03-10T10:20:23.6419695+11:00" endTime="2026-03-10T10:20:23.6420978+11:00" testType="13cdc9d9-ddb5-4fa4-a97d-d965ccfc6d4b" outcome="Passed" testListId="8c84fa94-04c1-424b-9868-57a2d4851a1d" relativeResultsDirectory="fccd233b-d521-47af-ac61-f83268d0161c" />
    <UnitTestResult executionId="5fbd932b-6a53-4707-b027-2c6bf25433a1" testId="ad217a84-d6bb-d244-d911-081a8c4a6cc1" testName="SplitStringsForDiscord_SplitsAt1950" computerName="HEIMDALLR" duration="00:00:00.0002221" startTime="2026-03-10T10:20:23.1242895+11:00" endTime="2026-03-10T10:20:23.1245604+11:00" testType="13cdc9d9-ddb5-4fa4-a97d-d965ccfc6d4b" outcome="Passed" testListId="8c84fa94-04c1-424b-9868-57a2d4851a1d" relativeResultsDirectory="5fbd932b-6a53-4707-b027-2c6bf25433a1" />
    <UnitTestResult executionId="515d17be-5632-4bc0-94fe-daa49990dd6d" testId="ee360445-5318-86ce-9204-6e9e812bc840" testName="Schedule_ScheduledPastRegistration_TransitionsImmediately" computerName="HEIMDALLR" duration="00:00:00.0022125" startTime="2026-03-10T10:21:31.2547330+11:00" endTime="2026-03-10T10:21:31.2569827+11:00" testType="13cdc9d9-ddb5-4fa4-a97d-d965ccfc6d4b" outcome="Passed" testListId="8c84fa94-04c1-424b-9868-57a2d4851a1d" relativeResultsDirectory="515d17be-5632-4bc0-94fe-daa49990dd6d" />
    <UnitTestResult executionId="1521002d-ef18-474d-a5e4-a7c7d6593448" testId="dcf4e80a-ed85-4614-a6a6-c43842c073f4" testName="TestRegexTransform" computerName="HEIMDALLR" duration="00:00:00.0052019" startTime="2026-03-10T10:20:23.6240745+11:00" endTime="2026-03-10T10:20:23.6293327+11:00" testType="13cdc9d9-ddb5-4fa4-a97d-d965ccfc6d4b" outcome="Passed" testListId="8c84fa94-04c1-424b-9868-57a2d4851a1d" relativeResultsDirectory="1521002d-ef18-474d-a5e4-a7c7d6593448" />
    <UnitTestResult executionId="24e12737-a9a1-4376-ab88-f9b608423227" testId="bb3e8dec-473e-bfc9-fe36-42bfb544abf9" testName="Colour_StringForegroundBackground_WrapsAndResetsAll" computerName="HEIMDALLR" duration="00:00:00.0000897" startTime="2026-03-10T10:20:23.1003262+11:00" endTime="2026-03-10T10:20:23.1004586+11:00" testType="13cdc9d9-ddb5-4fa4-a97d-d965ccfc6d4b" outcome="Passed" testListId="8c84fa94-04c1-424b-9868-57a2d4851a1d" relativeResultsDirectory="24e12737-a9a1-4376-ab88-f9b608423227" />
    <UnitTestResult executionId="cbfe1bbf-b6d4-4ddf-af9a-45a9acb3940a" testId="836ea1ba-34a4-5965-9002-9aefdb792ad8" testName="WeatherClimateUtilities_AdvanceTemperatureFluctuation_ZeroVarianceReturnsZero" computerName="HEIMDALLR" duration="00:00:00.0002891" startTime="2026-03-10T10:21:30.3061982+11:00" endTime="2026-03-10T10:21:30.3065178+11:00" testType="13cdc9d9-ddb5-4fa4-a97d-d965ccfc6d4b" outcome="Passed" testListId="8c84fa94-04c1-424b-9868-57a2d4851a1d" relativeResultsDirectory="cbfe1bbf-b6d4-4ddf-af9a-45a9acb3940a" />
    <UnitTestResult executionId="1850d052-b960-4057-8964-4c261dd82afd" testId="eec1c91b-56e6-849d-4f85-9a89e52c6575" testName="CanUseTool_FullConditionAndEnoughDurability_ReturnsTrue" computerName="HEIMDALLR" duration="00:00:00.0035048" startTime="2026-03-10T10:20:13.4343650+11:00" endTime="2026-03-10T10:20:13.4379564+11:00" testType="13cdc9d9-ddb5-4fa4-a97d-d965ccfc6d4b" outcome="Passed" testListId="8c84fa94-04c1-424b-9868-57a2d4851a1d" relativeResultsDirectory="1850d052-b960-4057-8964-4c261dd82afd" />
    <UnitTestResult executionId="96ee3587-59a3-4386-a4b3-fedadcb3afca" testId="5a73008b-0599-dd54-db74-6841e2f3dbe7" testName="ApplyDefaultElo_RespectsEventTypeStyleAndKFactor" computerName="HEIMDALLR" duration="00:00:00.0033671" startTime="2026-03-10T10:21:31.0314583+11:00" endTime="2026-03-10T10:21:31.0348549+11:00" testType="13cdc9d9-ddb5-4fa4-a97d-d965ccfc6d4b" outcome="Passed" testListId="8c84fa94-04c1-424b-9868-57a2d4851a1d" relativeResultsDirectory="96ee3587-59a3-4386-a4b3-fedadcb3afca" />
    <UnitTestResult executionId="247be9ef-073a-4b04-9fd7-49268387c52d" testId="90606768-102b-75da-6b18-2ba7cfd5ae6a" testName="NormalizeFunctionToolSchema_OptionalProperty_BecomesNullableAndRequired" computerName="HEIMDALLR" duration="00:00:00.0012273" startTime="2026-03-10T10:20:12.1044989+11:00" endTime="2026-03-10T10:20:12.1058055+11:00" testType="13cdc9d9-ddb5-4fa4-a97d-d965ccfc6d4b" outcome="Passed" testListId="8c84fa94-04c1-424b-9868-57a2d4851a1d" relativeResultsDirectory="247be9ef-073a-4b04-9fd7-49268387c52d" />
    <UnitTestResult executionId="fe87222c-48d7-4b03-bf54-0fb5f8dd036e" testId="4fd129b1-fd58-f413-a0cf-99ba89497fa7" testName="SanitiseExceptNumbered_AllowsWithinLimit" computerName="HEIMDALLR" duration="00:00:00.0002342" startTime="2026-03-10T10:20:23.1381217+11:00" endTime="2026-03-10T10:20:23.1384058+11:00" testType="13cdc9d9-ddb5-4fa4-a97d-d965ccfc6d4b" outcome="Passed" testListId="8c84fa94-04c1-424b-9868-57a2d4851a1d" relativeResultsDirectory="fe87222c-48d7-4b03-bf54-0fb5f8dd036e" />
    <UnitTestResult executionId="bbed30a0-24bc-40a4-909a-dcba84a1261d" testId="8b1f7fa6-05fc-da61-b658-e6fbda2b8d7e" testName="TestDegreesRadians" computerName="HEIMDALLR" duration="00:00:00.0001299" startTime="2026-03-10T10:20:13.6537266+11:00" endTime="2026-03-10T10:20:13.6540530+11:00" testType="13cdc9d9-ddb5-4fa4-a97d-d965ccfc6d4b" outcome="Passed" testListId="8c84fa94-04c1-424b-9868-57a2d4851a1d" relativeResultsDirectory="bbed30a0-24bc-40a4-909a-dcba84a1261d" />
    <UnitTestResult executionId="f6eed1d9-cdbe-4eb2-b7c1-e0404db1847f" testId="075166b8-6870-9191-463f-78f92212b9dd" testName="WeatherSeeder_SeedsSingleCanonicalWeatherEventSet" computerName="HEIMDALLR" duration="00:00:05.6401777" startTime="2026-03-10T10:21:08.3107853+11:00" endTime="2026-03-10T10:21:13.9510396+11:00" testType="13cdc9d9-ddb5-4fa4-a97d-d965ccfc6d4b" outcome="Passed" testListId="8c84fa94-04c1-424b-9868-57a2d4851a1d" relativeResultsDirectory="f6eed1d9-cdbe-4eb2-b7c1-e0404db1847f">
      <Output>
        <StdOut>[Weather Seeder] Starting weather and climate seeding.&#xD;
[Weather Seeder] Using a single canonical weather event set without seeded temperature variants.&#xD;
[Weather Seeder] Creating seasons...&#xD;
[Weather Seeder] Created 12 seasons in 0.0s.&#xD;
[Weather Seeder] Creating weather events...&#xD;
[Weather Seeder] Created 322 weather events in 0.0s.&#xD;
[Weather Seeder] Building 31 climate models...&#xD;
[Weather Seeder] [1/31] Building Temperate (Cfb; London, United Kingdom)...&#xD;
[Weather Seeder] [1/31] Built Temperate in 0.1s.&#xD;
[Weather Seeder] [2/31] Building Subpolar Oceanic (Cfc; Adak, Alaska, United States)...&#xD;
[Weather Seeder] [2/31] Built Subpolar Oceanic in 0.1s.&#xD;
[Weather Seeder] [3/31] Building Humid Subtropical (Cfa; Atlanta, Georgia, United States)...&#xD;
[Weather Seeder] [3/31] Built Humid Subtropical in 0.1s.&#xD;
[Weather Seeder] [4/31] Building Dry Winter Humid Subtropical (Cwa; Daegu, South Korea)...&#xD;
[Weather Seeder] [4/31] Built Dry Winter Humid Subtropical in 0.1s.&#xD;
[Weather Seeder] [5/31] Building Subtropical Highland (Cwb; Mexico City, Mexico)...&#xD;
[Weather Seeder] [5/31] Built Subtropical Highland in 0.1s.&#xD;
[Weather Seeder] [6/31] Building Cold Summer Subtropical Highland (Cwc; El Alto, Bolivia)...&#xD;
[Weather Seeder] [6/31] Built Cold Summer Subtropical Highland in 0.1s.&#xD;
[Weather Seeder] [7/31] Building Mediterranean (Csa; Sacramento, California, United States)...&#xD;
[Weather Seeder] [7/31] Built Mediterranean in 0.1s.&#xD;
[Weather Seeder] [8/31] Building Warm-Summer Mediterranean (Csb; San Francisco, California, United States)...&#xD;
[Weather Seeder] [8/31] Built Warm-Summer Mediterranean in 0.1s.&#xD;
[Weather Seeder] [9/31] Building Cold-Summer Mediterranean (Csc; Rost, Norway)...&#xD;
[Weather Seeder] [9/31] Built Cold-Summer Mediterranean in 0.1s.&#xD;
[Weather Seeder] [10/31] Building Tropical Rainforest (Af; Singapore)...&#xD;
[Weather Seeder] [10/31] Built Tropical Rainforest in 0.1s.&#xD;
[Weather Seeder] [11/31] Building Tropical Monsoon (Am; Miami, Florida, United States)...&#xD;
[Weather Seeder] [11/31] Built Tropical Monsoon in 0.1s.&#xD;
[Weather Seeder] [12/31] Building Tropical Savanna Dry Winter (Aw; Bangkok, Thailand)...&#xD;
[Weather Seeder] [12/31] Built Tropical Savanna Dry Winter in 0.1s.&#xD;
[Weather Seeder] [13/31] Building Tropical Savanna Dry Summer (As; Chennai, India)...&#xD;
[Weather Seeder] [13/31] Built Tropical Savanna Dry Summer in 0.1s.&#xD;
[Weather Seeder] [14/31] Building Humid Subcontinental (Dfb; Buffalo, New York, United States)...&#xD;
[Weather Seeder] [14/31] Built Humid Subcontinental in 0.1s.&#xD;
[Weather Seeder] [15/31] Building Hot Summer Humid Subcontinental (Dfa; Chicago, Illinois, United States)...&#xD;
[Weather Seeder] [15/31] Built Hot Summer Humid Subcontinental in 0.1s.&#xD;
[Weather Seeder] [16/31] Building Dry Winter Humid Subcontinental (Dwa; Seoul, South Korea)...&#xD;
[Weather Seeder] [16/31] Built Dry Winter Humid Subcontinental in 0.1s.&#xD;
[Weather Seeder] [17/31] Building Warm Summer Dry Winter Humid Subcontinental (Dwb; Vladivostok, Russia)...&#xD;
[Weather Seeder] [17/31] Built Warm Summer Dry Winter Humid Subcontinental in 0.1s.&#xD;
[Weather Seeder] [18/31] Building Subarctic (Dfc; Bratsk, Russia)...&#xD;
[Weather Seeder] [18/31] Built Subarctic in 0.1s.&#xD;
[Weather Seeder] [19/31] Building Severe Winter Subarctic (Dfd; Oymyakon, Russia)...&#xD;
[Weather Seeder] [19/31] Built Severe Winter Subarctic in 0.1s.&#xD;
[Weather Seeder] [20/31] Building Dry Winter Subarctic (Dwc; Delta Junction, Alaska, United States)...&#xD;
[Weather Seeder] [20/31] Built Dry Winter Subarctic in 0.1s.&#xD;
[Weather Seeder] [21/31] Building Severe Winter Dry Winter Subarctic (Dwd; Delyankir, Russia)...&#xD;
[Weather Seeder] [21/31] Built Severe Winter Dry Winter Subarctic in 0.1s.&#xD;
[Weather Seeder] [22/31] Building Hot Summer Dry-Summer Continental (Dsa; Salt Lake City, Utah, United States)...&#xD;
[Weather Seeder] [22/31] Built Hot Summer Dry-Summer Continental in 0.1s.&#xD;
[Weather Seeder] [23/31] Building Warm Summer Dry-Summer Continental (Dsb; Truckee, California, United States)...&#xD;
[Weather Seeder] [23/31] Built Warm Summer Dry-Summer Continental in 0.1s.&#xD;
[Weather Seeder] [24/31] Building Dry-Summer Subarctic (Dsc; McCarthy, Alaska, United States)...&#xD;
[Weather Seeder] [24/31] Built Dry-Summer Subarctic in 0.1s.&#xD;
[Weather Seeder] [25/31] Building Severe Winter Dry-Summer Subarctic (Dsd; Verkhoyansk, Russia)...&#xD;
[Weather Seeder] [25/31] Built Severe Winter Dry-Summer Subarctic in 0.1s.&#xD;
[Weather Seeder] [26/31] Building Tundra (ET; Nuuk, Greenland)...&#xD;
[Weather Seeder] [26/31] Built Tundra in 0.1s.&#xD;
[Weather Seeder] [27/31] Building Polar Ice Cap (EF; Amundsen-Scott South Pole Station, Antarctica)...&#xD;
[Weather Seeder] [27/31] Built Polar Ice Cap in 0.1s.&#xD;
[Weather Seeder] [28/31] Building Hot Semi-Arid (BSh; Del Rio, Texas, United States)...&#xD;
[Weather Seeder] [28/31] Built Hot Semi-Arid in 0.1s.&#xD;
[Weather Seeder] [29/31] Building Hot Desert (BWh; Yuma, Arizona, United States)...&#xD;
[Weather Seeder] [29/31] Built Hot Desert in 0.1s.&#xD;
[Weather Seeder] [30/31] Building Cold Semi-Arid (BSk; Denver, Colorado, United States)...&#xD;
[Weather Seeder] [30/31] Built Cold Semi-Arid in 0.1s.&#xD;
[Weather Seeder] [31/31] Building Cold Desert (BWk; Bishop, California, United States)...&#xD;
[Weather Seeder] [31/31] Built Cold Desert in 0.1s.&#xD;
[Weather Seeder] Saving climate models...&#xD;
[Weather Seeder] Saved 31 climate models in 0.3s.&#xD;
[Weather Seeder] Creating 31 regional climates...&#xD;
[Weather Seeder] [1/31] Creating regional climate for Oceanic Temperate...&#xD;
[Weather Seeder] [1/31] Prepared regional climate in 0.0s.&#xD;
[Weather Seeder] [2/31] Creating regional climate for Subpolar Oceanic...&#xD;
[Weather Seeder] [2/31] Prepared regional climate in 0.0s.&#xD;
[Weather Seeder] [3/31] Creating regional climate for Humid Subtropical...&#xD;
[Weather Seeder] [3/31] Prepared regional climate in 0.0s.&#xD;
[Weather Seeder] [4/31] Creating regional climate for Dry Winter Humid Subtropical...&#xD;
[Weather Seeder] [4/31] Prepared regional climate in 0.0s.&#xD;
[Weather Seeder] [5/31] Creating regional climate for Subtropical Highland...&#xD;
[Weather Seeder] [5/31] Prepared regional climate in 0.0s.&#xD;
[Weather Seeder] [6/31] Creating regional climate for Cold Summer Subtropical Highland...&#xD;
[Weather Seeder] [6/31] Prepared regional climate in 0.0s.&#xD;
[Weather Seeder] [7/31] Creating regional climate for Mediterranean...&#xD;
[Weather Seeder] [7/31] Prepared regional climate in 0.0s.&#xD;
[Weather Seeder] [8/31] Creating regional climate for Warm-Summer Mediterranean...&#xD;
[Weather Seeder] [8/31] Prepared regional climate in 0.0s.&#xD;
[Weather Seeder] [9/31] Creating regional climate for Cold-Summer Mediterranean...&#xD;
[Weather Seeder] [9/31] Prepared regional climate in 0.0s.&#xD;
[Weather Seeder] [10/31] Creating regional climate for Tropical Rainforest...&#xD;
[Weather Seeder] [10/31] Prepared regional climate in 0.0s.&#xD;
[Weather Seeder] [11/31] Creating regional climate for Tropical Monsoon...&#xD;
[Weather Seeder] [11/31] Prepared regional climate in 0.0s.&#xD;
[Weather Seeder] [12/31] Creating regional climate for Tropical Savanna Dry Winter...&#xD;
[Weather Seeder] [12/31] Prepared regional climate in 0.0s.&#xD;
[Weather Seeder] [13/31] Creating regional climate for Tropical Savanna Dry Summer...&#xD;
[Weather Seeder] [13/31] Prepared regional climate in 0.0s.&#xD;
[Weather Seeder] [14/31] Creating regional climate for Humid Subcontinental...&#xD;
[Weather Seeder] [14/31] Prepared regional climate in 0.0s.&#xD;
[Weather Seeder] [15/31] Creating regional climate for Hot Summer Humid Subcontinental...&#xD;
[Weather Seeder] [15/31] Prepared regional climate in 0.0s.&#xD;
[Weather Seeder] [16/31] Creating regional climate for Dry Winter Humid Subcontinental...&#xD;
[Weather Seeder] [16/31] Prepared regional climate in 0.0s.&#xD;
[Weather Seeder] [17/31] Creating regional climate for Warm Summer Dry Winter Humid Subcontinental...&#xD;
[Weather Seeder] [17/31] Prepared regional climate in 0.0s.&#xD;
[Weather Seeder] [18/31] Creating regional climate for Subarctic...&#xD;
[Weather Seeder] [18/31] Prepared regional climate in 0.0s.&#xD;
[Weather Seeder] [19/31] Creating regional climate for Severe Winter Subarctic...&#xD;
[Weather Seeder] [19/31] Prepared regional climate in 0.0s.&#xD;
[Weather Seeder] [20/31] Creating regional climate for Dry Winter Subarctic...&#xD;
[Weather Seeder] [20/31] Prepared regional climate in 0.0s.&#xD;
[Weather Seeder] [21/31] Creating regional climate for Severe Winter Dry Winter Subarctic...&#xD;
[Weather Seeder] [21/31] Prepared regional climate in 0.0s.&#xD;
[Weather Seeder] [22/31] Creating regional climate for Hot Summer Dry-Summer Continental...&#xD;
[Weather Seeder] [22/31] Prepared regional climate in 0.0s.&#xD;
[Weather Seeder] [23/31] Creating regional climate for Warm Summer Dry-Summer Continental...&#xD;
[Weather Seeder] [23/31] Prepared regional climate in 0.0s.&#xD;
[Weather Seeder] [24/31] Creating regional climate for Dry-Summer Subarctic...&#xD;
[Weather Seeder] [24/31] Prepared regional climate in 0.0s.&#xD;
[Weather Seeder] [25/31] Creating regional climate for Severe Winter Dry-Summer Subarctic...&#xD;
[Weather Seeder] [25/31] Prepared regional climate in 0.0s.&#xD;
[Weather Seeder] [26/31] Creating regional climate for Tundra...&#xD;
[Weather Seeder] [26/31] Prepared regional climate in 0.0s.&#xD;
[Weather Seeder] [27/31] Creating regional climate for Polar Ice Cap...&#xD;
[Weather Seeder] [27/31] Prepared regional climate in 0.0s.&#xD;
[Weather Seeder] [28/31] Creating regional climate for Hot Semi-Arid...&#xD;
[Weather Seeder] [28/31] Prepared regional climate in 0.0s.&#xD;
[Weather Seeder] [29/31] Creating regional climate for Hot Desert...&#xD;
[Weather Seeder] [29/31] Prepared regional climate in 0.0s.&#xD;
[Weather Seeder] [30/31] Creating regional climate for Cold Semi-Arid...&#xD;
[Weather Seeder] [30/31] Prepared regional climate in 0.0s.&#xD;
[Weather Seeder] [31/31] Creating regional climate for Cold Desert...&#xD;
[Weather Seeder] [31/31] Prepared regional climate in 0.0s.&#xD;
[Weather Seeder] Saving regional climates...&#xD;
[Weather Seeder] Weather seeding complete in 4.0s.</StdOut>
      </Output>
    </UnitTestResult>
    <UnitTestResult executionId="55ee54d8-fccc-4954-9647-0db9ead813dd" testId="bc67b67d-1476-f5e9-4c26-f67b925368e1" testName="ParseTransitions_CurrentEventNodes_AreParsed" computerName="HEIMDALLR" duration="00:00:00.0001100" startTime="2026-03-10T10:21:30.3096586+11:00" endTime="2026-03-10T10:21:30.3097980+11:00" testType="13cdc9d9-ddb5-4fa4-a97d-d965ccfc6d4b" outcome="Passed" testListId="8c84fa94-04c1-424b-9868-57a2d4851a1d" relativeResultsDirectory="55ee54d8-fccc-4954-9647-0db9ead813dd" />
    <UnitTestResult executionId="e508ef7a-7315-4e72-a10a-01c39a965e2f" testId="1974cc87-8d43-1c87-154e-b3ccd47bca3e" testName="WrapText_RespectsWidthAndIndent" computerName="HEIMDALLR" duration="00:00:00.0007088" startTime="2026-03-10T10:20:12.8463824+11:00" endTime="2026-03-10T10:20:12.8472178+11:00" testType="13cdc9d9-ddb5-4fa4-a97d-d965ccfc6d4b" outcome="Passed" testListId="8c84fa94-04c1-424b-9868-57a2d4851a1d" relativeResultsDirectory="e508ef7a-7315-4e72-a10a-01c39a965e2f" />
    <UnitTestResult executionId="30ede2ae-a369-4ef7-8fa4-46cd534b14c4" testId="5cf0ee74-1cb2-7330-eb72-d731b6f35056" testName="ReturnNpc_NoHandsRestorePath_PlacesItemNearNpc" computerName="HEIMDALLR" duration="00:00:00.0030235" startTime="2026-03-10T10:21:30.8985559+11:00" endTime="2026-03-10T10:21:30.9016092+11:00" testType="13cdc9d9-ddb5-4fa4-a97d-d965ccfc6d4b" outcome="Passed" testListId="8c84fa94-04c1-424b-9868-57a2d4851a1d" relativeResultsDirectory="30ede2ae-a369-4ef7-8fa4-46cd534b14c4" />
    <UnitTestResult executionId="f22718d0-ed30-40ae-b041-c07adaa191cc" testId="f9ccc448-460c-9bf2-36a5-b66efdc9cf88" testName="Pause_Unpause_TogglesPausedState" computerName="HEIMDALLR" duration="00:00:00.0953901" startTime="2026-03-10T10:20:11.8234023+11:00" endTime="2026-03-10T10:20:11.9189012+11:00" testType="13cdc9d9-ddb5-4fa4-a97d-d965ccfc6d4b" outcome="Passed" testListId="8c84fa94-04c1-424b-9868-57a2d4851a1d" relativeResultsDirectory="f22718d0-ed30-40ae-b041-c07adaa191cc" />
    <UnitTestResult executionId="c5138a1f-ca22-4698-bf9d-3c88cd462a9e" testId="cebcaa54-ae51-5370-ffd8-d45e373d910c" testName="TestRandomFunctionOverrides" computerName="HEIMDALLR" duration="00:00:00.0017050" startTime="2026-03-10T10:20:13.4217305+11:00" endTime="2026-03-10T10:20:13.4235066+11:00" testType="13cdc9d9-ddb5-4fa4-a97d-d965ccfc6d4b" outcome="Passed" testListId="8c84fa94-04c1-424b-9868-57a2d4851a1d" relativeResultsDirectory="c5138a1f-ca22-4698-bf9d-3c88cd462a9e" />
    <UnitTestResult executionId="50d01dc7-374e-4b38-83d8-aac0cf0eba30" testId="dbe455f3-abd7-dd34-8b04-57012dba92a1" testName="NormaliseSpacing_IgnoresPunctuationWhenRequested" computerName="HEIMDALLR" duration="00:00:00.0000971" startTime="2026-03-10T10:20:23.1207333+11:00" endTime="2026-03-10T10:20:23.1208936+11:00" testType="13cdc9d9-ddb5-4fa4-a97d-d965ccfc6d4b" outcome="Passed" testListId="8c84fa94-04c1-424b-9868-57a2d4851a1d" relativeResultsDirectory="50d01dc7-374e-4b38-83d8-aac0cf0eba30" />
    <UnitTestResult executionId="bd76c50b-e244-4bed-999a-2eb57799081f" testId="df899a43-16c9-d933-474c-3c3b2d59cea8" testName="RawTextPadLeftRight_PadsProperly" computerName="HEIMDALLR" duration="00:00:00.0001609" startTime="2026-03-10T10:20:23.1220685+11:00" endTime="2026-03-10T10:20:23.1222744+11:00" testType="13cdc9d9-ddb5-4fa4-a97d-d965ccfc6d4b" outcome="Passed" testListId="8c84fa94-04c1-424b-9868-57a2d4851a1d" relativeResultsDirectory="bd76c50b-e244-4bed-999a-2eb57799081f" />
    <UnitTestResult executionId="2dbf1225-2171-4571-97da-0d44a5b6dd4f" testId="192bc2fa-c55c-2200-a2e3-231a22906e03" testName="GetScatterTarget_ReturnsNullWhenTargetLocationMissing" computerName="HEIMDALLR" duration="00:00:00.0003634" startTime="2026-03-10T10:20:22.9881820+11:00" endTime="2026-03-10T10:20:22.9886364+11:00" testType="13cdc9d9-ddb5-4fa4-a97d-d965ccfc6d4b" outcome="Passed" testListId="8c84fa94-04c1-424b-9868-57a2d4851a1d" relativeResultsDirectory="2dbf1225-2171-4571-97da-0d44a5b6dd4f" />
    <UnitTestResult executionId="c510c4ed-23ea-4803-b941-ed017347e697" testId="791fb86f-0f21-4ef9-a892-fe18481a6f1d" testName="DictionaryWithDefault_ReturnsDefaultValueForMissingKey" computerName="HEIMDALLR" duration="00:00:00.0001320" startTime="2026-03-10T10:20:13.3820149+11:00" endTime="2026-03-10T10:20:13.3821876+11:00" testType="13cdc9d9-ddb5-4fa4-a97d-d965ccfc6d4b" outcome="Passed" testListId="8c84fa94-04c1-424b-9868-57a2d4851a1d" relativeResultsDirectory="c510c4ed-23ea-4803-b941-ed017347e697" />
    <UnitTestResult executionId="af95a0ce-96e8-4beb-afe7-43a6dfa99c31" testId="a40246bf-5855-d609-3dff-e41609f5f416" testName="TestEnums" computerName="HEIMDALLR" duration="00:00:00.0002974" startTime="2026-03-10T10:20:13.4235256+11:00" endTime="2026-03-10T10:20:13.4238664+11:00" testType="13cdc9d9-ddb5-4fa4-a97d-d965ccfc6d4b" outcome="Passed" testListId="8c84fa94-04c1-424b-9868-57a2d4851a1d" relativeResultsDirectory="af95a0ce-96e8-4beb-afe7-43a6dfa99c31" />
    <UnitTestResult executionId="52c353cf-8f67-49b1-a7f0-683f5525dab8" testId="6c90440e-9fd9-5c12-cbc9-0190ff0edafd" testName="GetScatterTarget_ReturnsNullWhenTargetLocationMissing" computerName="HEIMDALLR" duration="00:00:00.0003469" startTime="2026-03-10T10:20:23.0057126+11:00" endTime="2026-03-10T10:20:23.0061401+11:00" testType="13cdc9d9-ddb5-4fa4-a97d-d965ccfc6d4b" outcome="Passed" testListId="8c84fa94-04c1-424b-9868-57a2d4851a1d" relativeResultsDirectory="52c353cf-8f67-49b1-a7f0-683f5525dab8" />
    <UnitTestResult executionId="fb62e0c3-ddb7-4246-befa-6970e74628cf" testId="68039dad-f579-d8ea-8961-be171d1fe84f" testName="TestOpposedOutcomeNoDraw" computerName="HEIMDALLR" duration="00:00:00.0029654" startTime="2026-03-10T10:20:12.7815668+11:00" endTime="2026-03-10T10:20:12.7846367+11:00" testType="13cdc9d9-ddb5-4fa4-a97d-d965ccfc6d4b" outcome="Passed" testListId="8c84fa94-04c1-424b-9868-57a2d4851a1d" relativeResultsDirectory="fb62e0c3-ddb7-4246-befa-6970e74628cf" />
    <UnitTestResult executionId="2f5e6c49-a919-44c7-90f1-872dc71bf824" testId="2e6faf4c-4415-f64a-ce52-01259755a781" testName="TestLiterals" computerName="HEIMDALLR" duration="00:00:00.0002920" startTime="2026-03-10T10:20:22.8749942+11:00" endTime="2026-03-10T10:20:22.8753582+11:00" testType="13cdc9d9-ddb5-4fa4-a97d-d965ccfc6d4b" outcome="Passed" testListId="8c84fa94-04c1-424b-9868-57a2d4851a1d" relativeResultsDirectory="2f5e6c49-a919-44c7-90f1-872dc71bf824" />
    <UnitTestResult executionId="13621e19-ca72-4022-9d4f-10b8d0285b79" testId="30ee0130-81d0-af6b-72ab-13b2f715a495" testName="ExceptMethods_Work" computerName="HEIMDALLR" duration="00:00:00.0014085" startTime="2026-03-10T10:20:12.8223052+11:00" endTime="2026-03-10T10:20:12.8237572+11:00" testType="13cdc9d9-ddb5-4fa4-a97d-d965ccfc6d4b" outcome="Passed" testListId="8c84fa94-04c1-424b-9868-57a2d4851a1d" relativeResultsDirectory="13621e19-ca72-4022-9d4f-10b8d0285b79" />
    <UnitTestResult executionId="43c5a6ad-5fdd-488b-b472-d8d983d5709a" testId="642a6ed5-6483-6efc-a5d5-04455f2e9707" testName="GetRGB_ReturnsCorrectValues" computerName="HEIMDALLR" duration="00:00:00.0007853" startTime="2026-03-10T10:20:23.0954879+11:00" endTime="2026-03-10T10:20:23.0963372+11:00" testType="13cdc9d9-ddb5-4fa4-a97d-d965ccfc6d4b" outcome="Passed" testListId="8c84fa94-04c1-424b-9868-57a2d4851a1d" relativeResultsDirectory="43c5a6ad-5fdd-488b-b472-d8d983d5709a" />
    <UnitTestResult executionId="012bc535-2838-4f2d-856d-f5343f902c8a" testId="35dc4484-d31c-0ca6-6693-bed81cf16163" testName="GetWidthRuler_UsesCorrectSeparators" computerName="HEIMDALLR" duration="00:00:00.0003665" startTime="2026-03-10T10:20:12.8574382+11:00" endTime="2026-03-10T10:20:12.8578462+11:00" testType="13cdc9d9-ddb5-4fa4-a97d-d965ccfc6d4b" outcome="Passed" testListId="8c84fa94-04c1-424b-9868-57a2d4851a1d" relativeResultsDirectory="012bc535-2838-4f2d-856d-f5343f902c8a" />
    <UnitTestResult executionId="6534e413-fa62-4de2-9fa8-bf9f467586dd" testId="3d95fd8f-14b3-49f7-6dc3-275bc91803b6" testName="CreateList_Reflective" computerName="HEIMDALLR" duration="00:00:00.0003181" startTime="2026-03-10T10:20:23.8142910+11:00" endTime="2026-03-10T10:20:23.8146453+11:00" testType="13cdc9d9-ddb5-4fa4-a97d-d965ccfc6d4b" outcome="Passed" testListId="8c84fa94-04c1-424b-9868-57a2d4851a1d" relativeResultsDirectory="6534e413-fa62-4de2-9fa8-bf9f467586dd" />
    <UnitTestResult executionId="c9ce8cd9-5137-4fe7-b9e0-3ab3950a40c9" testId="11419bd5-57ab-fe68-d264-eb6f761164c3" testName="Constructor_SpeechContextSettings_MissingValues_UsesDefaults" computerName="HEIMDALLR" duration="00:00:00.0013856" startTime="2026-03-10T10:20:12.0891250+11:00" endTime="2026-03-10T10:20:12.0905558+11:00" testType="13cdc9d9-ddb5-4fa4-a97d-d965ccfc6d4b" outcome="Passed" testListId="8c84fa94-04c1-424b-9868-57a2d4851a1d" relativeResultsDirectory="c9ce8cd9-5137-4fe7-b9e0-3ab3950a40c9" />
    <UnitTestResult executionId="3e1c2b2f-1d95-4c71-b7d0-3d1d0acd01c0" testId="ec5893db-8e86-5f29-266e-95ab636bf972" testName="TestMXPAnsiTextCode" computerName="HEIMDALLR" duration="00:00:00.0011093" startTime="2026-03-10T10:20:23.1542074+11:00" endTime="2026-03-10T10:20:23.1553708+11:00" testType="13cdc9d9-ddb5-4fa4-a97d-d965ccfc6d4b" outcome="Passed" testListId="8c84fa94-04c1-424b-9868-57a2d4851a1d" relativeResultsDirectory="3e1c2b2f-1d95-4c71-b7d0-3d1d0acd01c0">
      <Output>
        <StdOut>Debug Trace:
\u001b[32mAn example item with big shiny lights\u001b[0m is here, doing a \u0003send href=ۚnce monkey\u0006\u0004whole bunch of Lorem&#xD;
ipsum\u0003/send\u0004 dolor sit amet, consectetur adipiscing elit, sed do eiusmod tempor&#xD;
incididunt ut labore et dolore magna aliqua. Ut enim ad minim veniam, quis&#xD;
nostrud exercitation ullamco laboris nisi ut aliquip ex ea commodo consequat.&#xD;
Duis aute irure dolor in reprehenderit in voluptate velit esse cillum dolore eu&#xD;
fugiat nulla pariatur. Excepteur sint occaecat cupidatat non proident, sunt in&#xD;
culpa qui officia deserunt mollit anim id est laborum.</StdOut>
      </Output>
    </UnitTestResult>
    <UnitTestResult executionId="6c834344-1204-41d7-b481-ed15e0e00ae2" testId="89e996c1-1494-cd4b-ec76-ed50a42c2d56" testName="TestFindSequenceConsecutive" computerName="HEIMDALLR" duration="00:00:00.0005631" startTime="2026-03-10T10:20:12.8448724+11:00" endTime="2026-03-10T10:20:12.8454819+11:00" testType="13cdc9d9-ddb5-4fa4-a97d-d965ccfc6d4b" outcome="Passed" testListId="8c84fa94-04c1-424b-9868-57a2d4851a1d" relativeResultsDirectory="6c834344-1204-41d7-b481-ed15e0e00ae2" />
    <UnitTestResult executionId="494d463a-0d0a-420c-98c5-56f8e620fae6" testId="ec5d4794-f46f-479e-1e4c-b6ea41071059" testName="GetDateOrder_MonthFirst_Cultures_ReturnsMonthFirst" computerName="HEIMDALLR" duration="00:00:00.0049996" startTime="2026-03-10T10:20:23.7658239+11:00" endTime="2026-03-10T10:20:23.7709139+11:00" testType="13cdc9d9-ddb5-4fa4-a97d-d965ccfc6d4b" outcome="Passed" testListId="8c84fa94-04c1-424b-9868-57a2d4851a1d" relativeResultsDirectory="494d463a-0d0a-420c-98c5-56f8e620fae6" />
    <UnitTestResult executionId="c1374a41-ecce-4ec3-bd39-b385fbb42ea8" testId="3a374883-63fe-ab02-f0ce-853879820126" testName="TestRomanNumerals" computerName="HEIMDALLR" duration="00:00:00.0003695" startTime="2026-03-10T10:20:23.6364292+11:00" endTime="2026-03-10T10:20:23.6368381+11:00" testType="13cdc9d9-ddb5-4fa4-a97d-d965ccfc6d4b" outcome="Passed" testListId="8c84fa94-04c1-424b-9868-57a2d4851a1d" relativeResultsDirectory="c1374a41-ecce-4ec3-bd39-b385fbb42ea8" />
    <UnitTestResult executionId="bb29e0c2-9044-48e8-b760-e1906bbaf29b" testId="07668183-886d-de26-29d8-9c3cfd45a891" testName="ExecuteFunctionCall_CurrentDateTime_MultipleContexts_ReturnsError" computerName="HEIMDALLR" duration="00:00:00.0159425" startTime="2026-03-10T10:20:12.4725354+11:00" endTime="2026-03-10T10:20:12.4885396+11:00" testType="13cdc9d9-ddb5-4fa4-a97d-d965ccfc6d4b" outcome="Passed" testListId="8c84fa94-04c1-424b-9868-57a2d4851a1d" relativeResultsDirectory="bb29e0c2-9044-48e8-b760-e1906bbaf29b" />
    <UnitTestResult executionId="4e41cb87-d921-48eb-8219-4d9387b2a023" testId="c4af9ef6-fa2b-7096-3df9-bc00ddaf5f45" testName="ToColouredString_ReturnsColourCodes" computerName="HEIMDALLR" duration="00:00:00.0001231" startTime="2026-03-10T10:20:23.1411205+11:00" endTime="2026-03-10T10:20:23.1412926+11:00" testType="13cdc9d9-ddb5-4fa4-a97d-d965ccfc6d4b" outcome="Passed" testListId="8c84fa94-04c1-424b-9868-57a2d4851a1d" relativeResultsDirectory="4e41cb87-d921-48eb-8219-4d9387b2a023" />
    <UnitTestResult executionId="1a987861-08e3-4400-b294-1ec941028ffc" testId="32d72e1c-4cc1-93a2-95c1-e969869d73eb" testName="FluentAppend_AppendsWhenTrue" computerName="HEIMDALLR" duration="00:00:00.0001636" startTime="2026-03-10T10:20:23.1073711+11:00" endTime="2026-03-10T10:20:23.1075995+11:00" testType="13cdc9d9-ddb5-4fa4-a97d-d965ccfc6d4b" outcome="Passed" testListId="8c84fa94-04c1-424b-9868-57a2d4851a1d" relativeResultsDirectory="1a987861-08e3-4400-b294-1ec941028ffc" />
    <UnitTestResult executionId="3995148c-629c-4896-9686-0b66a80f3b7e" testId="d5cb5f75-d046-3612-dea7-ad2727f3b28c" testName="FrameworkItemLookups_Work" computerName="HEIMDALLR" duration="00:00:00.0009642" startTime="2026-03-10T10:20:12.8330105+11:00" endTime="2026-03-10T10:20:12.8340179+11:00" testType="13cdc9d9-ddb5-4fa4-a97d-d965ccfc6d4b" outcome="Passed" testListId="8c84fa94-04c1-424b-9868-57a2d4851a1d" relativeResultsDirectory="3995148c-629c-4896-9686-0b66a80f3b7e" />
    <UnitTestResult executionId="b53a5af7-5018-485f-94c6-e69135b6710b" testId="804030a2-7c57-3b4d-35a1-2128737befe7" testName="SituationMatchesTriggerScope_AppliesCharacterAndRoomScopeRules" computerName="HEIMDALLR" duration="00:00:00.0020269" startTime="2026-03-10T10:20:12.1847876+11:00" endTime="2026-03-10T10:20:12.1868653+11:00" testType="13cdc9d9-ddb5-4fa4-a97d-d965ccfc6d4b" outcome="Passed" testListId="8c84fa94-04c1-424b-9868-57a2d4851a1d" relativeResultsDirectory="b53a5af7-5018-485f-94c6-e69135b6710b" />
    <UnitTestResult executionId="00bee94c-2830-4b58-ba49-c474a1b681b6" testId="50660596-44f9-d48a-45d1-3d5d20d44f7c" testName="RollExpression_DeterministicConstantsAndSemicolons_ReturnsExpected" computerName="HEIMDALLR" duration="00:00:00.0000858" startTime="2026-03-10T10:20:13.3776380+11:00" endTime="2026-03-10T10:20:13.3777615+11:00" testType="13cdc9d9-ddb5-4fa4-a97d-d965ccfc6d4b" outcome="Passed" testListId="8c84fa94-04c1-424b-9868-57a2d4851a1d" relativeResultsDirectory="00bee94c-2830-4b58-ba49-c474a1b681b6" />
    <UnitTestResult executionId="fae58418-3e36-4251-b7dd-7f8b55790a5e" testId="9bd71f77-3d5c-88f6-917b-34e105324a00" testName="TestOptionSolverSolutions" computerName="HEIMDALLR" duration="00:00:00.0114608" startTime="2026-03-10T10:20:13.6563946+11:00" endTime="2026-03-10T10:20:13.6679388+11:00" testType="13cdc9d9-ddb5-4fa4-a97d-d965ccfc6d4b" outcome="Passed" testListId="8c84fa94-04c1-424b-9868-57a2d4851a1d" relativeResultsDirectory="fae58418-3e36-4251-b7dd-7f8b55790a5e" />
    <UnitTestResult executionId="a53dce61-967f-43cf-be2c-0b1f62d4ec27" testId="73a7b6f6-57f1-efc1-544b-2bfc4b689663" testName="RangeFraction_ReturnsCorrectFraction" computerName="HEIMDALLR" duration="00:00:00.0005848" startTime="2026-03-10T10:20:12.7899684+11:00" endTime="2026-03-10T10:20:12.7905958+11:00" testType="13cdc9d9-ddb5-4fa4-a97d-d965ccfc6d4b" outcome="Passed" testListId="8c84fa94-04c1-424b-9868-57a2d4851a1d" relativeResultsDirectory="a53dce61-967f-43cf-be2c-0b1f62d4ec27" />
    <UnitTestResult executionId="3ab0d8fc-d30d-46ab-8d99-740d9103ffed" testId="0a845588-7fe6-ebd6-9d86-9eb124a1eb6c" testName="Colour_AnsiColour_WrapsAndResets" computerName="HEIMDALLR" duration="00:00:00.0001118" startTime="2026-03-10T10:20:23.0992246+11:00" endTime="2026-03-10T10:20:23.0994245+11:00" testType="13cdc9d9-ddb5-4fa4-a97d-d965ccfc6d4b" outcome="Passed" testListId="8c84fa94-04c1-424b-9868-57a2d4851a1d" relativeResultsDirectory="3ab0d8fc-d30d-46ab-8d99-740d9103ffed" />
    <UnitTestResult executionId="705f3c8d-6631-496a-afcf-ebce2d417775" testId="63f52f91-a007-4750-0637-87c46851f11e" testName="DisposeFromStock_StackedItem_RecordsStockRemovalCredit" computerName="HEIMDALLR" duration="00:00:00.0426782" startTime="2026-03-10T10:20:23.0182814+11:00" endTime="2026-03-10T10:20:23.0610853+11:00" testType="13cdc9d9-ddb5-4fa4-a97d-d965ccfc6d4b" outcome="Passed" testListId="8c84fa94-04c1-424b-9868-57a2d4851a1d" relativeResultsDirectory="705f3c8d-6631-496a-afcf-ebce2d417775" />
    <UnitTestResult executionId="0ad74f86-7f3f-4ce5-b30f-76a5c67e0eb7" testId="44fc0ecf-4498-9444-ab66-7b3f3702b04d" testName="TransformRegexIntoPattern_RemovesRegexSyntax" computerName="HEIMDALLR" duration="00:00:00.0003717" startTime="2026-03-10T10:20:23.1494390+11:00" endTime="2026-03-10T10:20:23.1498667+11:00" testType="13cdc9d9-ddb5-4fa4-a97d-d965ccfc6d4b" outcome="Passed" testListId="8c84fa94-04c1-424b-9868-57a2d4851a1d" relativeResultsDirectory="0ad74f86-7f3f-4ce5-b30f-76a5c67e0eb7" />
    <UnitTestResult executionId="7b51baae-a56d-4da8-a9ac-a376084195b6" testId="f4a74c4a-decb-9c38-c042-642ee684f951" testName="BonusFormatting_Works" computerName="HEIMDALLR" duration="00:00:00.0003837" startTime="2026-03-10T10:20:23.1413114+11:00" endTime="2026-03-10T10:20:23.1417424+11:00" testType="13cdc9d9-ddb5-4fa4-a97d-d965ccfc6d4b" outcome="Passed" testListId="8c84fa94-04c1-424b-9868-57a2d4851a1d" relativeResultsDirectory="7b51baae-a56d-4da8-a9ac-a376084195b6" />
    <UnitTestResult executionId="b822bfb5-03d9-4f39-ba7f-11229dea9b5e" testId="592352e4-f595-1634-1cf7-f6b7ddc4e8be" testName="TestIsSingular" computerName="HEIMDALLR" duration="00:00:00.0070760" startTime="2026-03-10T10:20:22.6606876+11:00" endTime="2026-03-10T10:20:22.6678844+11:00" testType="13cdc9d9-ddb5-4fa4-a97d-d965ccfc6d4b" outcome="Passed" testListId="8c84fa94-04c1-424b-9868-57a2d4851a1d" relativeResultsDirectory="b822bfb5-03d9-4f39-ba7f-11229dea9b5e" />
    <UnitTestResult executionId="3a3d80b6-8a8d-484c-92c4-7228ea8c94c6" testId="90e59179-abe9-f273-e6c5-97029f44d5eb" testName="RefreshParameterDescriptions_WhenProgChanges_AddsMissingEntries" computerName="HEIMDALLR" duration="00:00:00.0008789" startTime="2026-03-10T10:20:11.8214429+11:00" endTime="2026-03-10T10:20:11.8224174+11:00" testType="13cdc9d9-ddb5-4fa4-a97d-d965ccfc6d4b" outcome="Passed" testListId="8c84fa94-04c1-424b-9868-57a2d4851a1d" relativeResultsDirectory="3a3d80b6-8a8d-484c-92c4-7228ea8c94c6" />
    <UnitTestResult executionId="3088d095-43dd-4f59-9bf9-1499823bb663" testId="3c522f09-1511-9290-9770-737c33c731de" testName="Resolve_CallsBetSettlementAndAppearanceAccrualOnce" computerName="HEIMDALLR" duration="00:00:00.0110101" startTime="2026-03-10T10:21:30.7915647+11:00" endTime="2026-03-10T10:21:30.8026730+11:00" testType="13cdc9d9-ddb5-4fa4-a97d-d965ccfc6d4b" outcome="Passed" testListId="8c84fa94-04c1-424b-9868-57a2d4851a1d" relativeResultsDirectory="3088d095-43dd-4f59-9bf9-1499823bb663" />
    <UnitTestResult executionId="0dd90461-7a21-4c6e-b9e6-2adf7468d377" testId="6bba9e4c-e89b-1dd6-8480-e51f22f61a21" testName="TestSwapByItem" computerName="HEIMDALLR" duration="00:00:00.0001707" startTime="2026-03-10T10:20:12.8461565+11:00" endTime="2026-03-10T10:20:12.8463678+11:00" testType="13cdc9d9-ddb5-4fa4-a97d-d965ccfc6d4b" outcome="Passed" testListId="8c84fa94-04c1-424b-9868-57a2d4851a1d" relativeResultsDirectory="0dd90461-7a21-4c6e-b9e6-2adf7468d377" />
    <UnitTestResult executionId="b571ca11-0f71-4e4e-ad6d-efd00cac0872" testId="c6bd8ccb-d2d0-25b3-e3f9-f0bd5965a38e" testName="TestSplit" computerName="HEIMDALLR" duration="00:00:00.0027543" startTime="2026-03-10T10:20:22.8763545+11:00" endTime="2026-03-10T10:20:22.8791843+11:00" testType="13cdc9d9-ddb5-4fa4-a97d-d965ccfc6d4b" outcome="Passed" testListId="8c84fa94-04c1-424b-9868-57a2d4851a1d" relativeResultsDirectory="b571ca11-0f71-4e4e-ad6d-efd00cac0872" />
    <UnitTestResult executionId="6895e31e-22c9-41a5-968b-384bd37ef392" testId="64aa8440-dc33-f77a-fe37-bdfa060bd6d0" testName="ClearParticipation_RemovesEffect" computerName="HEIMDALLR" duration="00:00:00.0014190" startTime="2026-03-10T10:21:30.9835934+11:00" endTime="2026-03-10T10:21:30.9850491+11:00" testType="13cdc9d9-ddb5-4fa4-a97d-d965ccfc6d4b" outcome="Passed" testListId="8c84fa94-04c1-424b-9868-57a2d4851a1d" relativeResultsDirectory="6895e31e-22c9-41a5-968b-384bd37ef392" />
    <UnitTestResult executionId="289ebfc7-90d9-41a1-9a1a-d87caed0e3b5" testId="267a3b90-5c09-81d8-3f80-ee3330fce7d6" testName="IsValidFormatString_MandatoryMask_AllowsOptionalMissing" computerName="HEIMDALLR" duration="00:00:00.0001370" startTime="2026-03-10T10:20:23.7528420+11:00" endTime="2026-03-10T10:20:23.7530328+11:00" testType="13cdc9d9-ddb5-4fa4-a97d-d965ccfc6d4b" outcome="Passed" testListId="8c84fa94-04c1-424b-9868-57a2d4851a1d" relativeResultsDirectory="289ebfc7-90d9-41a1-9a1a-d87caed0e3b5" />
    <UnitTestResult executionId="40ebb0f0-7091-4ce1-8b43-263cac699a39" testId="e0bfd78e-eefc-5631-f864-4832cd09fbde" testName="Get_HandlesNaNAndLargeValuesGracefully" computerName="HEIMDALLR" duration="00:00:00.0001563" startTime="2026-03-10T10:20:12.7909267+11:00" endTime="2026-03-10T10:20:12.7911229+11:00" testType="13cdc9d9-ddb5-4fa4-a97d-d965ccfc6d4b" outcome="Passed" testListId="8c84fa94-04c1-424b-9868-57a2d4851a1d" relativeResultsDirectory="40ebb0f0-7091-4ce1-8b43-263cac699a39" />
    <UnitTestResult executionId="1fb32d1c-f338-4adc-8129-cfc40a6d903b" testId="713fafe5-9b4c-e043-098f-5e41be4b15ff" testName="Colour_WithResetColour_UsesResetColour" computerName="HEIMDALLR" duration="00:00:00.0000761" startTime="2026-03-10T10:20:23.1000058+11:00" endTime="2026-03-10T10:20:23.1001243+11:00" testType="13cdc9d9-ddb5-4fa4-a97d-d965ccfc6d4b" outcome="Passed" testListId="8c84fa94-04c1-424b-9868-57a2d4851a1d" relativeResultsDirectory="1fb32d1c-f338-4adc-8129-cfc40a6d903b" />
    <UnitTestResult executionId="f81d0460-14ed-4b66-9501-fffc160cb974" testId="4566af68-bc93-d90a-f7b6-bda9fcc7b268" testName="TestStringListFunctions" computerName="HEIMDALLR" duration="00:00:00.0004579" startTime="2026-03-10T10:20:23.1534190+11:00" endTime="2026-03-10T10:20:23.1539307+11:00" testType="13cdc9d9-ddb5-4fa4-a97d-d965ccfc6d4b" outcome="Passed" testListId="8c84fa94-04c1-424b-9868-57a2d4851a1d" relativeResultsDirectory="f81d0460-14ed-4b66-9501-fffc160cb974" />
    <UnitTestResult executionId="395ca851-4789-4ea3-98a8-e40b515d9df0" testId="b71aecd1-488c-dc33-9df3-c51e2f57170b" testName="ReturnNpc_RestoreGet_DoesNotUseIgnoreFreeHands" computerName="HEIMDALLR" duration="00:00:00.0069462" startTime="2026-03-10T10:21:30.8915114+11:00" endTime="2026-03-10T10:21:30.8985436+11:00" testType="13cdc9d9-ddb5-4fa4-a97d-d965ccfc6d4b" outcome="Passed" testListId="8c84fa94-04c1-424b-9868-57a2d4851a1d" relativeResultsDirectory="395ca851-4789-4ea3-98a8-e40b515d9df0" />
    <UnitTestResult executionId="523e1bac-b5ff-4ad5-9d10-14c60561e2f6" testId="e55533b9-c8dc-9275-e951-b4ff03560eb9" testName="TryParseEnum_ValidAndInvalid" computerName="HEIMDALLR" duration="00:00:00.0040509" startTime="2026-03-10T10:20:23.8099996+11:00" endTime="2026-03-10T10:20:23.8140896+11:00" testType="13cdc9d9-ddb5-4fa4-a97d-d965ccfc6d4b" outcome="Passed" testListId="8c84fa94-04c1-424b-9868-57a2d4851a1d" relativeResultsDirectory="523e1bac-b5ff-4ad5-9d10-14c60561e2f6" />
    <UnitTestResult executionId="c8ee390a-8ef8-4ddf-a78f-1b2bc95d6c76" testId="d4f54f00-2497-91bc-95a6-55ac56392001" testName="IsSolvent_AccountsForBlockedPayouts" computerName="HEIMDALLR" duration="00:00:00.0126624" startTime="2026-03-10T10:21:30.8026903+11:00" endTime="2026-03-10T10:21:30.8154446+11:00" testType="13cdc9d9-ddb5-4fa4-a97d-d965ccfc6d4b" outcome="Passed" testListId="8c84fa94-04c1-424b-9868-57a2d4851a1d" relativeResultsDirectory="c8ee390a-8ef8-4ddf-a78f-1b2bc95d6c76" />
    <UnitTestResult executionId="7e9bfe96-391d-426b-9150-da0843e0dee2" testId="df50ac72-1c5c-31cd-f46e-b148bb0aabc8" testName="GetByIdOrName_AbbreviationMatch_ReturnsItem" computerName="HEIMDALLR" duration="00:00:00.0006322" startTime="2026-03-10T10:20:12.8131712+11:00" endTime="2026-03-10T10:20:12.8138464+11:00" testType="13cdc9d9-ddb5-4fa4-a97d-d965ccfc6d4b" outcome="Passed" testListId="8c84fa94-04c1-424b-9868-57a2d4851a1d" relativeResultsDirectory="7e9bfe96-391d-426b-9150-da0843e0dee2" />
    <UnitTestResult executionId="d2d2dba8-1686-4460-b497-d62b1f879f09" testId="1c63ba89-3555-a4a9-2ba0-41ae4f054f4f" testName="TakeRandom_HonoursWeightsAndPickCounts" computerName="HEIMDALLR" duration="00:00:00.0071556" startTime="2026-03-10T10:20:22.8846893+11:00" endTime="2026-03-10T10:20:22.8919066+11:00" testType="13cdc9d9-ddb5-4fa4-a97d-d965ccfc6d4b" outcome="Passed" testListId="8c84fa94-04c1-424b-9868-57a2d4851a1d" relativeResultsDirectory="d2d2dba8-1686-4460-b497-d62b1f879f09" />
    <UnitTestResult executionId="2bcab1b7-77dc-4b17-a305-f878fcb80026" testId="143f4d3d-223f-bfef-ef1f-a8b6c7e85153" testName="ExecuteFunctionCall_CustomToolGenderConversion_ParsesAndExecutes" computerName="HEIMDALLR" duration="00:00:00.0072369" startTime="2026-03-10T10:20:12.1963859+11:00" endTime="2026-03-10T10:20:12.2037013+11:00" testType="13cdc9d9-ddb5-4fa4-a97d-d965ccfc6d4b" outcome="Passed" testListId="8c84fa94-04c1-424b-9868-57a2d4851a1d" relativeResultsDirectory="2bcab1b7-77dc-4b17-a305-f878fcb80026" />
    <UnitTestResult executionId="4e9e0c26-ee6e-4042-917f-e56d6d909908" testId="e0143b19-676c-cafb-fff5-10a55cd5fe16" testName="FluentColour_TogglesBasedOnBoolean" computerName="HEIMDALLR" duration="00:00:00.0001291" startTime="2026-03-10T10:20:23.1015494+11:00" endTime="2026-03-10T10:20:23.1017216+11:00" testType="13cdc9d9-ddb5-4fa4-a97d-d965ccfc6d4b" outcome="Passed" testListId="8c84fa94-04c1-424b-9868-57a2d4851a1d" relativeResultsDirectory="4e9e0c26-ee6e-4042-917f-e56d6d909908" />
    <UnitTestResult executionId="df1508bd-61e5-424f-92ba-264df7d89f16" testId="30589ccc-536c-8f3a-1515-50ec87fbb44a" testName="Schedule_RegistrationFull_TransitionsToPreparingImmediately" computerName="HEIMDALLR" duration="00:00:00.0031213" startTime="2026-03-10T10:21:31.2599911+11:00" endTime="2026-03-10T10:21:31.2631416+11:00" testType="13cdc9d9-ddb5-4fa4-a97d-d965ccfc6d4b" outcome="Passed" testListId="8c84fa94-04c1-424b-9868-57a2d4851a1d" relativeResultsDirectory="df1508bd-61e5-424f-92ba-264df7d89f16" />
    <UnitTestResult executionId="118a712c-2b5c-478a-bdeb-68e76a4eb23f" testId="a3e552c2-8342-0b92-c28c-227b8c4cc299" testName="UpdateRatings_CreatesAndUpdatesRecords" computerName="HEIMDALLR" duration="00:00:00.0306022" startTime="2026-03-10T10:21:30.9914972+11:00" endTime="2026-03-10T10:21:31.0221357+11:00" testType="13cdc9d9-ddb5-4fa4-a97d-d965ccfc6d4b" outcome="Passed" testListId="8c84fa94-04c1-424b-9868-57a2d4851a1d" relativeResultsDirectory="118a712c-2b5c-478a-bdeb-68e76a4eb23f" />
    <UnitTestResult executionId="c167f44d-a4c8-4e29-bfab-e1e5a7d391c0" testId="85f4be41-24ba-14f3-78c2-48c90446568d" testName="TestSum3Long" computerName="HEIMDALLR" duration="00:00:00.0004113" startTime="2026-03-10T10:20:12.8385589+11:00" endTime="2026-03-10T10:20:12.8390133+11:00" testType="13cdc9d9-ddb5-4fa4-a97d-d965ccfc6d4b" outcome="Passed" testListId="8c84fa94-04c1-424b-9868-57a2d4851a1d" relativeResultsDirectory="c167f44d-a4c8-4e29-bfab-e1e5a7d391c0" />
    <UnitTestResult executionId="d031f16e-5c78-4c33-ac78-20c747dd9fd0" testId="5d4e7c36-587b-2173-ab9b-576fbaa3aa84" testName="Get_ReturnsCorrectValuesOutsideRange" computerName="HEIMDALLR" duration="00:00:00.0002729" startTime="2026-03-10T10:20:12.7896365+11:00" endTime="2026-03-10T10:20:12.7899519+11:00" testType="13cdc9d9-ddb5-4fa4-a97d-d965ccfc6d4b" outcome="Passed" testListId="8c84fa94-04c1-424b-9868-57a2d4851a1d" relativeResultsDirectory="d031f16e-5c78-4c33-ac78-20c747dd9fd0" />
    <UnitTestResult executionId="aece26c2-5b98-4e73-a30a-a2ca2863ad7f" testId="d4d8b051-a1f5-5a9a-8fe7-38ae86d866ae" testName="SetNoSave_SaveableItemAlreadyQueued_RemovesItFromSaveManager" computerName="HEIMDALLR" duration="00:00:00.0013479" startTime="2026-03-10T10:20:22.9113538+11:00" endTime="2026-03-10T10:20:22.9128084+11:00" testType="13cdc9d9-ddb5-4fa4-a97d-d965ccfc6d4b" outcome="Passed" testListId="8c84fa94-04c1-424b-9868-57a2d4851a1d" relativeResultsDirectory="aece26c2-5b98-4e73-a30a-a2ca2863ad7f" />
    <UnitTestResult executionId="8452382f-a77d-403b-b942-790496dd8a82" testId="7aac421f-38d1-f69a-89a3-af0551458f45" testName="GetScatterTarget_ReturnsNullWhenTargetLocationMissing" computerName="HEIMDALLR" duration="00:00:00.0002491" startTime="2026-03-10T10:20:23.0130204+11:00" endTime="2026-03-10T10:20:23.0133448+11:00" testType="13cdc9d9-ddb5-4fa4-a97d-d965ccfc6d4b" outcome="Passed" testListId="8c84fa94-04c1-424b-9868-57a2d4851a1d" relativeResultsDirectory="8452382f-a77d-403b-b942-790496dd8a82" />
    <UnitTestResult executionId="b3893072-1d76-47c2-9df0-8d9d71e1f85c" testId="1469a8f9-c14e-086d-70b6-52557c41afe5" testName="TestEvenOdd" computerName="HEIMDALLR" duration="00:00:00.0001260" startTime="2026-03-10T10:20:13.6519040+11:00" endTime="2026-03-10T10:20:13.6520679+11:00" testType="13cdc9d9-ddb5-4fa4-a97d-d965ccfc6d4b" outcome="Passed" testListId="8c84fa94-04c1-424b-9868-57a2d4851a1d" relativeResultsDirectory="b3893072-1d76-47c2-9df0-8d9d71e1f85c" />
    <UnitTestResult executionId="befc0b9a-75e8-40f0-a351-b3b76e01f33b" testId="1ba15708-9fa3-10a4-5949-935bd6d39c54" testName="ToCollectionDictionary_KeyValuePairEnumerable_GroupsValues" computerName="HEIMDALLR" duration="00:00:00.0009588" startTime="2026-03-10T10:20:12.7930864+11:00" endTime="2026-03-10T10:20:12.7940878+11:00" testType="13cdc9d9-ddb5-4fa4-a97d-d965ccfc6d4b" outcome="Passed" testListId="8c84fa94-04c1-424b-9868-57a2d4851a1d" relativeResultsDirectory="befc0b9a-75e8-40f0-a351-b3b76e01f33b" />
    <UnitTestResult executionId="1a3703d9-03f2-412e-ae8e-b0f0d17a4b25" testId="1378fc08-e43b-a560-1ff4-261b70a7e151" testName="FrameworkItemEquals_FalseWhenTypeDiffers" computerName="HEIMDALLR" duration="00:00:00.0000775" startTime="2026-03-10T10:20:13.4333512+11:00" endTime="2026-03-10T10:20:13.4334694+11:00" testType="13cdc9d9-ddb5-4fa4-a97d-d965ccfc6d4b" outcome="Passed" testListId="8c84fa94-04c1-424b-9868-57a2d4851a1d" relativeResultsDirectory="1a3703d9-03f2-412e-ae8e-b0f0d17a4b25" />
    <UnitTestResult executionId="d13c56da-7a93-49d2-aeb1-a31984bdf7fe" testId="2484d1b1-49f3-a864-37f4-098d4216d06f" testName="GetScatterTarget_PrefersCloserCellsWhenNoTarget" computerName="HEIMDALLR" duration="00:00:00.0047556" startTime="2026-03-10T10:20:22.9886636+11:00" endTime="2026-03-10T10:20:22.9935529+11:00" testType="13cdc9d9-ddb5-4fa4-a97d-d965ccfc6d4b" outcome="Passed" testListId="8c84fa94-04c1-424b-9868-57a2d4851a1d" relativeResultsDirectory="d13c56da-7a93-49d2-aeb1-a31984bdf7fe" />
    <UnitTestResult executionId="3aa55ed5-2439-4edc-a873-bd1aade90c2b" testId="61fcf563-6d86-513c-d705-722d0e575770" testName="SetParameterDescription_UpdatesExistingValue" computerName="HEIMDALLR" duration="00:00:00.0005655" startTime="2026-03-10T10:20:11.8226611+11:00" endTime="2026-03-10T10:20:11.8233852+11:00" testType="13cdc9d9-ddb5-4fa4-a97d-d965ccfc6d4b" outcome="Passed" testListId="8c84fa94-04c1-424b-9868-57a2d4851a1d" relativeResultsDirectory="3aa55ed5-2439-4edc-a873-bd1aade90c2b" />
    <UnitTestResult executionId="6fff0b90-7048-4188-a887-2b9138649d1a" testId="2b9df149-6d11-9357-e358-c7c6ee8aecca" testName="ApplyDefaultElo_UsesCharacterIds_WhenCharactersAreNotLoaded" computerName="HEIMDALLR" duration="00:00:00.0016214" startTime="2026-03-10T10:21:31.0297879+11:00" endTime="2026-03-10T10:21:31.0314468+11:00" testType="13cdc9d9-ddb5-4fa4-a97d-d965ccfc6d4b" outcome="Passed" testListId="8c84fa94-04c1-424b-9868-57a2d4851a1d" relativeResultsDirectory="6fff0b90-7048-4188-a887-2b9138649d1a" />
    <UnitTestResult executionId="0de5c4f9-7a7c-4c79-95c3-8eee48b297d4" testId="e7258b08-dcf6-be9d-46a7-fec3d7ca0676" testName="GetByIdOrNameRevisableForEditing_ContainsMatch_ReturnsPending" computerName="HEIMDALLR" duration="00:00:00.0011298" startTime="2026-03-10T10:20:12.8158091+11:00" endTime="2026-03-10T10:20:12.8169881+11:00" testType="13cdc9d9-ddb5-4fa4-a97d-d965ccfc6d4b" outcome="Passed" testListId="8c84fa94-04c1-424b-9868-57a2d4851a1d" relativeResultsDirectory="0de5c4f9-7a7c-4c79-95c3-8eee48b297d4" />
    <UnitTestResult executionId="f135889f-bdb6-4c6f-a4d9-28854ba99017" testId="ef8ae738-8a3b-de50-d04c-c3e8f3b59c3a" testName="WeatherSeeder_ColdSemiAridProfile_RemainsWithinBroadDenverBounds" computerName="HEIMDALLR" duration="00:00:02.6145134" startTime="2026-03-10T10:20:57.6308201+11:00" endTime="2026-03-10T10:21:00.2455077+11:00" testType="13cdc9d9-ddb5-4fa4-a97d-d965ccfc6d4b" outcome="Passed" testListId="8c84fa94-04c1-424b-9868-57a2d4851a1d" relativeResultsDirectory="f135889f-bdb6-4c6f-a4d9-28854ba99017" />
    <UnitTestResult executionId="ee743783-a9da-44af-bf87-0ca788c21e31" testId="51d8ed99-6e5f-d926-461b-53d3c8d84c50" testName="TestBetterRandomDice" computerName="HEIMDALLR" duration="00:00:00.0039369" startTime="2026-03-10T10:20:12.9050235+11:00" endTime="2026-03-10T10:20:12.9090452+11:00" testType="13cdc9d9-ddb5-4fa4-a97d-d965ccfc6d4b" outcome="Passed" testListId="8c84fa94-04c1-424b-9868-57a2d4851a1d" relativeResultsDirectory="ee743783-a9da-44af-bf87-0ca788c21e31" />
    <UnitTestResult executionId="07b14e8b-5035-40b4-9e6e-32b5e5a4bf07" testId="f67f4ab9-56fa-4109-5d1a-e9481466ed7d" testName="WeatherSeeder_MaritimeAndTropicalKoppenProfiles_RemainWithinBroadReferenceBounds (ClimateExpectation { RegionalClimateName = Tropical Savanna Dry Winter Northern Hemisphere, ControllerName = Seeded Tropical Savanna Dry Winter, AnnualWetMin = 10, AnnualWetMax = 35, WinterWetMin = 0, WinterWetMax = 8, SummerWetMin = 30, SummerWetMax = 65, AutumnWetMin = 20, AutumnWetMax = 50, AnnualSnowMin = 0, AnnualSnowMax = 0.01, WinterSnowMin = 0, WinterSnowMax = 0.01, AnnualGaleOrWorseMax = 2, AnnualHurricaneOrWorseMax = 0.05, AnnualBreezeOrCalmerMin = 82, MidWinterMin = 23, MidWinterMax = 28, MidSummerMin = 28, MidSummerMax = 31.5, MidAutumnMin = 25, MidAutumnMax = 29 })" computerName="HEIMDALLR" duration="00:00:00.8591666" startTime="2026-03-10T10:21:13.9513340+11:00" endTime="2026-03-10T10:21:17.4521293+11:00" testType="13cdc9d9-ddb5-4fa4-a97d-d965ccfc6d4b" outcome="Passed" testListId="8c84fa94-04c1-424b-9868-57a2d4851a1d" relativeResultsDirectory="07b14e8b-5035-40b4-9e6e-32b5e5a4bf07" />
    <UnitTestResult executionId="ffa1b730-c9b3-4e73-a880-8a1b0e1d8e45" testId="d9cd8598-ca18-0c4e-62e5-d0035f33be61" testName="GetArenaRatings_ReturnsOnlyRequestedArena" computerName="HEIMDALLR" duration="00:00:00.1872806" startTime="2026-03-10T10:21:31.0348664+11:00" endTime="2026-03-10T10:21:31.2221822+11:00" testType="13cdc9d9-ddb5-4fa4-a97d-d965ccfc6d4b" outcome="Passed" testListId="8c84fa94-04c1-424b-9868-57a2d4851a1d" relativeResultsDirectory="ffa1b730-c9b3-4e73-a880-8a1b0e1d8e45" />
    <UnitTestResult executionId="09083783-58e0-46c9-b477-b67511ab72ab" testId="d91849db-e083-fd79-7f0c-cd0aeaa5fbb0" testName="TestInvertSign" computerName="HEIMDALLR" duration="00:00:00.0003359" startTime="2026-03-10T10:20:13.6508504+11:00" endTime="2026-03-10T10:20:13.6512261+11:00" testType="13cdc9d9-ddb5-4fa4-a97d-d965ccfc6d4b" outcome="Passed" testListId="8c84fa94-04c1-424b-9868-57a2d4851a1d" relativeResultsDirectory="09083783-58e0-46c9-b477-b67511ab72ab" />
    <UnitTestResult executionId="fba996d3-c341-4042-863d-3559a4b96530" testId="72dd5233-8d29-9bc7-e70b-361251238d46" testName="RefundAll_MarksBetsCancelled" computerName="HEIMDALLR" duration="00:00:00.0052592" startTime="2026-03-10T10:21:30.5314437+11:00" endTime="2026-03-10T10:21:30.5367464+11:00" testType="13cdc9d9-ddb5-4fa4-a97d-d965ccfc6d4b" outcome="Passed" testListId="8c84fa94-04c1-424b-9868-57a2d4851a1d" relativeResultsDirectory="fba996d3-c341-4042-863d-3559a4b96530" />
    <UnitTestResult executionId="6db6f17c-4ef3-4451-8f6b-5f47098fb87a" testId="5d927d2c-00e2-ea9f-cd8b-91d3009cbd1f" testName="AppendLineColumns_AppendsFormattedLines" computerName="HEIMDALLR" duration="00:00:00.0001301" startTime="2026-03-10T10:20:12.8580396+11:00" endTime="2026-03-10T10:20:12.8582077+11:00" testType="13cdc9d9-ddb5-4fa4-a97d-d965ccfc6d4b" outcome="Passed" testListId="8c84fa94-04c1-424b-9868-57a2d4851a1d" relativeResultsDirectory="6db6f17c-4ef3-4451-8f6b-5f47098fb87a" />
    <UnitTestResult executionId="9e3216ff-2876-47c3-8010-1d17a7f3ed54" testId="8ca8710a-b476-6121-c24b-3446f98694c2" testName="WithholdTax_RecordsSnapshotAndDebits" computerName="HEIMDALLR" duration="00:00:00.0241551" startTime="2026-03-10T10:21:30.8536712+11:00" endTime="2026-03-10T10:21:30.8778793+11:00" testType="13cdc9d9-ddb5-4fa4-a97d-d965ccfc6d4b" outcome="Passed" testListId="8c84fa94-04c1-424b-9868-57a2d4851a1d" relativeResultsDirectory="9e3216ff-2876-47c3-8010-1d17a7f3ed54" />
    <UnitTestResult executionId="e3f9459e-fcc0-414a-b336-e381b8430edc" testId="fd3a2698-67e8-ce13-84d0-8e2d52c33628" testName="RemoveAllKeys_NoRemovals" computerName="HEIMDALLR" duration="00:00:00.0002557" startTime="2026-03-10T10:20:12.8187140+11:00" endTime="2026-03-10T10:20:12.8190120+11:00" testType="13cdc9d9-ddb5-4fa4-a97d-d965ccfc6d4b" outcome="Passed" testListId="8c84fa94-04c1-424b-9868-57a2d4851a1d" relativeResultsDirectory="e3f9459e-fcc0-414a-b336-e381b8430edc" />
    <UnitTestResult executionId="f4644e21-929e-4dec-a104-d1636dfbc2a9" testId="52a1eedc-e7d4-c930-1a89-e1ae4b9d76c3" testName="AltitudeChangesOverTime" computerName="HEIMDALLR" duration="00:00:00.0052360" startTime="2026-03-10T10:20:23.7530511+11:00" endTime="2026-03-10T10:20:23.7648366+11:00" testType="13cdc9d9-ddb5-4fa4-a97d-d965ccfc6d4b" outcome="Passed" testListId="8c84fa94-04c1-424b-9868-57a2d4851a1d" relativeResultsDirectory="f4644e21-929e-4dec-a104-d1636dfbc2a9" />
    <UnitTestResult executionId="9b6cc430-8cd6-4393-880f-deb9a040010a" testId="72b28c2d-cb22-9f02-5e92-066cb45e7771" testName="GetWeightedRandom_TupleDouble_BiasesSelection" computerName="HEIMDALLR" duration="00:00:00.0034593" startTime="2026-03-10T10:20:22.8957705+11:00" endTime="2026-03-10T10:20:22.8992838+11:00" testType="13cdc9d9-ddb5-4fa4-a97d-d965ccfc6d4b" outcome="Passed" testListId="8c84fa94-04c1-424b-9868-57a2d4851a1d" relativeResultsDirectory="9b6cc430-8cd6-4393-880f-deb9a040010a" />
    <UnitTestResult executionId="08ffcf7d-3bdb-48c5-a15d-21b99fa286e3" testId="40138918-b77e-fa41-5668-12d6bc6d4697" testName="WeatherSeeder_SevereContinentalKoppenProfiles_RemainWithinBroadReferenceBounds (ClimateExpectation { RegionalClimateName = Dry Winter Subarctic Northern Hemisphere, ControllerName = Seeded Dry Winter Subarctic, AnnualWetMin = 10, AnnualWetMax = 25, WinterWetMin = 1, WinterWetMax = 8, SummerWetMin = 18, SummerWetMax = 40, AutumnWetMin = 10, AutumnWetMax = 25, AnnualSnowMin = 1, AnnualSnowMax = 7, WinterSnowMin = 2, WinterSnowMax = 12, AnnualGaleOrWorseMax = 2.5, AnnualHurricaneOrWorseMax = 0.05, AnnualBreezeOrCalmerMin = 84, MidWinterMin = -23, MidWinterMax = -15, MidSummerMin = 16, MidSummerMax = 20, MidAutumnMin = -5, MidAutumnMax = 1 })" computerName="HEIMDALLR" duration="00:00:00.8709601" startTime="2026-03-10T10:21:25.9181752+11:00" endTime="2026-03-10T10:21:30.2983031+11:00" testType="13cdc9d9-ddb5-4fa4-a97d-d965ccfc6d4b" outcome="Passed" testListId="8c84fa94-04c1-424b-9868-57a2d4851a1d" relativeResultsDirectory="08ffcf7d-3bdb-48c5-a15d-21b99fa286e3" />
    <UnitTestResult executionId="83987133-f9af-4937-84e7-3865c5522ba8" testId="357d683b-b0d3-2850-3d98-30f629346a08" testName="RemoveMethods_RemoveExpectedEntries" computerName="HEIMDALLR" duration="00:00:00.0016857" startTime="2026-03-10T10:20:12.7969952+11:00" endTime="2026-03-10T10:20:12.7987233+11:00" testType="13cdc9d9-ddb5-4fa4-a97d-d965ccfc6d4b" outcome="Passed" testListId="8c84fa94-04c1-424b-9868-57a2d4851a1d" relativeResultsDirectory="83987133-f9af-4937-84e7-3865c5522ba8" />
    <UnitTestResult executionId="3f5949d5-d64d-4162-aa3b-2f2d8250a6a5" testId="9cdbfe45-0f9c-dec1-fbb3-0a4c22eededb" testName="ExecuteFunctionCall_PathFromCharacterToRoom_ReturnsDirectionsPayload" computerName="HEIMDALLR" duration="00:00:00.0023902" startTime="2026-03-10T10:20:12.4441221+11:00" endTime="2026-03-10T10:20:12.4465726+11:00" testType="13cdc9d9-ddb5-4fa4-a97d-d965ccfc6d4b" outcome="Passed" testListId="8c84fa94-04c1-424b-9868-57a2d4851a1d" relativeResultsDirectory="3f5949d5-d64d-4162-aa3b-2f2d8250a6a5" />
    <UnitTestResult executionId="f31ee2fa-3c49-4ed7-aab5-1896860f4cfa" testId="2d8f0bdf-eaf7-902e-8bd2-26862da0c0e0" testName="TestSanitisation" computerName="HEIMDALLR" duration="00:00:00.0001954" startTime="2026-03-10T10:20:23.1512892+11:00" endTime="2026-03-10T10:20:23.1515409+11:00" testType="13cdc9d9-ddb5-4fa4-a97d-d965ccfc6d4b" outcome="Passed" testListId="8c84fa94-04c1-424b-9868-57a2d4851a1d" relativeResultsDirectory="f31ee2fa-3c49-4ed7-aab5-1896860f4cfa" />
    <UnitTestResult executionId="e57ae77a-57ff-4843-b72b-faba1d193c31" testId="ed3b41b9-a82b-f964-a530-44841d3554bf" testName="GetDateOrder_MixedSpecifiersAndLiterals_ReturnsExpected" computerName="HEIMDALLR" duration="00:00:00.0001784" startTime="2026-03-10T10:20:23.8080718+11:00" endTime="2026-03-10T10:20:23.8083392+11:00" testType="13cdc9d9-ddb5-4fa4-a97d-d965ccfc6d4b" outcome="Passed" testListId="8c84fa94-04c1-424b-9868-57a2d4851a1d" relativeResultsDirectory="e57ae77a-57ff-4843-b72b-faba1d193c31" />
    <UnitTestResult executionId="81ebbe37-17f5-4097-82b1-a7c0129c66f3" testId="2dee8986-12d5-f332-cbeb-79a3622fc721" testName="ColourName_TogglesBasedOnBoolean" computerName="HEIMDALLR" duration="00:00:00.0001160" startTime="2026-03-10T10:20:23.0987129+11:00" endTime="2026-03-10T10:20:23.0988957+11:00" testType="13cdc9d9-ddb5-4fa4-a97d-d965ccfc6d4b" outcome="Passed" testListId="8c84fa94-04c1-424b-9868-57a2d4851a1d" relativeResultsDirectory="81ebbe37-17f5-4097-82b1-a7c0129c66f3" />
    <UnitTestResult executionId="defa0d3a-2255-42d2-a161-5d89b0541127" testId="1be50081-d23f-0e29-470d-9dc82fdc4de8" testName="GetDateOrder_InvalidPattern_ThrowsException" computerName="HEIMDALLR" duration="00:00:00.0005272" startTime="2026-03-10T10:20:23.8043587+11:00" endTime="2026-03-10T10:20:23.8049572+11:00" testType="13cdc9d9-ddb5-4fa4-a97d-d965ccfc6d4b" outcome="Passed" testListId="8c84fa94-04c1-424b-9868-57a2d4851a1d" relativeResultsDirectory="defa0d3a-2255-42d2-a161-5d89b0541127" />
    <UnitTestResult executionId="8301db43-ae7e-4425-b40c-ce680c23fcce" testId="de93f2ac-ecf6-1561-7c2a-535a88521a1f" testName="SubstituteANSIColour_RGBCodes" computerName="HEIMDALLR" duration="00:00:00.0002562" startTime="2026-03-10T10:20:23.6411812+11:00" endTime="2026-03-10T10:20:23.6414763+11:00" testType="13cdc9d9-ddb5-4fa4-a97d-d965ccfc6d4b" outcome="Passed" testListId="8c84fa94-04c1-424b-9868-57a2d4851a1d" relativeResultsDirectory="8301db43-ae7e-4425-b40c-ce680c23fcce" />
    <UnitTestResult executionId="5e6f7aa0-3d72-40e8-945e-e07e41bee747" testId="ec1f839a-8b69-3869-c760-20ba512d7c48" testName="WeatherSeeder_SeededClimateDescriptions_ArePopulatedAndIncludeReferenceMetadata" computerName="HEIMDALLR" duration="00:00:00.0270545" startTime="2026-03-10T10:21:08.2835933+11:00" endTime="2026-03-10T10:21:08.3107637+11:00" testType="13cdc9d9-ddb5-4fa4-a97d-d965ccfc6d4b" outcome="Passed" testListId="8c84fa94-04c1-424b-9868-57a2d4851a1d" relativeResultsDirectory="5e6f7aa0-3d72-40e8-945e-e07e41bee747" />
    <UnitTestResult executionId="594d36e0-864d-4426-a0a3-bde34897ea51" testId="b991ec7e-f0ce-666d-1738-ad123d208ac6" testName="ListToCompactString_DeduplicatesAndCounts" computerName="HEIMDALLR" duration="00:00:00.0009859" startTime="2026-03-10T10:20:12.8541452+11:00" endTime="2026-03-10T10:20:12.8551724+11:00" testType="13cdc9d9-ddb5-4fa4-a97d-d965ccfc6d4b" outcome="Passed" testListId="8c84fa94-04c1-424b-9868-57a2d4851a1d" relativeResultsDirectory="594d36e0-864d-4426-a0a3-bde34897ea51" />
    <UnitTestResult executionId="bc152feb-c660-44e4-be16-d978ab89a171" testId="e2adca9a-e2b0-bddd-97cb-6d56e7a2d7c1" testName="RemoveFirstCharacter_Basic" computerName="HEIMDALLR" duration="00:00:00.0001594" startTime="2026-03-10T10:20:23.1091810+11:00" endTime="2026-03-10T10:20:23.1094109+11:00" testType="13cdc9d9-ddb5-4fa4-a97d-d965ccfc6d4b" outcome="Passed" testListId="8c84fa94-04c1-424b-9868-57a2d4851a1d" relativeResultsDirectory="bc152feb-c660-44e4-be16-d978ab89a171" />
    <UnitTestResult executionId="3e5c486a-2885-4c54-92cf-6faaeba86a91" testId="9b2f149c-b1b8-59d0-5c3a-ab42ec36243a" testName="ParseCharacteristicsAbsolute_AAnSubstitution" computerName="HEIMDALLR" duration="00:00:00.0104910" startTime="2026-03-10T10:20:12.7662091+11:00" endTime="2026-03-10T10:20:12.7767846+11:00" testType="13cdc9d9-ddb5-4fa4-a97d-d965ccfc6d4b" outcome="Passed" testListId="8c84fa94-04c1-424b-9868-57a2d4851a1d" relativeResultsDirectory="3e5c486a-2885-4c54-92cf-6faaeba86a91" />
    <UnitTestResult executionId="f50ed71c-38a6-4899-9573-924ac8660f5d" testId="6f3863d9-c66a-36cb-add4-5c302d63de41" testName="HandleCraftPhase_ToolUsedInMultiplePhases_UsesToolEachPhase" computerName="HEIMDALLR" duration="00:00:00.2861565" startTime="2026-03-10T10:20:13.0708822+11:00" endTime="2026-03-10T10:20:13.3571625+11:00" testType="13cdc9d9-ddb5-4fa4-a97d-d965ccfc6d4b" outcome="Passed" testListId="8c84fa94-04c1-424b-9868-57a2d4851a1d" relativeResultsDirectory="f50ed71c-38a6-4899-9573-924ac8660f5d" />
[...]
    <TestEntry testId="5358a7eb-4c7c-c757-cea3-7fba0b127ba1" executionId="ae3e561c-a8a7-48f2-810b-4738e5364b3c" testListId="8c84fa94-04c1-424b-9868-57a2d4851a1d" />
    <TestEntry testId="dd1c692d-8013-205c-bb2e-72bbbaa1a980" executionId="7fc4d1b6-5ef8-4a7c-9a1b-121b3c290a8f" testListId="8c84fa94-04c1-424b-9868-57a2d4851a1d" />
    <TestEntry testId="25f9b301-d919-5cfd-fca2-4b011f11c1e1" executionId="f67e294d-6e32-418b-9adc-cbca19ffd451" testListId="8c84fa94-04c1-424b-9868-57a2d4851a1d" />
    <TestEntry testId="94a81ee2-2095-985b-4c15-a011aa78a484" executionId="02a620db-1460-4f84-8901-b3d94be387b8" testListId="8c84fa94-04c1-424b-9868-57a2d4851a1d" />
    <TestEntry testId="faf349d8-0308-f59c-d080-bea189711ab4" executionId="820bb8db-5f61-465e-b40d-3feb30a30d80" testListId="8c84fa94-04c1-424b-9868-57a2d4851a1d" />
    <TestEntry testId="2fb6e6d4-636f-bebb-94f2-4bd7c4a5dcde" executionId="3e546d61-f3c1-44ee-aeb5-5039fbb16108" testListId="8c84fa94-04c1-424b-9868-57a2d4851a1d" />
    <TestEntry testId="49737832-c18e-ece6-ccaf-351d78f987aa" executionId="751e4751-c438-40bc-bd2a-d2d78cd3daa4" testListId="8c84fa94-04c1-424b-9868-57a2d4851a1d" />
    <TestEntry testId="fee59dcc-8dae-9aa8-c118-2e952d1609ce" executionId="461e4877-d0d0-4383-bacd-845c4b4a8267" testListId="8c84fa94-04c1-424b-9868-57a2d4851a1d" />
    <TestEntry testId="a78b2ab7-bc0a-94f3-d6fd-b0630be2cfd1" executionId="65bd4613-5d14-4aed-8766-c42c84aa3fa1" testListId="8c84fa94-04c1-424b-9868-57a2d4851a1d" />
    <TestEntry testId="e6199108-1058-b1bb-6496-9c4d4d6402a3" executionId="f9bb9740-0bb3-4815-a86b-2361d58b1cbb" testListId="8c84fa94-04c1-424b-9868-57a2d4851a1d" />
    <TestEntry testId="564a507a-a1f9-137d-41e9-bec050df65ec" executionId="60af1ddc-9933-4577-aa5c-211c8ead0a70" testListId="8c84fa94-04c1-424b-9868-57a2d4851a1d" />
    <TestEntry testId="17be060f-de40-562f-ccc0-ce9f2928ed2f" executionId="6843bb6e-7e12-4bd5-95fa-45a78ecc2209" testListId="8c84fa94-04c1-424b-9868-57a2d4851a1d" />
    <TestEntry testId="b789b014-81cc-1f25-521c-e21c214511a7" executionId="d7a240b5-0759-4fee-b753-12d9ee1e548b" testListId="8c84fa94-04c1-424b-9868-57a2d4851a1d" />
    <TestEntry testId="df684d7e-b2b8-54e3-543a-cad53c8ee302" executionId="a16e565a-dfd4-49de-a701-f03afd02a541" testListId="8c84fa94-04c1-424b-9868-57a2d4851a1d" />
    <TestEntry testId="8670b793-6cda-a144-ed4e-32079d361709" executionId="eb594719-a6ef-4561-97d8-1b8622738ddb" testListId="8c84fa94-04c1-424b-9868-57a2d4851a1d" />
    <TestEntry testId="6c777337-1af1-0475-8652-d37f23b1e1a9" executionId="9b9456c9-e2ae-4ad1-8068-8b7bb89880ad" testListId="8c84fa94-04c1-424b-9868-57a2d4851a1d" />
    <TestEntry testId="5dbf26c6-89f6-1805-1fda-ae1397fb57c5" executionId="3b61162b-6610-441d-97d9-819cb07d6562" testListId="8c84fa94-04c1-424b-9868-57a2d4851a1d" />
    <TestEntry testId="d3f5436c-c36d-ab0b-d88f-286ff0806b2e" executionId="da276d5b-0db2-42af-ad66-e19e5c660b70" testListId="8c84fa94-04c1-424b-9868-57a2d4851a1d" />
    <TestEntry testId="4a603a57-e673-d0c0-be32-64a11ca114d2" executionId="a7934c20-7bde-4666-a060-ae273c972844" testListId="8c84fa94-04c1-424b-9868-57a2d4851a1d" />
    <TestEntry testId="882b4e53-fe2b-5987-6069-43b43ef2ee81" executionId="0e24c52f-38de-4404-ab9b-ad95681f7c57" testListId="8c84fa94-04c1-424b-9868-57a2d4851a1d" />
    <TestEntry testId="ac16b6c1-a489-84c1-0392-1d483181b852" executionId="81708784-8354-4213-8275-ee3b01dcbc71" testListId="8c84fa94-04c1-424b-9868-57a2d4851a1d" />
    <TestEntry testId="3d92c830-53b5-d18e-cfe9-a45c1522f004" executionId="d8a91e13-2b37-48ca-bedf-838c57ef63d1" testListId="8c84fa94-04c1-424b-9868-57a2d4851a1d" />
    <TestEntry testId="26e110e5-f8c3-4e62-9579-835586050b0e" executionId="3bba7236-5719-4c8b-95fc-506c4cfef8b3" testListId="8c84fa94-04c1-424b-9868-57a2d4851a1d" />
    <TestEntry testId="5b61fefb-ae28-d11e-d6c2-185bc3562d23" executionId="2e6ca19b-a561-4f60-928a-d3155ca3cf3a" testListId="8c84fa94-04c1-424b-9868-57a2d4851a1d" />
    <TestEntry testId="1f4d82e4-5b3c-d458-8bb6-ef24245281b8" executionId="dbac27b8-56ea-42b3-afdd-9578742200ee" testListId="8c84fa94-04c1-424b-9868-57a2d4851a1d" />
    <TestEntry testId="c4b696d4-a22a-09f6-6776-13f13053cf36" executionId="50ce72a1-8128-4a3e-9c00-b5677285297f" testListId="8c84fa94-04c1-424b-9868-57a2d4851a1d" />
    <TestEntry testId="584c398b-51f1-641e-8077-1c39ed4905ce" executionId="d05b56b9-b9f2-49d9-8dd6-5b51a69a84de" testListId="8c84fa94-04c1-424b-9868-57a2d4851a1d" />
    <TestEntry testId="3334d9a9-e732-3015-e889-b07044f6317f" executionId="a6a9effa-3b88-4975-8341-ca4432fec5f0" testListId="8c84fa94-04c1-424b-9868-57a2d4851a1d" />
    <TestEntry testId="5488c50d-73c4-e913-7936-5cf040a63b7a" executionId="2a4fd2a0-182e-4b7e-9d3c-6e094b842ca4" testListId="8c84fa94-04c1-424b-9868-57a2d4851a1d" />
    <TestEntry testId="a77b4f90-a63d-26a0-c631-e9260f9c97d3" executionId="4cd4638f-e9db-4a32-b384-c901968681ff" testListId="8c84fa94-04c1-424b-9868-57a2d4851a1d" />
    <TestEntry testId="e81c7377-d07c-ad70-3feb-49034e428da7" executionId="a011261d-0e9f-462c-99c3-d34516eafad3" testListId="8c84fa94-04c1-424b-9868-57a2d4851a1d" />
    <TestEntry testId="f2073e27-612c-9ea1-4d7e-85e6e27385a5" executionId="5e8c7610-ae52-42db-a8ae-c0f107666b51" testListId="8c84fa94-04c1-424b-9868-57a2d4851a1d" />
    <TestEntry testId="3953dac9-7300-a373-7b6a-bdf3d3524b6d" executionId="f8228596-0091-4c3a-b12c-8be9fb5a4e11" testListId="8c84fa94-04c1-424b-9868-57a2d4851a1d" />
    <TestEntry testId="bc30a42f-ffb6-b4b9-1f66-e2339495a433" executionId="af488e1e-f358-4758-9a1f-685d97f69a09" testListId="8c84fa94-04c1-424b-9868-57a2d4851a1d" />
    <TestEntry testId="cabedffa-6c53-0e60-b905-4a44e5e2db2c" executionId="df7a6203-2009-49f5-a095-8c10f9e1dcf7" testListId="8c84fa94-04c1-424b-9868-57a2d4851a1d" />
    <TestEntry testId="172a26a6-bd7c-9398-24dd-ccf355eb9e91" executionId="7e47c9c7-a6e9-4ca7-bebb-d057fff8da1a" testListId="8c84fa94-04c1-424b-9868-57a2d4851a1d" />
    <TestEntry testId="938e2bfa-957d-41fc-51f1-16d1522960e8" executionId="c7a90531-12d6-40d3-9dd2-1240718ff339" testListId="8c84fa94-04c1-424b-9868-57a2d4851a1d" />
    <TestEntry testId="5154df6f-1c0c-8c59-4760-3b8cdba552f7" executionId="b6a25f12-8007-4cc0-bba2-d814c5b94c83" testListId="8c84fa94-04c1-424b-9868-57a2d4851a1d" />
    <TestEntry testId="92ebd9b7-1317-4abb-275a-b2618ebfbd7a" executionId="0cb4126d-5bf3-4324-9029-22daeb1cb770" testListId="8c84fa94-04c1-424b-9868-57a2d4851a1d" />
    <TestEntry testId="60a306f6-a0f0-2eef-ed7c-8e7e309b788a" executionId="ea5a2beb-89b3-4f8a-a715-1ef0485a1dce" testListId="8c84fa94-04c1-424b-9868-57a2d4851a1d" />
    <TestEntry testId="9cceb6d1-99f8-2830-86a1-4d4fd0f8cac7" executionId="fde3fb1d-40e1-4add-8e9b-3c439de89d5f" testListId="8c84fa94-04c1-424b-9868-57a2d4851a1d" />
    <TestEntry testId="7b0b2c33-768d-2cc0-ddcb-b1aee4914254" executionId="2a444b4c-6079-40ba-8c9b-8514030b98ba" testListId="8c84fa94-04c1-424b-9868-57a2d4851a1d" />
    <TestEntry testId="6d3e4d34-4ad1-cb30-cf96-c682e687f499" executionId="532fd496-fa48-433e-9fa2-abf64ee2dcb8" testListId="8c84fa94-04c1-424b-9868-57a2d4851a1d" />
    <TestEntry testId="0a479cf6-33f4-4df2-b844-a1d925072d79" executionId="f691cc1c-fff5-4808-a948-e4d150bb442c" testListId="8c84fa94-04c1-424b-9868-57a2d4851a1d" />
    <TestEntry testId="c2a2d447-3139-017f-bcf7-a3b9a20cf3a7" executionId="d8b753ba-1513-492e-84b0-3586c687a49a" testListId="8c84fa94-04c1-424b-9868-57a2d4851a1d" />
    <TestEntry testId="e7c77774-5c1b-4188-a8df-374a6cba5f6c" executionId="5917a061-1a5c-4bd9-a154-db02a5f79564" testListId="8c84fa94-04c1-424b-9868-57a2d4851a1d" />
    <TestEntry testId="298d750d-3177-0f12-52cb-4df23fba48ff" executionId="9b2550bd-59b5-4514-8d83-5d71c57ebac0" testListId="8c84fa94-04c1-424b-9868-57a2d4851a1d" />
    <TestEntry testId="ee93126d-0da8-93a5-676b-05aa58130de3" executionId="f094053f-b468-4723-ae31-fa1432b27565" testListId="8c84fa94-04c1-424b-9868-57a2d4851a1d" />
    <TestEntry testId="e391e930-2555-a2aa-e92a-30f367979e28" executionId="bd62d994-1fc0-4495-b6f6-502581eb9f6b" testListId="8c84fa94-04c1-424b-9868-57a2d4851a1d" />
    <TestEntry testId="fd463fe3-6c31-9fb7-8795-db7dfcc1a4a2" executionId="752a5d02-c0c3-4fab-9dea-00884afbe92d" testListId="8c84fa94-04c1-424b-9868-57a2d4851a1d" />
    <TestEntry testId="5f2a8081-934b-c979-2a9a-84f3957dca3c" executionId="1d7eb20f-a375-490a-8a94-a858e71571b1" testListId="8c84fa94-04c1-424b-9868-57a2d4851a1d" />
    <TestEntry testId="989e8ca3-0937-7ecc-6a3f-91bbfcc4e6d2" executionId="26736135-5aee-423d-98af-74969e8e6fa2" testListId="8c84fa94-04c1-424b-9868-57a2d4851a1d" />
    <TestEntry testId="e5d31125-4c67-a313-bfb0-26ea6e47af0d" executionId="a06c266a-9f7b-4882-847b-391567e46083" testListId="8c84fa94-04c1-424b-9868-57a2d4851a1d" />
    <TestEntry testId="9c0d2568-9c94-0c1c-ba59-fc586116b9c8" executionId="b652f52a-fb3c-4cf0-a7b8-b94f54ab4809" testListId="8c84fa94-04c1-424b-9868-57a2d4851a1d" />
    <TestEntry testId="6db2b383-e89c-db30-c3f7-77c38b1f602e" executionId="a6919558-30e2-4e55-ab9b-b01d6205e172" testListId="8c84fa94-04c1-424b-9868-57a2d4851a1d" />
    <TestEntry testId="78041d04-019c-1aa9-e207-96b774f5f5b7" executionId="d3daead6-e1f7-453f-8619-e945418b81ed" testListId="8c84fa94-04c1-424b-9868-57a2d4851a1d" />
    <TestEntry testId="0a6b908d-af4c-8131-8b26-f0514e61728b" executionId="dcffbced-b8da-40a5-81f0-6942550429a3" testListId="8c84fa94-04c1-424b-9868-57a2d4851a1d" />
    <TestEntry testId="03375ae5-edcf-ca04-65eb-7f630e08e9d0" executionId="96eee418-49d7-4164-b7d1-cfb606ebb246" testListId="8c84fa94-04c1-424b-9868-57a2d4851a1d" />
    <TestEntry testId="5a84f82f-f46b-79f1-2640-4656c9704609" executionId="4685d71a-5eaf-4fbe-9166-5b787c64b769" testListId="8c84fa94-04c1-424b-9868-57a2d4851a1d" />
    <TestEntry testId="9099b3db-eb9d-8c88-5d43-216f68b9d455" executionId="86ba2370-e6ed-4a0f-a4e7-cf9f4626cea6" testListId="8c84fa94-04c1-424b-9868-57a2d4851a1d" />
    <TestEntry testId="e8e56561-6dd0-42d7-1add-ce24997409a5" executionId="48377b7d-7292-4b39-aa9c-c68fc24ed2b0" testListId="8c84fa94-04c1-424b-9868-57a2d4851a1d" />
    <TestEntry testId="9956e3c2-10d0-da2c-a49c-ad7f99c94d0a" executionId="37079f02-54db-4f75-9220-97cb4f593359" testListId="8c84fa94-04c1-424b-9868-57a2d4851a1d" />
    <TestEntry testId="e15acd41-f123-c372-ed31-42f60ab4f2f4" executionId="89dc1d03-eee9-4ae4-ba90-9025d3fe6d8e" testListId="8c84fa94-04c1-424b-9868-57a2d4851a1d" />
    <TestEntry testId="14f22ae5-303a-ffa1-fd0b-20030c49a472" executionId="500d7b2b-f77c-446e-b461-0a5b2ea2ddcd" testListId="8c84fa94-04c1-424b-9868-57a2d4851a1d" />
    <TestEntry testId="e8835d94-0b2c-4618-caa2-3c61769b73ac" executionId="41244117-b739-434a-8ff9-8b97fccbbb5c" testListId="8c84fa94-04c1-424b-9868-57a2d4851a1d" />
    <TestEntry testId="302d483a-08c6-b204-0088-2bda8d5a5b34" executionId="8fb1f31c-ca42-4a08-8c17-42ce0c477d1a" testListId="8c84fa94-04c1-424b-9868-57a2d4851a1d" />
    <TestEntry testId="ef008e56-9727-93d1-13d5-2b34d6e88e4e" executionId="a467f32e-17b2-4b3e-aea0-89c06096e263" testListId="8c84fa94-04c1-424b-9868-57a2d4851a1d" />
    <TestEntry testId="09bd8b52-e017-4be8-a63f-93dff07226f3" executionId="e83ce30b-ac83-405e-bb6a-b42c65a2335c" testListId="8c84fa94-04c1-424b-9868-57a2d4851a1d" />
    <TestEntry testId="cff0a1d4-e709-93f7-7096-35a873941649" executionId="b67552b3-cc09-4ba1-8a0c-aca1e74f588d" testListId="8c84fa94-04c1-424b-9868-57a2d4851a1d" />
    <TestEntry testId="a9e11b3a-91d7-c9a8-c0e8-60144c04d004" executionId="d4b138ad-d398-4542-ae56-9828990c5813" testListId="8c84fa94-04c1-424b-9868-57a2d4851a1d" />
    <TestEntry testId="dbdf4258-c10c-5543-6029-91b5e129d52a" executionId="136e6bf1-75a1-44b9-8e15-ccf921ad39ff" testListId="8c84fa94-04c1-424b-9868-57a2d4851a1d" />
    <TestEntry testId="64520385-2337-865c-063e-8054b2ec014b" executionId="c3389380-c2b1-4387-aebe-29cd98419ef0" testListId="8c84fa94-04c1-424b-9868-57a2d4851a1d" />
    <TestEntry testId="450b0359-a24f-cc03-c614-434f9fc59079" executionId="50deab4f-10b4-4846-b478-7d3515a1543d" testListId="8c84fa94-04c1-424b-9868-57a2d4851a1d" />
    <TestEntry testId="c5ebf4fc-f357-48dc-c961-6a68abf5b466" executionId="f3e0f351-8073-4232-9695-7065eed45019" testListId="8c84fa94-04c1-424b-9868-57a2d4851a1d" />
    <TestEntry testId="45bbfc7f-ffac-ddd7-b35e-55786ad25fb1" executionId="083783d7-0718-44ae-8ca5-e1cfa87f03d2" testListId="8c84fa94-04c1-424b-9868-57a2d4851a1d" />
    <TestEntry testId="b0a2dbbe-3c76-4826-d484-62489de2e65f" executionId="ac632791-a4e8-4910-9c9e-4266cb27aaf6" testListId="8c84fa94-04c1-424b-9868-57a2d4851a1d" />
    <TestEntry testId="e56f42ed-1f3a-9ec1-9324-0b913dc54589" executionId="e4cb84e3-3a48-458e-b62b-2d08d121753d" testListId="8c84fa94-04c1-424b-9868-57a2d4851a1d" />
    <TestEntry testId="9d86e5e1-7827-b88a-19d9-3e66fead0b2a" executionId="560c383e-2bf7-4398-b1d0-c44902863019" testListId="8c84fa94-04c1-424b-9868-57a2d4851a1d" />
    <TestEntry testId="2bf55f21-bb27-be24-f1ba-32e96dc166fc" executionId="6dbe16d1-6249-4015-b87c-683750f1a2bf" testListId="8c84fa94-04c1-424b-9868-57a2d4851a1d" />
    <TestEntry testId="095c02f5-70e4-d487-7709-e3d1996dbafa" executionId="070728aa-fe2c-42c5-ad81-7498bb7d8b34" testListId="8c84fa94-04c1-424b-9868-57a2d4851a1d" />
    <TestEntry testId="cd151be4-5e9b-99a0-31fd-10cb863372c0" executionId="f2350eb6-65d2-4131-8cad-f0829b7689e2" testListId="8c84fa94-04c1-424b-9868-57a2d4851a1d" />
    <TestEntry testId="98cb420e-7463-ff82-2775-4c337fd1d527" executionId="48edaf0c-f1f7-48b7-bf39-a530b17e7e0c" testListId="8c84fa94-04c1-424b-9868-57a2d4851a1d" />
    <TestEntry testId="34ec21ae-0f1b-bc60-b64d-5e5c9239c0a5" executionId="8c8e2d93-5402-498c-a456-f17961853a11" testListId="8c84fa94-04c1-424b-9868-57a2d4851a1d" />
    <TestEntry testId="be621f59-11cf-f780-48c9-ca0a1b6543da" executionId="34604f73-3c2f-4fcd-b6c5-6008d633c695" testListId="8c84fa94-04c1-424b-9868-57a2d4851a1d" />
    <TestEntry testId="851536ad-bb79-22aa-1ca1-15dc073b3cee" executionId="ac11f0be-5060-4721-90eb-56fbc14c3f83" testListId="8c84fa94-04c1-424b-9868-57a2d4851a1d" />
    <TestEntry testId="04fc33ec-cbd9-2e55-0292-3909a9df6f27" executionId="eb086dad-80b7-489c-b840-10616193a7e3" testListId="8c84fa94-04c1-424b-9868-57a2d4851a1d" />
    <TestEntry testId="6d19509d-9c91-986c-331a-cd8f461f4ae1" executionId="f72af887-3808-43c7-b09b-ec30e535d06d" testListId="8c84fa94-04c1-424b-9868-57a2d4851a1d" />
    <TestEntry testId="117ec289-1236-d0c2-fc2c-549c07656673" executionId="1662994a-cb1d-4be5-9c7c-97f6e952bb36" testListId="8c84fa94-04c1-424b-9868-57a2d4851a1d" />
    <TestEntry testId="16132ed8-7516-c0f7-d243-6bc5ba757417" executionId="98fef292-95b1-4e90-add3-a24add524e9d" testListId="8c84fa94-04c1-424b-9868-57a2d4851a1d" />
    <TestEntry testId="7787a5f8-c196-25be-d3b7-a9411ac52ce4" executionId="923125f0-f236-464c-b8c2-d6eb6f1de7dd" testListId="8c84fa94-04c1-424b-9868-57a2d4851a1d" />
    <TestEntry testId="f077b2af-2ae9-19b0-d738-d1ce0c2ff960" executionId="40924b56-5886-4b0c-b409-5a4ce856bd50" testListId="8c84fa94-04c1-424b-9868-57a2d4851a1d" />
    <TestEntry testId="9f6669ef-b032-ee46-600b-30890bc94d0f" executionId="973d0114-57f8-4d16-ac87-5e68e763bf9b" testListId="8c84fa94-04c1-424b-9868-57a2d4851a1d" />
    <TestEntry testId="38a4ebde-34a6-b1ae-928c-7fa504760b3e" executionId="a6e2ad8b-d2c1-49c2-97e9-1a6157762b15" testListId="8c84fa94-04c1-424b-9868-57a2d4851a1d" />
    <TestEntry testId="7a6394ad-13f3-c607-8b19-fd86fde424bd" executionId="47012677-896f-4360-a2e6-9aa483f99103" testListId="8c84fa94-04c1-424b-9868-57a2d4851a1d" />
    <TestEntry testId="40138918-b77e-fa41-5668-12d6bc6d4697" executionId="598d83de-32ba-4af6-ae68-9f400aa8d704" testListId="8c84fa94-04c1-424b-9868-57a2d4851a1d" />
    <TestEntry testId="319245f5-4b87-119b-975c-448b98c606bf" executionId="236b3c12-8913-4f6c-9b6c-be3fd1739873" testListId="8c84fa94-04c1-424b-9868-57a2d4851a1d" />
    <TestEntry testId="33c707db-10d5-5517-a6da-3af497a3ac5c" executionId="24e5156c-1444-4715-b060-bb84fb0cd434" testListId="8c84fa94-04c1-424b-9868-57a2d4851a1d" />
    <TestEntry testId="5e0f387e-989c-f3d2-5117-8dbe9d74a27d" executionId="df324165-0cc8-46d1-895a-4ad520a9ac00" testListId="8c84fa94-04c1-424b-9868-57a2d4851a1d" />
    <TestEntry testId="5cb1ced8-76ce-415a-9697-29b901401aa1" executionId="b015b3d4-28c5-42f4-a45d-e9e51369a24d" testListId="8c84fa94-04c1-424b-9868-57a2d4851a1d" />
    <TestEntry testId="2b215ebe-9db3-14be-4373-e939c95047d2" executionId="c7336f76-8144-4338-b4a3-efac7361f341" testListId="8c84fa94-04c1-424b-9868-57a2d4851a1d" />
    <TestEntry testId="b4097c87-087e-f264-c2b9-12f61dc78d7e" executionId="b7e782e9-791a-4495-af27-51f3ac353022" testListId="8c84fa94-04c1-424b-9868-57a2d4851a1d" />
    <TestEntry testId="f730cfac-c798-4a29-8a21-69034f2c0eb6" executionId="0b1866ed-7624-4462-9ea7-45f9a0dfc7bf" testListId="8c84fa94-04c1-424b-9868-57a2d4851a1d" />
    <TestEntry testId="c3a19e89-2479-e26d-0a64-6b63652ecf5e" executionId="e30788ca-41c4-43a0-9495-13057d7ac39b" testListId="8c84fa94-04c1-424b-9868-57a2d4851a1d" />
    <TestEntry testId="4fecb1e7-d801-f109-67b7-b4c2dd480b73" executionId="6b447adb-80e5-4e88-89b3-07846e00c61d" testListId="8c84fa94-04c1-424b-9868-57a2d4851a1d" />
    <TestEntry testId="5664b15b-ca58-408d-2363-2ad47316f273" executionId="cc5ff33e-ccba-40aa-94dc-6fbf7d42aaaa" testListId="8c84fa94-04c1-424b-9868-57a2d4851a1d" />
    <TestEntry testId="568f3019-c03e-ea6d-09eb-049a6a7672e6" executionId="8790859e-be97-4320-a320-ec5ec23e8a1d" testListId="8c84fa94-04c1-424b-9868-57a2d4851a1d" />
    <TestEntry testId="7b0b2c33-768d-2cc0-ddcb-b1aee4914254" executionId="c8c93e3c-d84d-4b0f-ba29-f94222d26649" testListId="8c84fa94-04c1-424b-9868-57a2d4851a1d" />
    <TestEntry testId="b4b781ec-5045-4c64-b0a9-310ee34b6150" executionId="5953e304-1059-482c-a331-276e39deda06" testListId="8c84fa94-04c1-424b-9868-57a2d4851a1d" />
    <TestEntry testId="1ad6a912-7e34-27be-4bef-55a1f817aca7" executionId="4d7d28a8-0d94-4a3f-aa38-8af87a01529e" testListId="8c84fa94-04c1-424b-9868-57a2d4851a1d" />
    <TestEntry testId="63defb3f-49b5-d8e0-0730-464efb7d6df7" executionId="b4cd6263-bd9b-4196-8857-708feb5aeb94" testListId="8c84fa94-04c1-424b-9868-57a2d4851a1d" />
    <TestEntry testId="334f8f85-24cd-77ac-53e1-0a7a5db2e828" executionId="7cf0b347-ee4c-4976-b837-eb0719f99919" testListId="8c84fa94-04c1-424b-9868-57a2d4851a1d" />
    <TestEntry testId="39b7a7ae-f695-43de-feb2-ffaad41ca208" executionId="336bc9bf-c865-4f19-a341-0a88e07b1a57" testListId="8c84fa94-04c1-424b-9868-57a2d4851a1d" />
    <TestEntry testId="dcebeb79-6c8d-e606-2fed-75c028bac990" executionId="cf481d1b-0310-4b69-962e-537171e1747e" testListId="8c84fa94-04c1-424b-9868-57a2d4851a1d" />
    <TestEntry testId="0e1f0008-591c-c60e-cb15-4b8ec270c841" executionId="51b7501d-acdb-4078-9435-72109e0233f7" testListId="8c84fa94-04c1-424b-9868-57a2d4851a1d" />
    <TestEntry testId="cc55b981-ba74-035b-8ab3-14cd5d4cf5cc" executionId="e9a3f858-be70-49e2-a10c-c4967382d4d1" testListId="8c84fa94-04c1-424b-9868-57a2d4851a1d" />
    <TestEntry testId="c62ec870-8edc-7255-3242-88b38e11ca8d" executionId="e515fa09-ff22-4504-8819-3167b38907dc" testListId="8c84fa94-04c1-424b-9868-57a2d4851a1d" />
    <TestEntry testId="ed2de545-3d05-1933-d4d5-03e29f33be08" executionId="3077f6fa-b9eb-42a6-9a0e-45482b43d93b" testListId="8c84fa94-04c1-424b-9868-57a2d4851a1d" />
  </TestEntries>
  <TestLists>
    <TestList name="Results Not in a List" id="8c84fa94-04c1-424b-9868-57a2d4851a1d" />
    <TestList name="All Loaded Results" id="19431567-8539-422a-85d7-44ee4e166bda" />
  </TestLists>
  <ResultSummary outcome="Completed">
    <Counters total="569" executed="569" passed="569" failed="0" error="0" timeout="0" aborted="0" inconclusive="0" passedButRunAborted="0" notRunnable="0" notExecuted="0" disconnected="0" warning="0" completed="0" inProgress="0" pending="0" />
  </ResultSummary>
</TestRun>